# JRE version: Java(TM) SE Runtime Environment (17.0.6+9) (build 17.0.6+9-LTS-190)
# Java VM: Java HotSpot(TM) 64-Bit Server VM (17.0.6+9-LTS-190, mixed mode, emulated-client, sharing, tiered, compressed oops, compressed class ptrs, g1 gc, windows-amd64)
GC Precious Log:
 CPUs: 8 total, 8 available
 Memory: 16064M
 Large Page Support: Disabled
 NUMA Support: Disabled
 Compressed Oops: Enabled (Zero based)
 Heap Region Size: 2M
 Heap Min Capacity: 8M
 Heap Initial Capacity: 252M
 Heap Max Capacity: 4018M
 Pre-touch: Disabled
 Parallel Workers: 8
 Concurrent Workers: 2
 Concurrent Refinement Workers: 8
 Periodic GC: Disabled
Heap:
 garbage-first heap   total 1179648K, used 226347K [0x00000004d8800000, 0x00000005d3a00000)
  region size 2048K, 17 young (34816K), 17 survivors (34816K)
 Metaspace       used 106769K, committed 107456K, reserved 1146880K
  class space    used 13819K, committed 14144K, reserved 1048576K
GC Heap History (20 events):
Event: 5.211 GC heap after
{Heap after GC invocations=18 (full 0):
 garbage-first heap   total 1179648K, used 246591K [0x00000004d8800000, 0x00000005d3a00000)
  region size 2048K, 15 young (30720K), 15 survivors (30720K)
 Metaspace       used 43278K, committed 43840K, reserved 1089536K
  class space    used 6324K, committed 6592K, reserved 1048576K
}
Event: 6.455 GC heap before
{Heap before GC invocations=18 (full 0):
 garbage-first heap   total 1179648K, used 469823K [0x00000004d8800000, 0x00000005d3a00000)
  region size 2048K, 125 young (256000K), 15 survivors (30720K)
 Metaspace       used 52975K, committed 53568K, reserved 1097728K
  class space    used 7400K, committed 7680K, reserved 1048576K
}
Event: 6.471 GC heap after
{Heap after GC invocations=19 (full 0):
 garbage-first heap   total 1179648K, used 262392K [0x00000004d8800000, 0x00000005d3a00000)
  region size 2048K, 23 young (47104K), 23 survivors (47104K)
 Metaspace       used 52975K, committed 53568K, reserved 1097728K
  class space    used 7400K, committed 7680K, reserved 1048576K
}
Event: 10676.886 GC heap before
{Heap before GC invocations=20 (full 0):
 garbage-first heap   total 901120K, used 638393K [0x00000004d8800000, 0x00000005d3a00000)
  region size 2048K, 209 young (428032K), 23 survivors (47104K)
 Metaspace       used 91107K, committed 91776K, reserved 1130496K
  class space    used 12185K, committed 12544K, reserved 1048576K
}
Event: 10677.444 GC heap after
{Heap after GC invocations=21 (full 0):
 garbage-first heap   total 901120K, used 285828K [0x00000004d8800000, 0x00000005d3a00000)
  region size 2048K, 22 young (45056K), 22 survivors (45056K)
 Metaspace       used 91107K, committed 91776K, reserved 1130496K
  class space    used 12185K, committed 12544K, reserved 1048576K
}
Event: 10677.520 GC heap before
{Heap before GC invocations=21 (full 0):
 garbage-first heap   total 901120K, used 285828K [0x00000004d8800000, 0x00000005d3a00000)
  region size 2048K, 23 young (47104K), 22 survivors (45056K)
 Metaspace       used 91434K, committed 92096K, reserved 1130496K
  class space    used 12213K, committed 12544K, reserved 1048576K
}
Event: 10677.704 GC heap after
{Heap after GC invocations=22 (full 0):
 garbage-first heap   total 901120K, used 236962K [0x00000004d8800000, 0x00000005d3a00000)
  region size 2048K, 2 young (4096K), 2 survivors (4096K)
 Metaspace       used 91434K, committed 92096K, reserved 1130496K
  class space    used 12213K, committed 12544K, reserved 1048576K
}
Event: 10677.741 GC heap before
{Heap before GC invocations=22 (full 0):
 garbage-first heap   total 901120K, used 236962K [0x00000004d8800000, 0x00000005d3a00000)
  region size 2048K, 3 young (6144K), 2 survivors (4096K)
 Metaspace       used 91728K, committed 92416K, reserved 1130496K
  class space    used 12240K, committed 12608K, reserved 1048576K
}
Event: 10677.766 GC heap after
{Heap after GC invocations=23 (full 0):
 garbage-first heap   total 901120K, used 234860K [0x00000004d8800000, 0x00000005d3a00000)
  region size 2048K, 1 young (2048K), 1 survivors (2048K)
 Metaspace       used 91728K, committed 92416K, reserved 1130496K
  class space    used 12240K, committed 12608K, reserved 1048576K
}
Event: 10689.646 GC heap before
{Heap before GC invocations=24 (full 0):
 garbage-first heap   total 786432K, used 683372K [0x00000004d8800000, 0x00000005d3a00000)
  region size 2048K, 228 young (466944K), 1 survivors (2048K)
 Metaspace       used 99082K, committed 99712K, reserved 1138688K
  class space    used 13199K, committed 13504K, reserved 1048576K
}
Event: 10689.731 GC heap after
{Heap after GC invocations=25 (full 0):
 garbage-first heap   total 786432K, used 255618K [0x00000004d8800000, 0x00000005d3a00000)
  region size 2048K, 19 young (38912K), 19 survivors (38912K)
 Metaspace       used 99082K, committed 99712K, reserved 1138688K
  class space    used 13199K, committed 13504K, reserved 1048576K
}
Event: 10689.735 GC heap before
{Heap before GC invocations=25 (full 0):
 garbage-first heap   total 786432K, used 257666K [0x00000004d8800000, 0x00000005d3a00000)
  region size 2048K, 20 young (40960K), 19 survivors (38912K)
 Metaspace       used 99082K, committed 99712K, reserved 1138688K
  class space    used 13199K, committed 13504K, reserved 1048576K
}
Event: 10689.804 GC heap after
{Heap after GC invocations=26 (full 0):
 garbage-first heap   total 786432K, used 196735K [0x00000004d8800000, 0x00000005d3a00000)
  region size 2048K, 2 young (4096K), 2 survivors (4096K)
 Metaspace       used 99082K, committed 99712K, reserved 1138688K
  class space    used 13199K, committed 13504K, reserved 1048576K
}
Event: 10690.339 GC heap before
{Heap before GC invocations=26 (full 0):
 garbage-first heap   total 786432K, used 598143K [0x00000004d8800000, 0x00000005d3a00000)
  region size 2048K, 199 young (407552K), 2 survivors (4096K)
 Metaspace       used 99254K, committed 99968K, reserved 1138688K
  class space    used 13220K, committed 13568K, reserved 1048576K
}
Event: 10690.358 GC heap after
{Heap after GC invocations=27 (full 0):
 garbage-first heap   total 786432K, used 232793K [0x00000004d8800000, 0x00000005d3a00000)
  region size 2048K, 20 young (40960K), 20 survivors (40960K)
 Metaspace       used 99254K, committed 99968K, reserved 1138688K
  class space    used 13220K, committed 13568K, reserved 1048576K
}
Event: 10690.816 GC heap before
{Heap before GC invocations=28 (full 0):
 garbage-first heap   total 786432K, used 607577K [0x00000004d8800000, 0x00000005d3a00000)
  region size 2048K, 204 young (417792K), 20 survivors (40960K)
 Metaspace       used 98065K, committed 99072K, reserved 1138688K
  class space    used 13070K, committed 13504K, reserved 1048576K
}
Event: 10690.828 GC heap after
{Heap after GC invocations=29 (full 0):
 garbage-first heap   total 786432K, used 209848K [0x00000004d8800000, 0x00000005d3a00000)
  region size 2048K, 6 young (12288K), 6 survivors (12288K)
 Metaspace       used 98065K, committed 99072K, reserved 1138688K
  class space    used 13070K, committed 13504K, reserved 1048576K
}
Event: 10690.852 GC heap before
{Heap before GC invocations=29 (full 0):
 garbage-first heap   total 786432K, used 234424K [0x00000004d8800000, 0x00000005d3a00000)
  region size 2048K, 19 young (38912K), 6 survivors (12288K)
 Metaspace       used 98088K, committed 99072K, reserved 1138688K
  class space    used 13072K, committed 13504K, reserved 1048576K
}
Event: 10690.874 GC heap after
{Heap after GC invocations=30 (full 0):
 garbage-first heap   total 786432K, used 197960K [0x00000004d8800000, 0x00000005d3a00000)
  region size 2048K, 3 young (6144K), 3 survivors (6144K)
 Metaspace       used 98088K, committed 99072K, reserved 1138688K
  class space    used 13072K, committed 13504K, reserved 1048576K
}
Event: 10694.302 GC heap before
{Heap before GC invocations=30 (full 0):
 garbage-first heap   total 786432K, used 605512K [0x00000004d8800000, 0x00000005d3a00000)
  region size 2048K, 204 young (417792K), 3 survivors (6144K)
 Metaspace       used 106769K, committed 107456K, reserved 1146880K
  class space    used 13819K, committed 14144K, reserved 1048576K
}

