# JRE version: Java(TM) SE Runtime Environment (17.0.6+9) (build 17.0.6+9-LTS-190)
# Java VM: Java HotSpot(TM) 64-Bit Server VM (17.0.6+9-LTS-190, mixed mode, sharing, tiered, compressed oops, compressed class ptrs, g1 gc, windows-amd64)
GC Precious Log:
 CPUs: 8 total, 8 available
 Memory: 16064M
 Large Page Support: Disabled
 NUMA Support: Disabled
 Compressed Oops: Enabled (Zero based)
 Heap Region Size: 2M
 Heap Min Capacity: 8M
 Heap Initial Capacity: 252M
 Heap Max Capacity: 4018M
 Pre-touch: Disabled
 Parallel Workers: 8
 Concurrent Workers: 2
 Concurrent Refinement Workers: 8
 Periodic GC: Disabled
Heap:
 garbage-first heap   total 571392K, used 271797K [0x0000000704e00000, 0x0000000800000000)
  region size 2048K, 12 young (24576K), 2 survivors (4096K)
 Metaspace       used 30702K, committed 31040K, reserved 1081344K
  class space    used 3256K, committed 3392K, reserved 1048576K
GC Heap History (20 events):
Event: 12.472 GC heap before
{Heap before GC invocations=8 (full 0):
 garbage-first heap   total 258048K, used 189898K [0x0000000704e00000, 0x0000000800000000)
  region size 2048K, 49 young (100352K), 7 survivors (14336K)
 Metaspace       used 19101K, committed 19392K, reserved 1073152K
  class space    used 2029K, committed 2176K, reserved 1048576K
}
Event: 12.486 GC heap after
{Heap after GC invocations=9 (full 0):
 garbage-first heap   total 317440K, used 113580K [0x0000000704e00000, 0x0000000800000000)
  region size 2048K, 5 young (10240K), 5 survivors (10240K)
 Metaspace       used 19101K, committed 19392K, reserved 1073152K
  class space    used 2029K, committed 2176K, reserved 1048576K
}
Event: 14.040 GC heap before
{Heap before GC invocations=9 (full 0):
 garbage-first heap   total 317440K, used 228268K [0x0000000704e00000, 0x0000000800000000)
  region size 2048K, 60 young (122880K), 5 survivors (10240K)
 Metaspace       used 19454K, committed 19776K, reserved 1073152K
  class space    used 2064K, committed 2240K, reserved 1048576K
}
Event: 14.070 GC heap after
{Heap after GC invocations=10 (full 0):
 garbage-first heap   total 317440K, used 160895K [0x0000000704e00000, 0x0000000800000000)
  region size 2048K, 8 young (16384K), 8 survivors (16384K)
 Metaspace       used 19454K, committed 19776K, reserved 1073152K
  class space    used 2064K, committed 2240K, reserved 1048576K
}
Event: 14.750 GC heap before
{Heap before GC invocations=10 (full 0):
 garbage-first heap   total 317440K, used 240767K [0x0000000704e00000, 0x0000000800000000)
  region size 2048K, 47 young (96256K), 8 survivors (16384K)
 Metaspace       used 19975K, committed 20224K, reserved 1073152K
  class space    used 2109K, committed 2240K, reserved 1048576K
}
Event: 14.781 GC heap after
{Heap after GC invocations=11 (full 0):
 garbage-first heap   total 317440K, used 171940K [0x0000000704e00000, 0x0000000800000000)
  region size 2048K, 5 young (10240K), 5 survivors (10240K)
 Metaspace       used 19975K, committed 20224K, reserved 1073152K
  class space    used 2109K, committed 2240K, reserved 1048576K
}
Event: 17.440 GC heap before
{Heap before GC invocations=12 (full 0):
 garbage-first heap   total 317440K, used 241572K [0x0000000704e00000, 0x0000000800000000)
  region size 2048K, 41 young (83968K), 5 survivors (10240K)
 Metaspace       used 27017K, committed 27392K, reserved 1081344K
  class space    used 2930K, committed 3136K, reserved 1048576K
}
Event: 17.458 GC heap after
{Heap after GC invocations=13 (full 0):
 garbage-first heap   total 317440K, used 188416K [0x0000000704e00000, 0x0000000800000000)
  region size 2048K, 6 young (12288K), 6 survivors (12288K)
 Metaspace       used 27017K, committed 27392K, reserved 1081344K
  class space    used 2930K, committed 3136K, reserved 1048576K
}
Event: 17.490 GC heap before
{Heap before GC invocations=13 (full 0):
 garbage-first heap   total 317440K, used 190464K [0x0000000704e00000, 0x0000000800000000)
  region size 2048K, 7 young (14336K), 6 survivors (12288K)
 Metaspace       used 27019K, committed 27392K, reserved 1081344K
  class space    used 2930K, committed 3136K, reserved 1048576K
}
Event: 17.497 GC heap after
{Heap after GC invocations=14 (full 0):
 garbage-first heap   total 317440K, used 189103K [0x0000000704e00000, 0x0000000800000000)
  region size 2048K, 1 young (2048K), 1 survivors (2048K)
 Metaspace       used 27019K, committed 27392K, reserved 1081344K
  class space    used 2930K, committed 3136K, reserved 1048576K
}
Event: 18.125 GC heap before
{Heap before GC invocations=14 (full 0):
 garbage-first heap   total 317440K, used 248495K [0x0000000704e00000, 0x0000000800000000)
  region size 2048K, 30 young (61440K), 1 survivors (2048K)
 Metaspace       used 27103K, committed 27456K, reserved 1081344K
  class space    used 2931K, committed 3136K, reserved 1048576K
}
Event: 18.137 GC heap after
{Heap after GC invocations=15 (full 0):
 garbage-first heap   total 317440K, used 204116K [0x0000000704e00000, 0x0000000800000000)
  region size 2048K, 4 young (8192K), 4 survivors (8192K)
 Metaspace       used 27103K, committed 27456K, reserved 1081344K
  class space    used 2931K, committed 3136K, reserved 1048576K
}
Event: 19.321 GC heap before
{Heap before GC invocations=16 (full 0):
 garbage-first heap   total 358400K, used 253268K [0x0000000704e00000, 0x0000000800000000)
  region size 2048K, 27 young (55296K), 4 survivors (8192K)
 Metaspace       used 27439K, committed 27776K, reserved 1081344K
  class space    used 2977K, committed 3136K, reserved 1048576K
}
Event: 19.336 GC heap after
{Heap after GC invocations=17 (full 0):
 garbage-first heap   total 358400K, used 222686K [0x0000000704e00000, 0x0000000800000000)
  region size 2048K, 4 young (8192K), 4 survivors (8192K)
 Metaspace       used 27439K, committed 27776K, reserved 1081344K
  class space    used 2977K, committed 3136K, reserved 1048576K
}
Event: 19.440 GC heap before
{Heap before GC invocations=17 (full 0):
 garbage-first heap   total 358400K, used 230878K [0x0000000704e00000, 0x0000000800000000)
  region size 2048K, 8 young (16384K), 4 survivors (8192K)
 Metaspace       used 27439K, committed 27776K, reserved 1081344K
  class space    used 2977K, committed 3136K, reserved 1048576K
}
Event: 19.449 GC heap after
{Heap after GC invocations=18 (full 0):
 garbage-first heap   total 571392K, used 223887K [0x0000000704e00000, 0x0000000800000000)
  region size 2048K, 1 young (2048K), 1 survivors (2048K)
 Metaspace       used 27439K, committed 27776K, reserved 1081344K
  class space    used 2977K, committed 3136K, reserved 1048576K
}
Event: 21.914 GC heap before
{Heap before GC invocations=18 (full 0):
 garbage-first heap   total 571392K, used 402063K [0x0000000704e00000, 0x0000000800000000)
  region size 2048K, 87 young (178176K), 1 survivors (2048K)
 Metaspace       used 29098K, committed 29440K, reserved 1081344K
  class space    used 3087K, committed 3264K, reserved 1048576K
}
Event: 21.945 GC heap after
{Heap after GC invocations=19 (full 0):
 garbage-first heap   total 571392K, used 249476K [0x0000000704e00000, 0x0000000800000000)
  region size 2048K, 11 young (22528K), 11 survivors (22528K)
 Metaspace       used 29098K, committed 29440K, reserved 1081344K
  class space    used 3087K, committed 3264K, reserved 1048576K
}
Event: 24.861 GC heap before
{Heap before GC invocations=19 (full 0):
 garbage-first heap   total 571392K, used 413316K [0x0000000704e00000, 0x0000000800000000)
  region size 2048K, 91 young (186368K), 11 survivors (22528K)
 Metaspace       used 30698K, committed 31040K, reserved 1081344K
  class space    used 3256K, committed 3392K, reserved 1048576K
}
Event: 24.882 GC heap after
{Heap after GC invocations=20 (full 0):
 garbage-first heap   total 571392K, used 253365K [0x0000000704e00000, 0x0000000800000000)
  region size 2048K, 2 young (4096K), 2 survivors (4096K)
 Metaspace       used 30698K, committed 31040K, reserved 1081344K
  class space    used 3256K, committed 3392K, reserved 1048576K
}

