# JRE version: Java(TM) SE Runtime Environment (17.0.6+9) (build 17.0.6+9-LTS-190)
# Java VM: Java HotSpot(TM) 64-Bit Server VM (17.0.6+9-LTS-190, mixed mode, emulated-client, sharing, tiered, compressed oops, compressed class ptrs, g1 gc, windows-amd64)
GC Precious Log:
 CPUs: 8 total, 8 available
 Memory: 16064M
 Large Page Support: Disabled
 NUMA Support: Disabled
 Compressed Oops: Enabled (Zero based)
 Heap Region Size: 2M
 Heap Min Capacity: 8M
 Heap Initial Capacity: 252M
 Heap Max Capacity: 4018M
 Pre-touch: Disabled
 Parallel Workers: 8
 Concurrent Workers: 2
 Concurrent Refinement Workers: 8
 Periodic GC: Disabled
Heap:
 garbage-first heap   total 821248K, used 255868K [0x0000000704e00000, 0x0000000800000000)
  region size 2048K, 12 young (24576K), 12 survivors (24576K)
 Metaspace       used 44369K, committed 44864K, reserved 1089536K
  class space    used 6611K, committed 6848K, reserved 1048576K
GC Heap History (20 events):
Event: 1.344 GC heap after
{Heap after GC invocations=6 (full 0):
 garbage-first heap   total 423936K, used 68782K [0x0000000704e00000, 0x0000000800000000)
  region size 2048K, 2 young (4096K), 2 survivors (4096K)
 Metaspace       used 7512K, committed 7744K, reserved 1056768K
  class space    used 1009K, committed 1088K, reserved 1048576K
}
Event: 2.040 GC heap before
{Heap before GC invocations=6 (full 0):
 garbage-first heap   total 423936K, used 205998K [0x0000000704e00000, 0x0000000800000000)
  region size 2048K, 69 young (141312K), 2 survivors (4096K)
 Metaspace       used 19726K, committed 20224K, reserved 1073152K
  class space    used 2661K, committed 2880K, reserved 1048576K
}
Event: 2.048 GC heap after
{Heap after GC invocations=7 (full 0):
 garbage-first heap   total 423936K, used 77378K [0x0000000704e00000, 0x0000000800000000)
  region size 2048K, 6 young (12288K), 6 survivors (12288K)
 Metaspace       used 19726K, committed 20224K, reserved 1073152K
  class space    used 2661K, committed 2880K, reserved 1048576K
}
Event: 2.178 GC heap before
{Heap before GC invocations=7 (full 0):
 garbage-first heap   total 423936K, used 112194K [0x0000000704e00000, 0x0000000800000000)
  region size 2048K, 24 young (49152K), 6 survivors (12288K)
 Metaspace       used 21052K, committed 21504K, reserved 1073152K
  class space    used 2856K, committed 3072K, reserved 1048576K
}
Event: 2.185 GC heap after
{Heap after GC invocations=8 (full 0):
 garbage-first heap   total 423936K, used 80244K [0x0000000704e00000, 0x0000000800000000)
  region size 2048K, 8 young (16384K), 8 survivors (16384K)
 Metaspace       used 21052K, committed 21504K, reserved 1073152K
  class space    used 2856K, committed 3072K, reserved 1048576K
}
Event: 2.867 GC heap before
{Heap before GC invocations=9 (full 0):
 garbage-first heap   total 342016K, used 295284K [0x0000000704e00000, 0x0000000800000000)
  region size 2048K, 114 young (233472K), 8 survivors (16384K)
 Metaspace       used 30780K, committed 31424K, reserved 1081344K
  class space    used 4213K, committed 4480K, reserved 1048576K
}
Event: 2.881 GC heap after
{Heap after GC invocations=10 (full 0):
 garbage-first heap   total 342016K, used 88250K [0x0000000704e00000, 0x0000000800000000)
  region size 2048K, 12 young (24576K), 12 survivors (24576K)
 Metaspace       used 30780K, committed 31424K, reserved 1081344K
  class space    used 4213K, committed 4480K, reserved 1048576K
}
Event: 2.887 GC heap before
{Heap before GC invocations=10 (full 0):
 garbage-first heap   total 342016K, used 90298K [0x0000000704e00000, 0x0000000800000000)
  region size 2048K, 13 young (26624K), 12 survivors (24576K)
 Metaspace       used 30825K, committed 31424K, reserved 1081344K
  class space    used 4222K, committed 4480K, reserved 1048576K
}
Event: 2.900 GC heap after
{Heap after GC invocations=11 (full 0):
 garbage-first heap   total 342016K, used 89768K [0x0000000704e00000, 0x0000000800000000)
  region size 2048K, 2 young (4096K), 2 survivors (4096K)
 Metaspace       used 30825K, committed 31424K, reserved 1081344K
  class space    used 4222K, committed 4480K, reserved 1048576K
}
Event: 3.174 GC heap before
{Heap before GC invocations=11 (full 0):
 garbage-first heap   total 342016K, used 257704K [0x0000000704e00000, 0x0000000800000000)
  region size 2048K, 85 young (174080K), 2 survivors (4096K)
 Metaspace       used 33426K, committed 34048K, reserved 1081344K
  class space    used 4700K, committed 4992K, reserved 1048576K
}
Event: 3.186 GC heap after
{Heap after GC invocations=12 (full 0):
 garbage-first heap   total 821248K, used 104118K [0x0000000704e00000, 0x0000000800000000)
  region size 2048K, 9 young (18432K), 9 survivors (18432K)
 Metaspace       used 33426K, committed 34048K, reserved 1081344K
  class space    used 4700K, committed 4992K, reserved 1048576K
}
Event: 3.960 GC heap before
{Heap before GC invocations=13 (full 0):
 garbage-first heap   total 821248K, used 575158K [0x0000000704e00000, 0x0000000800000000)
  region size 2048K, 240 young (491520K), 9 survivors (18432K)
 Metaspace       used 38944K, committed 39488K, reserved 1089536K
  class space    used 5840K, committed 6080K, reserved 1048576K
}
Event: 3.996 GC heap after
{Heap after GC invocations=14 (full 0):
 garbage-first heap   total 821248K, used 160383K [0x0000000704e00000, 0x0000000800000000)
  region size 2048K, 30 young (61440K), 30 survivors (61440K)
 Metaspace       used 38944K, committed 39488K, reserved 1089536K
  class space    used 5840K, committed 6080K, reserved 1048576K
}
Event: 4.001 GC heap before
{Heap before GC invocations=14 (full 0):
 garbage-first heap   total 821248K, used 162431K [0x0000000704e00000, 0x0000000800000000)
  region size 2048K, 31 young (63488K), 30 survivors (61440K)
 Metaspace       used 38944K, committed 39488K, reserved 1089536K
  class space    used 5840K, committed 6080K, reserved 1048576K
}
Event: 4.028 GC heap after
{Heap after GC invocations=15 (full 0):
 garbage-first heap   total 821248K, used 168269K [0x0000000704e00000, 0x0000000800000000)
  region size 2048K, 4 young (8192K), 4 survivors (8192K)
 Metaspace       used 38944K, committed 39488K, reserved 1089536K
  class space    used 5840K, committed 6080K, reserved 1048576K
}
Event: 4.400 GC heap before
{Heap before GC invocations=15 (full 0):
 garbage-first heap   total 821248K, used 581965K [0x0000000704e00000, 0x0000000800000000)
  region size 2048K, 207 young (423936K), 4 survivors (8192K)
 Metaspace       used 39114K, committed 39616K, reserved 1089536K
  class space    used 5859K, committed 6080K, reserved 1048576K
}
Event: 4.446 GC heap after
{Heap after GC invocations=16 (full 0):
 garbage-first heap   total 821248K, used 220028K [0x0000000704e00000, 0x0000000800000000)
  region size 2048K, 26 young (53248K), 26 survivors (53248K)
 Metaspace       used 39114K, committed 39616K, reserved 1089536K
  class space    used 5859K, committed 6080K, reserved 1048576K
}
Event: 4.878 GC heap before
{Heap before GC invocations=16 (full 0):
 garbage-first heap   total 821248K, used 590716K [0x0000000704e00000, 0x0000000800000000)
  region size 2048K, 208 young (425984K), 26 survivors (53248K)
 Metaspace       used 40123K, committed 40640K, reserved 1089536K
  class space    used 6013K, committed 6272K, reserved 1048576K
}
Event: 4.906 GC heap after
{Heap after GC invocations=17 (full 0):
 garbage-first heap   total 821248K, used 238891K [0x0000000704e00000, 0x0000000800000000)
  region size 2048K, 15 young (30720K), 15 survivors (30720K)
 Metaspace       used 40123K, committed 40640K, reserved 1089536K
  class space    used 6013K, committed 6272K, reserved 1048576K
}
Event: 5.723 GC heap before
{Heap before GC invocations=17 (full 0):
 garbage-first heap   total 821248K, used 615723K [0x0000000704e00000, 0x0000000800000000)
  region size 2048K, 199 young (407552K), 15 survivors (30720K)
 Metaspace       used 44369K, committed 44864K, reserved 1089536K
  class space    used 6611K, committed 6848K, reserved 1048576K
}

