# JRE version: Java(TM) SE Runtime Environment (17.0.6+9) (build 17.0.6+9-LTS-190)
# Java VM: Java HotSpot(TM) 64-Bit Server VM (17.0.6+9-LTS-190, mixed mode, sharing, tiered, compressed oops, compressed class ptrs, g1 gc, windows-amd64)
GC Precious Log:
 CPUs: 8 total, 8 available
 Memory: 16064M
 Large Page Support: Disabled
 NUMA Support: Disabled
 Compressed Oops: Enabled (Zero based)
 Heap Region Size: 2M
 Heap Min Capacity: 8M
 Heap Initial Capacity: 252M
 Heap Max Capacity: 4018M
 Pre-touch: Disabled
 Parallel Workers: 8
 Concurrent Workers: 2
 Concurrent Refinement Workers: 8
 Periodic GC: Disabled
Heap:
 garbage-first heap   total 258048K, used 171463K [0x0000000704e00000, 0x0000000800000000)
  region size 2048K, 60 young (122880K), 9 survivors (18432K)
 Metaspace       used 18892K, committed 19200K, reserved 1073152K
  class space    used 2023K, committed 2176K, reserved 1048576K
GC Heap History (10 events):
Event: 0.569 GC heap before
{Heap before GC invocations=0 (full 0):
 garbage-first heap   total 258048K, used 22528K [0x0000000704e00000, 0x0000000800000000)
  region size 2048K, 11 young (22528K), 0 survivors (0K)
 Metaspace       used 4754K, committed 4928K, reserved 1056768K
  class space    used 560K, committed 640K, reserved 1048576K
}
Event: 0.573 GC heap after
{Heap after GC invocations=1 (full 0):
 garbage-first heap   total 258048K, used 3634K [0x0000000704e00000, 0x0000000800000000)
  region size 2048K, 2 young (4096K), 2 survivors (4096K)
 Metaspace       used 4754K, committed 4928K, reserved 1056768K
  class space    used 560K, committed 640K, reserved 1048576K
}
Event: 1.239 GC heap before
{Heap before GC invocations=1 (full 0):
 garbage-first heap   total 258048K, used 34354K [0x0000000704e00000, 0x0000000800000000)
  region size 2048K, 17 young (34816K), 2 survivors (4096K)
 Metaspace       used 10440K, committed 10560K, reserved 1064960K
  class space    used 1271K, committed 1344K, reserved 1048576K
}
Event: 1.244 GC heap after
{Heap after GC invocations=2 (full 0):
 garbage-first heap   total 258048K, used 5919K [0x0000000704e00000, 0x0000000800000000)
  region size 2048K, 2 young (4096K), 2 survivors (4096K)
 Metaspace       used 10440K, committed 10560K, reserved 1064960K
  class space    used 1271K, committed 1344K, reserved 1048576K
}
Event: 3.952 GC heap before
{Heap before GC invocations=2 (full 0):
 garbage-first heap   total 258048K, used 155423K [0x0000000704e00000, 0x0000000800000000)
  region size 2048K, 75 young (153600K), 2 survivors (4096K)
 Metaspace       used 14512K, committed 14656K, reserved 1064960K
  class space    used 1597K, committed 1664K, reserved 1048576K
}
Event: 3.969 GC heap after
{Heap after GC invocations=3 (full 0):
 garbage-first heap   total 258048K, used 22475K [0x0000000704e00000, 0x0000000800000000)
  region size 2048K, 10 young (20480K), 10 survivors (20480K)
 Metaspace       used 14512K, committed 14656K, reserved 1064960K
  class space    used 1597K, committed 1664K, reserved 1048576K
}
Event: 5.268 GC heap before
{Heap before GC invocations=3 (full 0):
 garbage-first heap   total 258048K, used 155595K [0x0000000704e00000, 0x0000000800000000)
  region size 2048K, 75 young (153600K), 10 survivors (20480K)
 Metaspace       used 14792K, committed 15040K, reserved 1064960K
  class space    used 1600K, committed 1728K, reserved 1048576K
}
Event: 5.295 GC heap after
{Heap after GC invocations=4 (full 0):
 garbage-first heap   total 258048K, used 45150K [0x0000000704e00000, 0x0000000800000000)
  region size 2048K, 10 young (20480K), 10 survivors (20480K)
 Metaspace       used 14792K, committed 15040K, reserved 1064960K
  class space    used 1600K, committed 1728K, reserved 1048576K
}
Event: 7.270 GC heap before
{Heap before GC invocations=4 (full 0):
 garbage-first heap   total 258048K, used 161886K [0x0000000704e00000, 0x0000000800000000)
  region size 2048K, 67 young (137216K), 10 survivors (20480K)
 Metaspace       used 15341K, committed 15616K, reserved 1064960K
  class space    used 1661K, committed 1792K, reserved 1048576K
}
Event: 7.292 GC heap after
{Heap after GC invocations=5 (full 0):
 garbage-first heap   total 258048K, used 64967K [0x0000000704e00000, 0x0000000800000000)
  region size 2048K, 9 young (18432K), 9 survivors (18432K)
 Metaspace       used 15341K, committed 15616K, reserved 1064960K
  class space    used 1661K, committed 1792K, reserved 1048576K
}

