# JRE version: Java(TM) SE Runtime Environment (17.0.6+9) (build 17.0.6+9-LTS-190)
# Java VM: Java HotSpot(TM) 64-Bit Server VM (17.0.6+9-LTS-190, mixed mode, emulated-client, sharing, tiered, compressed oops, compressed class ptrs, g1 gc, windows-amd64)
GC Precious Log:
 CPUs: 8 total, 8 available
 Memory: 16064M
 Large Page Support: Disabled
 NUMA Support: Disabled
 Compressed Oops: Enabled (Zero based)
 Heap Region Size: 2M
 Heap Min Capacity: 8M
 Heap Initial Capacity: 252M
 Heap Max Capacity: 4018M
 Pre-touch: Disabled
 Parallel Workers: 8
 Concurrent Workers: 2
 Concurrent Refinement Workers: 8
 Periodic GC: Disabled
Heap:
 garbage-first heap   total 884736K, used 226229K [0x0000000704e00000, 0x0000000800000000)
  region size 2048K, 13 young (26624K), 13 survivors (26624K)
 Metaspace       used 41854K, committed 42368K, reserved 1089536K
  class space    used 6139K, committed 6400K, reserved 1048576K
GC Heap History (20 events):
Event: 1.384 GC heap after
{Heap after GC invocations=6 (full 0):
 garbage-first heap   total 434176K, used 70596K [0x0000000704e00000, 0x0000000800000000)
  region size 2048K, 2 young (4096K), 2 survivors (4096K)
 Metaspace       used 7452K, committed 7744K, reserved 1056768K
  class space    used 989K, committed 1088K, reserved 1048576K
}
Event: 2.040 GC heap before
{Heap before GC invocations=6 (full 0):
 garbage-first heap   total 434176K, used 209860K [0x0000000704e00000, 0x0000000800000000)
  region size 2048K, 70 young (143360K), 2 survivors (4096K)
 Metaspace       used 20051K, committed 20544K, reserved 1073152K
  class space    used 2695K, committed 2944K, reserved 1048576K
}
Event: 2.049 GC heap after
{Heap after GC invocations=7 (full 0):
 garbage-first heap   total 434176K, used 79262K [0x0000000704e00000, 0x0000000800000000)
  region size 2048K, 7 young (14336K), 7 survivors (14336K)
 Metaspace       used 20051K, committed 20544K, reserved 1073152K
  class space    used 2695K, committed 2944K, reserved 1048576K
}
Event: 2.190 GC heap before
{Heap before GC invocations=7 (full 0):
 garbage-first heap   total 434176K, used 118174K [0x0000000704e00000, 0x0000000800000000)
  region size 2048K, 27 young (55296K), 7 survivors (14336K)
 Metaspace       used 21055K, committed 21504K, reserved 1073152K
  class space    used 2825K, committed 3008K, reserved 1048576K
}
Event: 2.198 GC heap after
{Heap after GC invocations=8 (full 0):
 garbage-first heap   total 434176K, used 82883K [0x0000000704e00000, 0x0000000800000000)
  region size 2048K, 8 young (16384K), 8 survivors (16384K)
 Metaspace       used 21055K, committed 21504K, reserved 1073152K
  class space    used 2825K, committed 3008K, reserved 1048576K
}
Event: 2.736 GC heap before
{Heap before GC invocations=9 (full 0):
 garbage-first heap   total 342016K, used 289731K [0x0000000704e00000, 0x0000000800000000)
  region size 2048K, 111 young (227328K), 8 survivors (16384K)
 Metaspace       used 30089K, committed 30720K, reserved 1081344K
  class space    used 4051K, committed 4352K, reserved 1048576K
}
Event: 2.750 GC heap after
{Heap after GC invocations=10 (full 0):
 garbage-first heap   total 342016K, used 89749K [0x0000000704e00000, 0x0000000800000000)
  region size 2048K, 12 young (24576K), 12 survivors (24576K)
 Metaspace       used 30089K, committed 30720K, reserved 1081344K
  class space    used 4051K, committed 4352K, reserved 1048576K
}
Event: 2.753 GC heap before
{Heap before GC invocations=10 (full 0):
 garbage-first heap   total 342016K, used 91797K [0x0000000704e00000, 0x0000000800000000)
  region size 2048K, 13 young (26624K), 12 survivors (24576K)
 Metaspace       used 30159K, committed 30720K, reserved 1081344K
  class space    used 4063K, committed 4352K, reserved 1048576K
}
Event: 2.765 GC heap after
{Heap after GC invocations=11 (full 0):
 garbage-first heap   total 342016K, used 90950K [0x0000000704e00000, 0x0000000800000000)
  region size 2048K, 2 young (4096K), 2 survivors (4096K)
 Metaspace       used 30159K, committed 30720K, reserved 1081344K
  class space    used 4063K, committed 4352K, reserved 1048576K
}
Event: 3.034 GC heap before
{Heap before GC invocations=11 (full 0):
 garbage-first heap   total 342016K, used 260934K [0x0000000704e00000, 0x0000000800000000)
  region size 2048K, 85 young (174080K), 2 survivors (4096K)
 Metaspace       used 34440K, committed 35072K, reserved 1081344K
  class space    used 4832K, committed 5120K, reserved 1048576K
}
Event: 3.044 GC heap after
{Heap after GC invocations=12 (full 0):
 garbage-first heap   total 884736K, used 102008K [0x0000000704e00000, 0x0000000800000000)
  region size 2048K, 8 young (16384K), 8 survivors (16384K)
 Metaspace       used 34440K, committed 35072K, reserved 1081344K
  class space    used 4832K, committed 5120K, reserved 1048576K
}
Event: 3.811 GC heap before
{Heap before GC invocations=13 (full 0):
 garbage-first heap   total 716800K, used 614008K [0x0000000704e00000, 0x0000000800000000)
  region size 2048K, 259 young (530432K), 8 survivors (16384K)
 Metaspace       used 40370K, committed 40896K, reserved 1089536K
  class space    used 5915K, committed 6144K, reserved 1048576K
}
Event: 3.837 GC heap after
{Heap after GC invocations=14 (full 0):
 garbage-first heap   total 716800K, used 155105K [0x0000000704e00000, 0x0000000800000000)
  region size 2048K, 33 young (67584K), 33 survivors (67584K)
 Metaspace       used 40370K, committed 40896K, reserved 1089536K
  class space    used 5915K, committed 6144K, reserved 1048576K
}
Event: 3.844 GC heap before
{Heap before GC invocations=14 (full 0):
 garbage-first heap   total 716800K, used 157153K [0x0000000704e00000, 0x0000000800000000)
  region size 2048K, 34 young (69632K), 33 survivors (67584K)
 Metaspace       used 40370K, committed 40896K, reserved 1089536K
  class space    used 5915K, committed 6144K, reserved 1048576K
}
Event: 3.865 GC heap after
{Heap after GC invocations=15 (full 0):
 garbage-first heap   total 716800K, used 160788K [0x0000000704e00000, 0x0000000800000000)
  region size 2048K, 4 young (8192K), 4 survivors (8192K)
 Metaspace       used 40370K, committed 40896K, reserved 1089536K
  class space    used 5915K, committed 6144K, reserved 1048576K
}
Event: 4.365 GC heap before
{Heap before GC invocations=15 (full 0):
 garbage-first heap   total 716800K, used 517140K [0x0000000704e00000, 0x0000000800000000)
  region size 2048K, 179 young (366592K), 4 survivors (8192K)
 Metaspace       used 40551K, committed 41088K, reserved 1089536K
  class space    used 5938K, committed 6208K, reserved 1048576K
}
Event: 4.386 GC heap after
{Heap after GC invocations=16 (full 0):
 garbage-first heap   total 716800K, used 207232K [0x0000000704e00000, 0x0000000800000000)
  region size 2048K, 23 young (47104K), 23 survivors (47104K)
 Metaspace       used 40551K, committed 41088K, reserved 1089536K
  class space    used 5938K, committed 6208K, reserved 1048576K
}
Event: 4.961 GC heap before
{Heap before GC invocations=16 (full 0):
 garbage-first heap   total 716800K, used 518528K [0x0000000704e00000, 0x0000000800000000)
  region size 2048K, 176 young (360448K), 23 survivors (47104K)
 Metaspace       used 41388K, committed 41920K, reserved 1089536K
  class space    used 6073K, committed 6336K, reserved 1048576K
}
Event: 4.982 GC heap after
{Heap after GC invocations=17 (full 0):
 garbage-first heap   total 716800K, used 225918K [0x0000000704e00000, 0x0000000800000000)
  region size 2048K, 13 young (26624K), 13 survivors (26624K)
 Metaspace       used 41388K, committed 41920K, reserved 1089536K
  class space    used 6073K, committed 6336K, reserved 1048576K
}
Event: 5.280 GC heap before
{Heap before GC invocations=17 (full 0):
 garbage-first heap   total 716800K, used 535166K [0x0000000704e00000, 0x0000000800000000)
  region size 2048K, 165 young (337920K), 13 survivors (26624K)
 Metaspace       used 41854K, committed 42368K, reserved 1089536K
  class space    used 6139K, committed 6400K, reserved 1048576K
}

