# JRE version: Java(TM) SE Runtime Environment (17.0.6+9) (build 17.0.6+9-LTS-190)
# Java VM: Java HotSpot(TM) 64-Bit Server VM (17.0.6+9-LTS-190, mixed mode, emulated-client, sharing, tiered, compressed oops, compressed class ptrs, g1 gc, windows-amd64)
GC Precious Log:
 CPUs: 8 total, 8 available
 Memory: 16064M
 Large Page Support: Disabled
 NUMA Support: Disabled
 Compressed Oops: Enabled (Zero based)
 Heap Region Size: 2M
 Heap Min Capacity: 8M
 Heap Initial Capacity: 252M
 Heap Max Capacity: 4018M
 Pre-touch: Disabled
 Parallel Workers: 8
 Concurrent Workers: 2
 Concurrent Refinement Workers: 8
 Periodic GC: Disabled
Heap:
 garbage-first heap   total 858112K, used 295836K [0x0000000704e00000, 0x0000000800000000)
  region size 2048K, 19 young (38912K), 19 survivors (38912K)
 Metaspace       used 44959K, committed 45504K, reserved 1089536K
  class space    used 6538K, committed 6784K, reserved 1048576K
GC Heap History (20 events):
Event: 3.745 GC heap after
{Heap after GC invocations=7 (full 0):
 garbage-first heap   total 468992K, used 78144K [0x0000000704e00000, 0x0000000800000000)
  region size 2048K, 6 young (12288K), 6 survivors (12288K)
 Metaspace       used 19738K, committed 20096K, reserved 1073152K
  class space    used 2601K, committed 2752K, reserved 1048576K
}
Event: 4.146 GC heap before
{Heap before GC invocations=7 (full 0):
 garbage-first heap   total 468992K, used 133440K [0x0000000704e00000, 0x0000000800000000)
  region size 2048K, 34 young (69632K), 6 survivors (12288K)
 Metaspace       used 21106K, committed 21504K, reserved 1073152K
  class space    used 2804K, committed 3008K, reserved 1048576K
}
Event: 4.157 GC heap after
{Heap after GC invocations=8 (full 0):
 garbage-first heap   total 468992K, used 81707K [0x0000000704e00000, 0x0000000800000000)
  region size 2048K, 8 young (16384K), 8 survivors (16384K)
 Metaspace       used 21106K, committed 21504K, reserved 1073152K
  class space    used 2804K, committed 3008K, reserved 1048576K
}
Event: 5.336 GC heap before
{Heap before GC invocations=9 (full 0):
 garbage-first heap   total 348160K, used 302891K [0x0000000704e00000, 0x0000000800000000)
  region size 2048K, 117 young (239616K), 8 survivors (16384K)
 Metaspace       used 30462K, committed 30976K, reserved 1081344K
  class space    used 4055K, committed 4288K, reserved 1048576K
}
Event: 5.365 GC heap after
{Heap after GC invocations=10 (full 0):
 garbage-first heap   total 348160K, used 89521K [0x0000000704e00000, 0x0000000800000000)
  region size 2048K, 12 young (24576K), 12 survivors (24576K)
 Metaspace       used 30462K, committed 30976K, reserved 1081344K
  class space    used 4055K, committed 4288K, reserved 1048576K
}
Event: 5.376 GC heap before
{Heap before GC invocations=10 (full 0):
 garbage-first heap   total 348160K, used 91569K [0x0000000704e00000, 0x0000000800000000)
  region size 2048K, 13 young (26624K), 12 survivors (24576K)
 Metaspace       used 30505K, committed 31040K, reserved 1081344K
  class space    used 4061K, committed 4352K, reserved 1048576K
}
Event: 5.402 GC heap after
{Heap after GC invocations=11 (full 0):
 garbage-first heap   total 348160K, used 91160K [0x0000000704e00000, 0x0000000800000000)
  region size 2048K, 2 young (4096K), 2 survivors (4096K)
 Metaspace       used 30505K, committed 31040K, reserved 1081344K
  class space    used 4061K, committed 4352K, reserved 1048576K
}
Event: 6.195 GC heap before
{Heap before GC invocations=11 (full 0):
 garbage-first heap   total 348160K, used 265240K [0x0000000704e00000, 0x0000000800000000)
  region size 2048K, 87 young (178176K), 2 survivors (4096K)
 Metaspace       used 34886K, committed 35456K, reserved 1081344K
  class space    used 4845K, committed 5120K, reserved 1048576K
}
Event: 6.207 GC heap after
{Heap after GC invocations=12 (full 0):
 garbage-first heap   total 348160K, used 103081K [0x0000000704e00000, 0x0000000800000000)
  region size 2048K, 8 young (16384K), 8 survivors (16384K)
 Metaspace       used 34886K, committed 35456K, reserved 1081344K
  class space    used 4845K, committed 5120K, reserved 1048576K
}
Event: 6.682 GC heap before
{Heap before GC invocations=13 (full 0):
 garbage-first heap   total 348160K, used 264873K [0x0000000704e00000, 0x0000000800000000)
  region size 2048K, 88 young (180224K), 8 survivors (16384K)
 Metaspace       used 35425K, committed 35904K, reserved 1081344K
  class space    used 4962K, committed 5184K, reserved 1048576K
}
Event: 6.688 GC heap after
{Heap after GC invocations=14 (full 0):
 garbage-first heap   total 348160K, used 97554K [0x0000000704e00000, 0x0000000800000000)
  region size 2048K, 3 young (6144K), 3 survivors (6144K)
 Metaspace       used 35425K, committed 35904K, reserved 1081344K
  class space    used 4962K, committed 5184K, reserved 1048576K
}
Event: 6.717 GC heap before
{Heap before GC invocations=14 (full 0):
 garbage-first heap   total 348160K, used 107794K [0x0000000704e00000, 0x0000000800000000)
  region size 2048K, 8 young (16384K), 3 survivors (6144K)
 Metaspace       used 35467K, committed 35968K, reserved 1081344K
  class space    used 4981K, committed 5184K, reserved 1048576K
}
Event: 6.730 GC heap after
{Heap after GC invocations=15 (full 0):
 garbage-first heap   total 858112K, used 97854K [0x0000000704e00000, 0x0000000800000000)
  region size 2048K, 1 young (2048K), 1 survivors (2048K)
 Metaspace       used 35467K, committed 35968K, reserved 1081344K
  class space    used 4981K, committed 5184K, reserved 1048576K
}
Event: 8.132 GC heap before
{Heap before GC invocations=15 (full 0):
 garbage-first heap   total 858112K, used 607806K [0x0000000704e00000, 0x0000000800000000)
  region size 2048K, 251 young (514048K), 1 survivors (2048K)
 Metaspace       used 39090K, committed 39616K, reserved 1089536K
  class space    used 5707K, committed 6016K, reserved 1048576K
}
Event: 8.346 GC heap after
{Heap after GC invocations=16 (full 0):
 garbage-first heap   total 858112K, used 205428K [0x0000000704e00000, 0x0000000800000000)
  region size 2048K, 32 young (65536K), 32 survivors (65536K)
 Metaspace       used 39090K, committed 39616K, reserved 1089536K
  class space    used 5707K, committed 6016K, reserved 1048576K
}
Event: 9.154 GC heap before
{Heap before GC invocations=16 (full 0):
 garbage-first heap   total 858112K, used 539252K [0x0000000704e00000, 0x0000000800000000)
  region size 2048K, 196 young (401408K), 32 survivors (65536K)
 Metaspace       used 39487K, committed 40064K, reserved 1089536K
  class space    used 5771K, committed 6016K, reserved 1048576K
}
Event: 9.232 GC heap after
{Heap after GC invocations=17 (full 0):
 garbage-first heap   total 858112K, used 245760K [0x0000000704e00000, 0x0000000800000000)
  region size 2048K, 19 young (38912K), 19 survivors (38912K)
 Metaspace       used 39487K, committed 40064K, reserved 1089536K
  class space    used 5771K, committed 6016K, reserved 1048576K
}
Event: 9.839 GC heap before
{Heap before GC invocations=17 (full 0):
 garbage-first heap   total 858112K, used 585728K [0x0000000704e00000, 0x0000000800000000)
  region size 2048K, 186 young (380928K), 19 survivors (38912K)
 Metaspace       used 40199K, committed 40704K, reserved 1089536K
  class space    used 5880K, committed 6144K, reserved 1048576K
}
Event: 9.903 GC heap after
{Heap after GC invocations=18 (full 0):
 garbage-first heap   total 858112K, used 277370K [0x0000000704e00000, 0x0000000800000000)
  region size 2048K, 21 young (43008K), 21 survivors (43008K)
 Metaspace       used 40199K, committed 40704K, reserved 1089536K
  class space    used 5880K, committed 6144K, reserved 1048576K
}
Event: 11.380 GC heap before
{Heap before GC invocations=18 (full 0):
 garbage-first heap   total 858112K, used 619386K [0x0000000704e00000, 0x0000000800000000)
  region size 2048K, 188 young (385024K), 21 survivors (43008K)
 Metaspace       used 44959K, committed 45504K, reserved 1089536K
  class space    used 6538K, committed 6784K, reserved 1048576K
}

