# JRE version: Java(TM) SE Runtime Environment (17.0.6+9) (build 17.0.6+9-LTS-190)
# Java VM: Java HotSpot(TM) 64-Bit Server VM (17.0.6+9-LTS-190, mixed mode, emulated-client, sharing, tiered, compressed oops, compressed class ptrs, g1 gc, windows-amd64)
GC Precious Log:
 CPUs: 8 total, 8 available
 Memory: 16064M
 Large Page Support: Disabled
 NUMA Support: Disabled
 Compressed Oops: Enabled (Zero based)
 Heap Region Size: 2M
 Heap Min Capacity: 8M
 Heap Initial Capacity: 252M
 Heap Max Capacity: 4018M
 Pre-touch: Disabled
 Parallel Workers: 8
 Concurrent Workers: 2
 Concurrent Refinement Workers: 8
 Periodic GC: Disabled
Heap:
 garbage-first heap   total 684032K, used 239262K [0x0000000704e00000, 0x0000000800000000)
  region size 2048K, 10 young (20480K), 10 survivors (20480K)
 Metaspace       used 41522K, committed 42048K, reserved 1089536K
  class space    used 6027K, committed 6336K, reserved 1048576K
GC Heap History (20 events):
Event: 2.127 GC heap after
{Heap after GC invocations=5 (full 0):
 garbage-first heap   total 370688K, used 56456K [0x0000000704e00000, 0x0000000800000000)
  region size 2048K, 4 young (8192K), 4 survivors (8192K)
 Metaspace       used 6444K, committed 6720K, reserved 1056768K
  class space    used 843K, committed 960K, reserved 1048576K
}
Event: 2.647 GC heap before
{Heap before GC invocations=5 (full 0):
 garbage-first heap   total 370688K, used 128136K [0x0000000704e00000, 0x0000000800000000)
  region size 2048K, 39 young (79872K), 4 survivors (8192K)
 Metaspace       used 15041K, committed 15424K, reserved 1064960K
  class space    used 2039K, committed 2240K, reserved 1048576K
}
Event: 2.657 GC heap after
{Heap after GC invocations=6 (full 0):
 garbage-first heap   total 370688K, used 63337K [0x0000000704e00000, 0x0000000800000000)
  region size 2048K, 3 young (6144K), 3 survivors (6144K)
 Metaspace       used 15041K, committed 15424K, reserved 1064960K
  class space    used 2039K, committed 2240K, reserved 1048576K
}
Event: 3.214 GC heap before
{Heap before GC invocations=6 (full 0):
 garbage-first heap   total 370688K, used 165737K [0x0000000704e00000, 0x0000000800000000)
  region size 2048K, 54 young (110592K), 3 survivors (6144K)
 Metaspace       used 21078K, committed 21504K, reserved 1073152K
  class space    used 2797K, committed 3008K, reserved 1048576K
}
Event: 3.223 GC heap after
{Heap after GC invocations=7 (full 0):
 garbage-first heap   total 370688K, used 68553K [0x0000000704e00000, 0x0000000800000000)
  region size 2048K, 6 young (12288K), 6 survivors (12288K)
 Metaspace       used 21078K, committed 21504K, reserved 1073152K
  class space    used 2797K, committed 3008K, reserved 1048576K
}
Event: 3.859 GC heap before
{Heap before GC invocations=8 (full 0):
 garbage-first heap   total 286720K, used 248777K [0x0000000704e00000, 0x0000000800000000)
  region size 2048K, 97 young (198656K), 6 survivors (12288K)
 Metaspace       used 30595K, committed 31168K, reserved 1081344K
  class space    used 4115K, committed 4416K, reserved 1048576K
}
Event: 3.875 GC heap after
{Heap after GC invocations=9 (full 0):
 garbage-first heap   total 286720K, used 75131K [0x0000000704e00000, 0x0000000800000000)
  region size 2048K, 10 young (20480K), 10 survivors (20480K)
 Metaspace       used 30595K, committed 31168K, reserved 1081344K
  class space    used 4115K, committed 4416K, reserved 1048576K
}
Event: 3.883 GC heap before
{Heap before GC invocations=9 (full 0):
 garbage-first heap   total 286720K, used 77179K [0x0000000704e00000, 0x0000000800000000)
  region size 2048K, 11 young (22528K), 10 survivors (20480K)
 Metaspace       used 30633K, committed 31232K, reserved 1081344K
  class space    used 4123K, committed 4416K, reserved 1048576K
}
Event: 3.901 GC heap after
{Heap after GC invocations=10 (full 0):
 garbage-first heap   total 286720K, used 75981K [0x0000000704e00000, 0x0000000800000000)
  region size 2048K, 2 young (4096K), 2 survivors (4096K)
 Metaspace       used 30633K, committed 31232K, reserved 1081344K
  class space    used 4123K, committed 4416K, reserved 1048576K
}
Event: 4.113 GC heap before
{Heap before GC invocations=10 (full 0):
 garbage-first heap   total 286720K, used 217293K [0x0000000704e00000, 0x0000000800000000)
  region size 2048K, 71 young (145408K), 2 survivors (4096K)
 Metaspace       used 31549K, committed 32192K, reserved 1081344K
  class space    used 4344K, committed 4672K, reserved 1048576K
}
Event: 4.124 GC heap after
{Heap after GC invocations=11 (full 0):
 garbage-first heap   total 684032K, used 85974K [0x0000000704e00000, 0x0000000800000000)
  region size 2048K, 7 young (14336K), 7 survivors (14336K)
 Metaspace       used 31549K, committed 32192K, reserved 1081344K
  class space    used 4344K, committed 4672K, reserved 1048576K
}
Event: 5.171 GC heap before
{Heap before GC invocations=12 (full 0):
 garbage-first heap   total 512000K, used 425942K [0x0000000704e00000, 0x0000000800000000)
  region size 2048K, 175 young (358400K), 7 survivors (14336K)
 Metaspace       used 40187K, committed 40768K, reserved 1089536K
  class space    used 5851K, committed 6144K, reserved 1048576K
}
Event: 5.203 GC heap after
{Heap after GC invocations=13 (full 0):
 garbage-first heap   total 512000K, used 133427K [0x0000000704e00000, 0x0000000800000000)
  region size 2048K, 24 young (49152K), 24 survivors (49152K)
 Metaspace       used 40187K, committed 40768K, reserved 1089536K
  class space    used 5851K, committed 6144K, reserved 1048576K
}
Event: 5.211 GC heap before
{Heap before GC invocations=13 (full 0):
 garbage-first heap   total 512000K, used 135475K [0x0000000704e00000, 0x0000000800000000)
  region size 2048K, 25 young (51200K), 24 survivors (49152K)
 Metaspace       used 40188K, committed 40768K, reserved 1089536K
  class space    used 5852K, committed 6144K, reserved 1048576K
}
Event: 5.234 GC heap after
{Heap after GC invocations=14 (full 0):
 garbage-first heap   total 512000K, used 139275K [0x0000000704e00000, 0x0000000800000000)
  region size 2048K, 3 young (6144K), 3 survivors (6144K)
 Metaspace       used 40188K, committed 40768K, reserved 1089536K
  class space    used 5852K, committed 6144K, reserved 1048576K
}
Event: 5.870 GC heap before
{Heap before GC invocations=14 (full 0):
 garbage-first heap   total 512000K, used 366603K [0x0000000704e00000, 0x0000000800000000)
  region size 2048K, 115 young (235520K), 3 survivors (6144K)
 Metaspace       used 40533K, committed 41088K, reserved 1089536K
  class space    used 5906K, committed 6208K, reserved 1048576K
}
Event: 5.906 GC heap after
{Heap after GC invocations=15 (full 0):
 garbage-first heap   total 512000K, used 192406K [0x0000000704e00000, 0x0000000800000000)
  region size 2048K, 15 young (30720K), 15 survivors (30720K)
 Metaspace       used 40533K, committed 41088K, reserved 1089536K
  class space    used 5906K, committed 6208K, reserved 1048576K
}
Event: 6.170 GC heap before
{Heap before GC invocations=15 (full 0):
 garbage-first heap   total 512000K, used 370582K [0x0000000704e00000, 0x0000000800000000)
  region size 2048K, 103 young (210944K), 15 survivors (30720K)
 Metaspace       used 40657K, committed 41216K, reserved 1089536K
  class space    used 5920K, committed 6208K, reserved 1048576K
}
Event: 6.212 GC heap after
{Heap after GC invocations=16 (full 0):
 garbage-first heap   total 512000K, used 218368K [0x0000000704e00000, 0x0000000800000000)
  region size 2048K, 12 young (24576K), 12 survivors (24576K)
 Metaspace       used 40657K, committed 41216K, reserved 1089536K
  class space    used 5920K, committed 6208K, reserved 1048576K
}
Event: 6.437 GC heap before
{Heap before GC invocations=16 (full 0):
 garbage-first heap   total 512000K, used 384256K [0x0000000704e00000, 0x0000000800000000)
  region size 2048K, 94 young (192512K), 12 survivors (24576K)
 Metaspace       used 41522K, committed 42048K, reserved 1089536K
  class space    used 6027K, committed 6336K, reserved 1048576K
}

