# JRE version: Java(TM) SE Runtime Environment (17.0.6+9) (build 17.0.6+9-LTS-190)
# Java VM: Java HotSpot(TM) 64-Bit Server VM (17.0.6+9-LTS-190, mixed mode, sharing, tiered, compressed oops, compressed class ptrs, g1 gc, windows-amd64)
GC Precious Log:
 CPUs: 8 total, 8 available
 Memory: 16064M
 Large Page Support: Disabled
 NUMA Support: Disabled
 Compressed Oops: Enabled (Zero based)
 Heap Region Size: 2M
 Heap Min Capacity: 8M
 Heap Initial Capacity: 252M
 Heap Max Capacity: 4018M
 Pre-touch: Disabled
 Parallel Workers: 8
 Concurrent Workers: 2
 Concurrent Refinement Workers: 8
 Periodic GC: Disabled
Heap:
 garbage-first heap   total 258048K, used 160289K [0x0000000704e00000, 0x0000000800000000)
  region size 2048K, 44 young (90112K), 6 survivors (12288K)
 Metaspace       used 19011K, committed 19328K, reserved 1073152K
  class space    used 2020K, committed 2176K, reserved 1048576K
GC Heap History (12 events):
Event: 1.678 GC heap before
{Heap before GC invocations=0 (full 0):
 garbage-first heap   total 258048K, used 22528K [0x0000000704e00000, 0x0000000800000000)
  region size 2048K, 11 young (22528K), 0 survivors (0K)
 Metaspace       used 4764K, committed 4928K, reserved 1056768K
  class space    used 561K, committed 640K, reserved 1048576K
}
Event: 1.683 GC heap after
{Heap after GC invocations=1 (full 0):
 garbage-first heap   total 258048K, used 3649K [0x0000000704e00000, 0x0000000800000000)
  region size 2048K, 2 young (4096K), 2 survivors (4096K)
 Metaspace       used 4764K, committed 4928K, reserved 1056768K
  class space    used 561K, committed 640K, reserved 1048576K
}
Event: 2.144 GC heap before
{Heap before GC invocations=1 (full 0):
 garbage-first heap   total 258048K, used 34369K [0x0000000704e00000, 0x0000000800000000)
  region size 2048K, 17 young (34816K), 2 survivors (4096K)
 Metaspace       used 10388K, committed 10560K, reserved 1064960K
  class space    used 1270K, committed 1344K, reserved 1048576K
}
Event: 2.148 GC heap after
{Heap after GC invocations=2 (full 0):
 garbage-first heap   total 258048K, used 5827K [0x0000000704e00000, 0x0000000800000000)
  region size 2048K, 2 young (4096K), 2 survivors (4096K)
 Metaspace       used 10388K, committed 10560K, reserved 1064960K
  class space    used 1270K, committed 1344K, reserved 1048576K
}
Event: 5.137 GC heap before
{Heap before GC invocations=2 (full 0):
 garbage-first heap   total 258048K, used 155331K [0x0000000704e00000, 0x0000000800000000)
  region size 2048K, 75 young (153600K), 2 survivors (4096K)
 Metaspace       used 14441K, committed 14592K, reserved 1064960K
  class space    used 1595K, committed 1664K, reserved 1048576K
}
Event: 5.149 GC heap after
{Heap after GC invocations=3 (full 0):
 garbage-first heap   total 258048K, used 22229K [0x0000000704e00000, 0x0000000800000000)
  region size 2048K, 10 young (20480K), 10 survivors (20480K)
 Metaspace       used 14441K, committed 14592K, reserved 1064960K
  class space    used 1595K, committed 1664K, reserved 1048576K
}
Event: 6.430 GC heap before
{Heap before GC invocations=3 (full 0):
 garbage-first heap   total 258048K, used 155349K [0x0000000704e00000, 0x0000000800000000)
  region size 2048K, 75 young (153600K), 10 survivors (20480K)
 Metaspace       used 14752K, committed 14976K, reserved 1064960K
  class space    used 1598K, committed 1728K, reserved 1048576K
}
Event: 6.447 GC heap after
{Heap after GC invocations=4 (full 0):
 garbage-first heap   total 258048K, used 45083K [0x0000000704e00000, 0x0000000800000000)
  region size 2048K, 10 young (20480K), 10 survivors (20480K)
 Metaspace       used 14752K, committed 14976K, reserved 1064960K
  class space    used 1598K, committed 1728K, reserved 1048576K
}
Event: 9.308 GC heap before
{Heap before GC invocations=4 (full 0):
 garbage-first heap   total 258048K, used 167963K [0x0000000704e00000, 0x0000000800000000)
  region size 2048K, 70 young (143360K), 10 survivors (20480K)
 Metaspace       used 15128K, committed 15360K, reserved 1064960K
  class space    used 1637K, committed 1728K, reserved 1048576K
}
Event: 9.326 GC heap after
{Heap after GC invocations=5 (full 0):
 garbage-first heap   total 258048K, used 65453K [0x0000000704e00000, 0x0000000800000000)
  region size 2048K, 9 young (18432K), 9 survivors (18432K)
 Metaspace       used 15128K, committed 15360K, reserved 1064960K
  class space    used 1637K, committed 1728K, reserved 1048576K
}
Event: 19.055 GC heap before
{Heap before GC invocations=5 (full 0):
 garbage-first heap   total 258048K, used 182189K [0x0000000704e00000, 0x0000000800000000)
  region size 2048K, 65 young (133120K), 9 survivors (18432K)
 Metaspace       used 18846K, committed 19136K, reserved 1073152K
  class space    used 2016K, committed 2176K, reserved 1048576K
}
Event: 19.075 GC heap after
{Heap after GC invocations=6 (full 0):
 garbage-first heap   total 258048K, used 80417K [0x0000000704e00000, 0x0000000800000000)
  region size 2048K, 6 young (12288K), 6 survivors (12288K)
 Metaspace       used 18846K, committed 19136K, reserved 1073152K
  class space    used 2016K, committed 2176K, reserved 1048576K
}

