# JRE version: OpenJDK Runtime Environment Temurin-17.0.10+7 (17.0.10+7) (build 17.0.10+7)
# Java VM: OpenJDK 64-Bit Server VM Temurin-17.0.10+7 (17.0.10+7, mixed mode, tiered, compressed oops, compressed class ptrs, parallel gc, windows-amd64)
GC Precious Log:
 CPUs: 8 total, 8 available
 Memory: 16064M
 Large Page Support: Disabled
 NUMA Support: Disabled
 Compressed Oops: Enabled (32-bit)
 Alignments: Space 512K, Generation 512K, Heap 2M
 Heap Min Capacity: 100M
 Heap Initial Capacity: 100M
 Heap Max Capacity: 1G
 Pre-touch: Disabled
 Parallel Workers: 8
Heap:
 PSYoungGen      total 18432K, used 12281K [0x00000000eab00000, 0x00000000ec080000, 0x0000000100000000)
  eden space 16896K, 66% used [0x00000000eab00000,0x00000000eb5e67c8,0x00000000ebb80000)
  from space 1536K, 72% used [0x00000000ebd00000,0x00000000ebe18000,0x00000000ebe80000)
  to   space 1536K, 0% used [0x00000000ebf00000,0x00000000ebf00000,0x00000000ec080000)
 ParOldGen       total 68608K, used 41650K [0x00000000c0000000, 0x00000000c4300000, 0x00000000eab00000)
  object space 68608K, 60% used [0x00000000c0000000,0x00000000c28ac820,0x00000000c4300000)
 Metaspace       used 54622K, committed 55744K, reserved 1114112K
  class space    used 5760K, committed 6208K, reserved 1048576K
GC Heap History (20 events):
Event: 15.804 GC heap before
{Heap before GC invocations=22 (full 2):
 PSYoungGen      total 24064K, used 23632K [0x00000000eab00000, 0x00000000ec480000, 0x0000000100000000)
  eden space 22016K, 100% used [0x00000000eab00000,0x00000000ec080000,0x00000000ec080000)
  from space 2048K, 78% used [0x00000000ec080000,0x00000000ec214010,0x00000000ec280000)
  to   space 2048K, 0% used [0x00000000ec280000,0x00000000ec280000,0x00000000ec480000)
 ParOldGen       total 68608K, used 22654K [0x00000000c0000000, 0x00000000c4300000, 0x00000000eab00000)
  object space 68608K, 33% used [0x00000000c0000000,0x00000000c161f898,0x00000000c4300000)
 Metaspace       used 51605K, committed 52608K, reserved 1114112K
  class space    used 5496K, committed 5888K, reserved 1048576K
}
Event: 15.817 GC heap after
{Heap after GC invocations=22 (full 2):
 PSYoungGen      total 18944K, used 2032K [0x00000000eab00000, 0x00000000ece80000, 0x0000000100000000)
  eden space 16896K, 0% used [0x00000000eab00000,0x00000000eab00000,0x00000000ebb80000)
  from space 2048K, 99% used [0x00000000ec280000,0x00000000ec47c030,0x00000000ec480000)
  to   space 7168K, 0% used [0x00000000ebb80000,0x00000000ebb80000,0x00000000ec280000)
 ParOldGen       total 68608K, used 26807K [0x00000000c0000000, 0x00000000c4300000, 0x00000000eab00000)
  object space 68608K, 39% used [0x00000000c0000000,0x00000000c1a2de88,0x00000000c4300000)
 Metaspace       used 51605K, committed 52608K, reserved 1114112K
  class space    used 5496K, committed 5888K, reserved 1048576K
}
Event: 16.125 GC heap before
{Heap before GC invocations=23 (full 2):
 PSYoungGen      total 18944K, used 18928K [0x00000000eab00000, 0x00000000ece80000, 0x0000000100000000)
  eden space 16896K, 100% used [0x00000000eab00000,0x00000000ebb80000,0x00000000ebb80000)
  from space 2048K, 99% used [0x00000000ec280000,0x00000000ec47c030,0x00000000ec480000)
  to   space 7168K, 0% used [0x00000000ebb80000,0x00000000ebb80000,0x00000000ec280000)
 ParOldGen       total 68608K, used 26807K [0x00000000c0000000, 0x00000000c4300000, 0x00000000eab00000)
  object space 68608K, 39% used [0x00000000c0000000,0x00000000c1a2de88,0x00000000c4300000)
 Metaspace       used 51714K, committed 52736K, reserved 1114112K
  class space    used 5499K, committed 5888K, reserved 1048576K
}
Event: 16.130 GC heap after
{Heap after GC invocations=23 (full 2):
 PSYoungGen      total 18944K, used 1952K [0x00000000eab00000, 0x00000000ec300000, 0x0000000100000000)
  eden space 16896K, 0% used [0x00000000eab00000,0x00000000eab00000,0x00000000ebb80000)
  from space 2048K, 95% used [0x00000000ebb80000,0x00000000ebd68000,0x00000000ebd80000)
  to   space 3584K, 0% used [0x00000000ebf80000,0x00000000ebf80000,0x00000000ec300000)
 ParOldGen       total 68608K, used 28789K [0x00000000c0000000, 0x00000000c4300000, 0x00000000eab00000)
  object space 68608K, 41% used [0x00000000c0000000,0x00000000c1c1d5b8,0x00000000c4300000)
 Metaspace       used 51714K, committed 52736K, reserved 1114112K
  class space    used 5499K, committed 5888K, reserved 1048576K
}
Event: 16.296 GC heap before
{Heap before GC invocations=24 (full 2):
 PSYoungGen      total 18944K, used 18848K [0x00000000eab00000, 0x00000000ec300000, 0x0000000100000000)
  eden space 16896K, 100% used [0x00000000eab00000,0x00000000ebb80000,0x00000000ebb80000)
  from space 2048K, 95% used [0x00000000ebb80000,0x00000000ebd68000,0x00000000ebd80000)
  to   space 3584K, 0% used [0x00000000ebf80000,0x00000000ebf80000,0x00000000ec300000)
 ParOldGen       total 68608K, used 28789K [0x00000000c0000000, 0x00000000c4300000, 0x00000000eab00000)
  object space 68608K, 41% used [0x00000000c0000000,0x00000000c1c1d5b8,0x00000000c4300000)
 Metaspace       used 51806K, committed 52864K, reserved 1114112K
  class space    used 5500K, committed 5952K, reserved 1048576K
}
Event: 16.301 GC heap after
{Heap after GC invocations=24 (full 2):
 PSYoungGen      total 19968K, used 3072K [0x00000000eab00000, 0x00000000ec280000, 0x0000000100000000)
  eden space 16896K, 0% used [0x00000000eab00000,0x00000000eab00000,0x00000000ebb80000)
  from space 3072K, 100% used [0x00000000ebf80000,0x00000000ec280000,0x00000000ec280000)
  to   space 3584K, 0% used [0x00000000ebb80000,0x00000000ebb80000,0x00000000ebf00000)
 ParOldGen       total 68608K, used 30389K [0x00000000c0000000, 0x00000000c4300000, 0x00000000eab00000)
  object space 68608K, 44% used [0x00000000c0000000,0x00000000c1dad5b8,0x00000000c4300000)
 Metaspace       used 51806K, committed 52864K, reserved 1114112K
  class space    used 5500K, committed 5952K, reserved 1048576K
}
Event: 16.505 GC heap before
{Heap before GC invocations=25 (full 2):
 PSYoungGen      total 19968K, used 19968K [0x00000000eab00000, 0x00000000ec280000, 0x0000000100000000)
  eden space 16896K, 100% used [0x00000000eab00000,0x00000000ebb80000,0x00000000ebb80000)
  from space 3072K, 100% used [0x00000000ebf80000,0x00000000ec280000,0x00000000ec280000)
  to   space 3584K, 0% used [0x00000000ebb80000,0x00000000ebb80000,0x00000000ebf00000)
 ParOldGen       total 68608K, used 30389K [0x00000000c0000000, 0x00000000c4300000, 0x00000000eab00000)
  object space 68608K, 44% used [0x00000000c0000000,0x00000000c1dad5b8,0x00000000c4300000)
 Metaspace       used 51945K, committed 52992K, reserved 1114112K
  class space    used 5501K, committed 5952K, reserved 1048576K
}
Event: 16.508 GC heap after
{Heap after GC invocations=25 (full 2):
 PSYoungGen      total 19456K, used 2480K [0x00000000eab00000, 0x00000000ec180000, 0x0000000100000000)
  eden space 16896K, 0% used [0x00000000eab00000,0x00000000eab00000,0x00000000ebb80000)
  from space 2560K, 96% used [0x00000000ebb80000,0x00000000ebdec010,0x00000000ebe00000)
  to   space 3072K, 0% used [0x00000000ebe80000,0x00000000ebe80000,0x00000000ec180000)
 ParOldGen       total 68608K, used 32320K [0x00000000c0000000, 0x00000000c4300000, 0x00000000eab00000)
  object space 68608K, 47% used [0x00000000c0000000,0x00000000c1f90128,0x00000000c4300000)
 Metaspace       used 51945K, committed 52992K, reserved 1114112K
  class space    used 5501K, committed 5952K, reserved 1048576K
}
Event: 16.946 GC heap before
{Heap before GC invocations=26 (full 2):
 PSYoungGen      total 19456K, used 19376K [0x00000000eab00000, 0x00000000ec180000, 0x0000000100000000)
  eden space 16896K, 100% used [0x00000000eab00000,0x00000000ebb80000,0x00000000ebb80000)
  from space 2560K, 96% used [0x00000000ebb80000,0x00000000ebdec010,0x00000000ebe00000)
  to   space 3072K, 0% used [0x00000000ebe80000,0x00000000ebe80000,0x00000000ec180000)
 ParOldGen       total 68608K, used 32320K [0x00000000c0000000, 0x00000000c4300000, 0x00000000eab00000)
  object space 68608K, 47% used [0x00000000c0000000,0x00000000c1f90128,0x00000000c4300000)
 Metaspace       used 52079K, committed 53184K, reserved 1114112K
  class space    used 5501K, committed 5952K, reserved 1048576K
}
Event: 16.953 GC heap after
{Heap after GC invocations=26 (full 2):
 PSYoungGen      total 18944K, used 1664K [0x00000000eab00000, 0x00000000ec080000, 0x0000000100000000)
  eden space 16896K, 0% used [0x00000000eab00000,0x00000000eab00000,0x00000000ebb80000)
  from space 2048K, 81% used [0x00000000ebe80000,0x00000000ec020000,0x00000000ec080000)
  to   space 2048K, 0% used [0x00000000ebc80000,0x00000000ebc80000,0x00000000ebe80000)
 ParOldGen       total 68608K, used 34568K [0x00000000c0000000, 0x00000000c4300000, 0x00000000eab00000)
  object space 68608K, 50% used [0x00000000c0000000,0x00000000c21c2378,0x00000000c4300000)
 Metaspace       used 52079K, committed 53184K, reserved 1114112K
  class space    used 5501K, committed 5952K, reserved 1048576K
}
Event: 17.833 GC heap before
{Heap before GC invocations=27 (full 2):
 PSYoungGen      total 18944K, used 18559K [0x00000000eab00000, 0x00000000ec080000, 0x0000000100000000)
  eden space 16896K, 99% used [0x00000000eab00000,0x00000000ebb7fc60,0x00000000ebb80000)
  from space 2048K, 81% used [0x00000000ebe80000,0x00000000ec020000,0x00000000ec080000)
  to   space 2048K, 0% used [0x00000000ebc80000,0x00000000ebc80000,0x00000000ebe80000)
 ParOldGen       total 68608K, used 34568K [0x00000000c0000000, 0x00000000c4300000, 0x00000000eab00000)
  object space 68608K, 50% used [0x00000000c0000000,0x00000000c21c2378,0x00000000c4300000)
 Metaspace       used 52253K, committed 53312K, reserved 1114112K
  class space    used 5511K, committed 5952K, reserved 1048576K
}
Event: 17.835 GC heap after
{Heap after GC invocations=27 (full 2):
 PSYoungGen      total 18432K, used 1120K [0x00000000eab00000, 0x00000000ebf00000, 0x0000000100000000)
  eden space 16896K, 0% used [0x00000000eab00000,0x00000000eab00000,0x00000000ebb80000)
  from space 1536K, 72% used [0x00000000ebc80000,0x00000000ebd98000,0x00000000ebe00000)
  to   space 1024K, 0% used [0x00000000ebe00000,0x00000000ebe00000,0x00000000ebf00000)
 ParOldGen       total 68608K, used 35520K [0x00000000c0000000, 0x00000000c4300000, 0x00000000eab00000)
  object space 68608K, 51% used [0x00000000c0000000,0x00000000c22b0378,0x00000000c4300000)
 Metaspace       used 52253K, committed 53312K, reserved 1114112K
  class space    used 5511K, committed 5952K, reserved 1048576K
}
Event: 19.302 GC heap before
{Heap before GC invocations=28 (full 2):
 PSYoungGen      total 18432K, used 18016K [0x00000000eab00000, 0x00000000ebf00000, 0x0000000100000000)
  eden space 16896K, 100% used [0x00000000eab00000,0x00000000ebb80000,0x00000000ebb80000)
  from space 1536K, 72% used [0x00000000ebc80000,0x00000000ebd98000,0x00000000ebe00000)
  to   space 1024K, 0% used [0x00000000ebe00000,0x00000000ebe00000,0x00000000ebf00000)
 ParOldGen       total 68608K, used 35520K [0x00000000c0000000, 0x00000000c4300000, 0x00000000eab00000)
  object space 68608K, 51% used [0x00000000c0000000,0x00000000c22b0378,0x00000000c4300000)
 Metaspace       used 52710K, committed 53760K, reserved 1114112K
  class space    used 5553K, committed 5952K, reserved 1048576K
}
Event: 19.305 GC heap after
{Heap after GC invocations=28 (full 2):
 PSYoungGen      total 17920K, used 704K [0x00000000eab00000, 0x00000000ebf00000, 0x0000000100000000)
  eden space 16896K, 0% used [0x00000000eab00000,0x00000000eab00000,0x00000000ebb80000)
  from space 1024K, 68% used [0x00000000ebe00000,0x00000000ebeb0000,0x00000000ebf00000)
  to   space 1024K, 0% used [0x00000000ebd00000,0x00000000ebd00000,0x00000000ebe00000)
 ParOldGen       total 68608K, used 36464K [0x00000000c0000000, 0x00000000c4300000, 0x00000000eab00000)
  object space 68608K, 53% used [0x00000000c0000000,0x00000000c239c378,0x00000000c4300000)
 Metaspace       used 52710K, committed 53760K, reserved 1114112K
  class space    used 5553K, committed 5952K, reserved 1048576K
}
Event: 19.805 GC heap before
{Heap before GC invocations=29 (full 2):
 PSYoungGen      total 17920K, used 17600K [0x00000000eab00000, 0x00000000ebf00000, 0x0000000100000000)
  eden space 16896K, 100% used [0x00000000eab00000,0x00000000ebb80000,0x00000000ebb80000)
  from space 1024K, 68% used [0x00000000ebe00000,0x00000000ebeb0000,0x00000000ebf00000)
  to   space 1024K, 0% used [0x00000000ebd00000,0x00000000ebd00000,0x00000000ebe00000)
 ParOldGen       total 68608K, used 36464K [0x00000000c0000000, 0x00000000c4300000, 0x00000000eab00000)
  object space 68608K, 53% used [0x00000000c0000000,0x00000000c239c378,0x00000000c4300000)
 Metaspace       used 53404K, committed 54464K, reserved 1114112K
  class space    used 5622K, committed 6016K, reserved 1048576K
}
Event: 19.808 GC heap after
{Heap after GC invocations=29 (full 2):
 PSYoungGen      total 17920K, used 995K [0x00000000eab00000, 0x00000000ec480000, 0x0000000100000000)
  eden space 16896K, 0% used [0x00000000eab00000,0x00000000eab00000,0x00000000ebb80000)
  from space 1024K, 97% used [0x00000000ebd00000,0x00000000ebdf8d40,0x00000000ebe00000)
  to   space 4608K, 0% used [0x00000000ec000000,0x00000000ec000000,0x00000000ec480000)
 ParOldGen       total 68608K, used 39158K [0x00000000c0000000, 0x00000000c4300000, 0x00000000eab00000)
  object space 68608K, 57% used [0x00000000c0000000,0x00000000c263d9f0,0x00000000c4300000)
 Metaspace       used 53404K, committed 54464K, reserved 1114112K
  class space    used 5622K, committed 6016K, reserved 1048576K
}
Event: 20.408 GC heap before
{Heap before GC invocations=30 (full 2):
 PSYoungGen      total 17920K, used 17891K [0x00000000eab00000, 0x00000000ec480000, 0x0000000100000000)
  eden space 16896K, 100% used [0x00000000eab00000,0x00000000ebb80000,0x00000000ebb80000)
  from space 1024K, 97% used [0x00000000ebd00000,0x00000000ebdf8d40,0x00000000ebe00000)
  to   space 4608K, 0% used [0x00000000ec000000,0x00000000ec000000,0x00000000ec480000)
 ParOldGen       total 68608K, used 39158K [0x00000000c0000000, 0x00000000c4300000, 0x00000000eab00000)
  object space 68608K, 57% used [0x00000000c0000000,0x00000000c263d9f0,0x00000000c4300000)
 Metaspace       used 54293K, committed 55424K, reserved 1114112K
  class space    used 5744K, committed 6208K, reserved 1048576K
}
Event: 20.412 GC heap after
{Heap after GC invocations=30 (full 2):
 PSYoungGen      total 18944K, used 1632K [0x00000000eab00000, 0x00000000ec200000, 0x0000000100000000)
  eden space 16896K, 0% used [0x00000000eab00000,0x00000000eab00000,0x00000000ebb80000)
  from space 2048K, 79% used [0x00000000ec000000,0x00000000ec198000,0x00000000ec200000)
  to   space 2560K, 0% used [0x00000000ebd00000,0x00000000ebd00000,0x00000000ebf80000)
 ParOldGen       total 68608K, used 40119K [0x00000000c0000000, 0x00000000c4300000, 0x00000000eab00000)
  object space 68608K, 58% used [0x00000000c0000000,0x00000000c272de28,0x00000000c4300000)
 Metaspace       used 54293K, committed 55424K, reserved 1114112K
  class space    used 5744K, committed 6208K, reserved 1048576K
}
Event: 20.602 GC heap before
{Heap before GC invocations=31 (full 2):
 PSYoungGen      total 18944K, used 18528K [0x00000000eab00000, 0x00000000ec200000, 0x0000000100000000)
  eden space 16896K, 100% used [0x00000000eab00000,0x00000000ebb80000,0x00000000ebb80000)
  from space 2048K, 79% used [0x00000000ec000000,0x00000000ec198000,0x00000000ec200000)
  to   space 2560K, 0% used [0x00000000ebd00000,0x00000000ebd00000,0x00000000ebf80000)
 ParOldGen       total 68608K, used 40119K [0x00000000c0000000, 0x00000000c4300000, 0x00000000eab00000)
  object space 68608K, 58% used [0x00000000c0000000,0x00000000c272de28,0x00000000c4300000)
 Metaspace       used 54430K, committed 55552K, reserved 1114112K
  class space    used 5747K, committed 6208K, reserved 1048576K
}
Event: 20.606 GC heap after
{Heap after GC invocations=31 (full 2):
 PSYoungGen      total 18432K, used 1120K [0x00000000eab00000, 0x00000000ec080000, 0x0000000100000000)
  eden space 16896K, 0% used [0x00000000eab00000,0x00000000eab00000,0x00000000ebb80000)
  from space 1536K, 72% used [0x00000000ebd00000,0x00000000ebe18000,0x00000000ebe80000)
  to   space 1536K, 0% used [0x00000000ebf00000,0x00000000ebf00000,0x00000000ec080000)
 ParOldGen       total 68608K, used 41650K [0x00000000c0000000, 0x00000000c4300000, 0x00000000eab00000)
  object space 68608K, 60% used [0x00000000c0000000,0x00000000c28ac820,0x00000000c4300000)
 Metaspace       used 54430K, committed 55552K, reserved 1114112K
  class space    used 5747K, committed 6208K, reserved 1048576K
}

