# JRE version: Java(TM) SE Runtime Environment (17.0.6+9) (build 17.0.6+9-LTS-190)
# Java VM: Java HotSpot(TM) 64-Bit Server VM (17.0.6+9-LTS-190, mixed mode, emulated-client, sharing, tiered, compressed oops, compressed class ptrs, g1 gc, windows-amd64)
GC Precious Log:
 CPUs: 8 total, 8 available
 Memory: 16064M
 Large Page Support: Disabled
 NUMA Support: Disabled
 Compressed Oops: Enabled (Zero based)
 Heap Region Size: 2M
 Heap Min Capacity: 8M
 Heap Initial Capacity: 252M
 Heap Max Capacity: 4018M
 Pre-touch: Disabled
 Parallel Workers: 8
 Concurrent Workers: 2
 Concurrent Refinement Workers: 8
 Periodic GC: Disabled
Heap:
 garbage-first heap   total 745472K, used 237301K [0x0000000704e00000, 0x0000000800000000)
  region size 2048K, 3 young (6144K), 3 survivors (6144K)
 Metaspace       used 107984K, committed 109056K, reserved 1146880K
  class space    used 14474K, committed 14976K, reserved 1048576K
GC Heap History (20 events):
Event: 6.299 GC heap after
{Heap after GC invocations=18 (full 0):
 garbage-first heap   total 1964032K, used 276182K [0x0000000704e00000, 0x0000000800000000)
  region size 2048K, 10 young (20480K), 10 survivors (20480K)
 Metaspace       used 44595K, committed 45248K, reserved 1089536K
  class space    used 6666K, committed 6976K, reserved 1048576K
}
Event: 6.861 GC heap before
{Heap before GC invocations=18 (full 0):
 garbage-first heap   total 1964032K, used 421590K [0x0000000704e00000, 0x0000000800000000)
  region size 2048K, 83 young (169984K), 10 survivors (20480K)
 Metaspace       used 58374K, committed 59008K, reserved 1105920K
  class space    used 8305K, committed 8640K, reserved 1048576K
}
Event: 6.872 GC heap after
{Heap after GC invocations=19 (full 0):
 garbage-first heap   total 1964032K, used 289131K [0x0000000704e00000, 0x0000000800000000)
  region size 2048K, 16 young (32768K), 16 survivors (32768K)
 Metaspace       used 58374K, committed 59008K, reserved 1105920K
  class space    used 8305K, committed 8640K, reserved 1048576K
}
Event: 427.532 GC heap before
{Heap before GC invocations=20 (full 0):
 garbage-first heap   total 962560K, used 786795K [0x0000000704e00000, 0x0000000800000000)
  region size 2048K, 266 young (544768K), 16 survivors (32768K)
 Metaspace       used 100593K, committed 101376K, reserved 1138688K
  class space    used 13523K, committed 13888K, reserved 1048576K
}
Event: 427.574 GC heap after
{Heap after GC invocations=21 (full 0):
 garbage-first heap   total 962560K, used 308016K [0x0000000704e00000, 0x0000000800000000)
  region size 2048K, 30 young (61440K), 30 survivors (61440K)
 Metaspace       used 100593K, committed 101376K, reserved 1138688K
  class space    used 13523K, committed 13888K, reserved 1048576K
}
Event: 427.587 GC heap before
{Heap before GC invocations=21 (full 0):
 garbage-first heap   total 962560K, used 308016K [0x0000000704e00000, 0x0000000800000000)
  region size 2048K, 31 young (63488K), 30 survivors (61440K)
 Metaspace       used 100931K, committed 101696K, reserved 1138688K
  class space    used 13568K, committed 13952K, reserved 1048576K
}
Event: 427.623 GC heap after
{Heap after GC invocations=22 (full 0):
 garbage-first heap   total 962560K, used 217677K [0x0000000704e00000, 0x0000000800000000)
  region size 2048K, 4 young (8192K), 4 survivors (8192K)
 Metaspace       used 100931K, committed 101696K, reserved 1138688K
  class space    used 13568K, committed 13952K, reserved 1048576K
}
Event: 427.634 GC heap before
{Heap before GC invocations=22 (full 0):
 garbage-first heap   total 962560K, used 217677K [0x0000000704e00000, 0x0000000800000000)
  region size 2048K, 5 young (10240K), 4 survivors (8192K)
 Metaspace       used 101204K, committed 102016K, reserved 1138688K
  class space    used 13598K, committed 14016K, reserved 1048576K
}
Event: 427.637 GC heap after
{Heap after GC invocations=23 (full 0):
 garbage-first heap   total 962560K, used 201222K [0x0000000704e00000, 0x0000000800000000)
  region size 2048K, 1 young (2048K), 1 survivors (2048K)
 Metaspace       used 101204K, committed 102016K, reserved 1138688K
  class space    used 13598K, committed 14016K, reserved 1048576K
}
Event: 427.649 GC heap before
{Heap before GC invocations=23 (full 0):
 garbage-first heap   total 962560K, used 201222K [0x0000000704e00000, 0x0000000800000000)
  region size 2048K, 2 young (4096K), 1 survivors (2048K)
 Metaspace       used 101559K, committed 102336K, reserved 1138688K
  class space    used 13632K, committed 14016K, reserved 1048576K
}
Event: 427.650 GC heap after
{Heap after GC invocations=24 (full 0):
 garbage-first heap   total 962560K, used 200442K [0x0000000704e00000, 0x0000000800000000)
  region size 2048K, 1 young (2048K), 1 survivors (2048K)
 Metaspace       used 101559K, committed 102336K, reserved 1138688K
  class space    used 13632K, committed 14016K, reserved 1048576K
}
Event: 430.837 GC heap before
{Heap before GC invocations=25 (full 0):
 garbage-first heap   total 737280K, used 671482K [0x0000000704e00000, 0x0000000800000000)
  region size 2048K, 233 young (477184K), 1 survivors (2048K)
 Metaspace       used 108861K, committed 109696K, reserved 1146880K
  class space    used 14591K, committed 14976K, reserved 1048576K
}
Event: 430.881 GC heap after
{Heap after GC invocations=26 (full 0):
 garbage-first heap   total 737280K, used 240252K [0x0000000704e00000, 0x0000000800000000)
  region size 2048K, 20 young (40960K), 20 survivors (40960K)
 Metaspace       used 108861K, committed 109696K, reserved 1146880K
  class space    used 14591K, committed 14976K, reserved 1048576K
}
Event: 430.901 GC heap before
{Heap before GC invocations=26 (full 0):
 garbage-first heap   total 737280K, used 242300K [0x0000000704e00000, 0x0000000800000000)
  region size 2048K, 21 young (43008K), 20 survivors (40960K)
 Metaspace       used 108861K, committed 109696K, reserved 1146880K
  class space    used 14591K, committed 14976K, reserved 1048576K
}
Event: 430.937 GC heap after
{Heap after GC invocations=27 (full 0):
 garbage-first heap   total 737280K, used 224941K [0x0000000704e00000, 0x0000000800000000)
  region size 2048K, 2 young (4096K), 2 survivors (4096K)
 Metaspace       used 108861K, committed 109696K, reserved 1146880K
  class space    used 14591K, committed 14976K, reserved 1048576K
}
Event: 431.217 GC heap before
{Heap before GC invocations=27 (full 0):
 garbage-first heap   total 737280K, used 583341K [0x0000000704e00000, 0x0000000800000000)
  region size 2048K, 177 young (362496K), 2 survivors (4096K)
 Metaspace       used 109118K, committed 109952K, reserved 1146880K
  class space    used 14617K, committed 15040K, reserved 1048576K
}
Event: 431.226 GC heap after
{Heap after GC invocations=28 (full 0):
 garbage-first heap   total 737280K, used 240990K [0x0000000704e00000, 0x0000000800000000)
  region size 2048K, 10 young (20480K), 10 survivors (20480K)
 Metaspace       used 109118K, committed 109952K, reserved 1146880K
  class space    used 14617K, committed 15040K, reserved 1048576K
}
Event: 431.679 GC heap before
{Heap before GC invocations=29 (full 0):
 garbage-first heap   total 745472K, used 587102K [0x0000000704e00000, 0x0000000800000000)
  region size 2048K, 180 young (368640K), 10 survivors (20480K)
 Metaspace       used 107970K, committed 109056K, reserved 1146880K
  class space    used 14473K, committed 14976K, reserved 1048576K
}
Event: 431.690 GC heap after
{Heap after GC invocations=30 (full 0):
 garbage-first heap   total 745472K, used 247406K [0x0000000704e00000, 0x0000000800000000)
  region size 2048K, 13 young (26624K), 13 survivors (26624K)
 Metaspace       used 107970K, committed 109056K, reserved 1146880K
  class space    used 14473K, committed 14976K, reserved 1048576K
}
Event: 431.739 GC heap before
{Heap before GC invocations=30 (full 0):
 garbage-first heap   total 745472K, used 257646K [0x0000000704e00000, 0x0000000800000000)
  region size 2048K, 18 young (36864K), 13 survivors (26624K)
 Metaspace       used 107984K, committed 109056K, reserved 1146880K
  class space    used 14474K, committed 14976K, reserved 1048576K
}

