# JRE version: Java(TM) SE Runtime Environment (17.0.6+9) (build 17.0.6+9-LTS-190)
# Java VM: Java HotSpot(TM) 64-Bit Server VM (17.0.6+9-LTS-190, mixed mode, sharing, tiered, compressed oops, compressed class ptrs, g1 gc, windows-amd64)
GC Precious Log:
 CPUs: 8 total, 8 available
 Memory: 16064M
 Large Page Support: Disabled
 NUMA Support: Disabled
 Compressed Oops: Enabled (Zero based)
 Heap Region Size: 2M
 Heap Min Capacity: 8M
 Heap Initial Capacity: 252M
 Heap Max Capacity: 4018M
 Pre-touch: Disabled
 Parallel Workers: 8
 Concurrent Workers: 2
 Concurrent Refinement Workers: 8
 Periodic GC: Disabled
Heap:
 garbage-first heap   total 315392K, used 195894K [0x0000000704e00000, 0x0000000800000000)
  region size 2048K, 1 young (2048K), 1 survivors (2048K)
 Metaspace       used 27103K, committed 27456K, reserved 1073152K
  class space    used 2932K, committed 3136K, reserved 1048576K
GC Heap History (20 events):
Event: 37.314 GC heap after
{Heap after GC invocations=7 (full 0):
 garbage-first heap   total 258048K, used 100138K [0x0000000704e00000, 0x0000000800000000)
  region size 2048K, 8 young (16384K), 8 survivors (16384K)
 Metaspace       used 19039K, committed 19328K, reserved 1073152K
  class space    used 2021K, committed 2176K, reserved 1048576K
}
Event: 37.927 GC heap before
{Heap before GC invocations=7 (full 0):
 garbage-first heap   total 258048K, used 190250K [0x0000000704e00000, 0x0000000800000000)
  region size 2048K, 52 young (106496K), 8 survivors (16384K)
 Metaspace       used 19069K, committed 19328K, reserved 1073152K
  class space    used 2021K, committed 2176K, reserved 1048576K
}
Event: 37.943 GC heap after
{Heap after GC invocations=8 (full 0):
 garbage-first heap   total 258048K, used 105597K [0x0000000704e00000, 0x0000000800000000)
  region size 2048K, 7 young (14336K), 7 survivors (14336K)
 Metaspace       used 19069K, committed 19328K, reserved 1073152K
  class space    used 2021K, committed 2176K, reserved 1048576K
}
Event: 38.450 GC heap before
{Heap before GC invocations=8 (full 0):
 garbage-first heap   total 258048K, used 189565K [0x0000000704e00000, 0x0000000800000000)
  region size 2048K, 48 young (98304K), 7 survivors (14336K)
 Metaspace       used 19081K, committed 19392K, reserved 1073152K
  class space    used 2021K, committed 2176K, reserved 1048576K
}
Event: 38.465 GC heap after
{Heap after GC invocations=9 (full 0):
 garbage-first heap   total 258048K, used 118784K [0x0000000704e00000, 0x0000000800000000)
  region size 2048K, 6 young (12288K), 6 survivors (12288K)
 Metaspace       used 19081K, committed 19392K, reserved 1073152K
  class space    used 2021K, committed 2176K, reserved 1048576K
}
Event: 39.793 GC heap before
{Heap before GC invocations=9 (full 0):
 garbage-first heap   total 258048K, used 194560K [0x0000000704e00000, 0x0000000800000000)
  region size 2048K, 43 young (88064K), 6 survivors (12288K)
 Metaspace       used 19452K, committed 19776K, reserved 1073152K
  class space    used 2059K, committed 2240K, reserved 1048576K
}
Event: 39.813 GC heap after
{Heap after GC invocations=10 (full 0):
 garbage-first heap   total 311296K, used 149251K [0x0000000704e00000, 0x0000000800000000)
  region size 2048K, 6 young (12288K), 6 survivors (12288K)
 Metaspace       used 19452K, committed 19776K, reserved 1073152K
  class space    used 2059K, committed 2240K, reserved 1048576K
}
Event: 41.008 GC heap before
{Heap before GC invocations=10 (full 0):
 garbage-first heap   total 311296K, used 225027K [0x0000000704e00000, 0x0000000800000000)
  region size 2048K, 43 young (88064K), 6 survivors (12288K)
 Metaspace       used 19500K, committed 19840K, reserved 1073152K
  class space    used 2060K, committed 2240K, reserved 1048576K
}
Event: 41.030 GC heap after
{Heap after GC invocations=11 (full 0):
 garbage-first heap   total 311296K, used 171805K [0x0000000704e00000, 0x0000000800000000)
  region size 2048K, 6 young (12288K), 6 survivors (12288K)
 Metaspace       used 19500K, committed 19840K, reserved 1073152K
  class space    used 2060K, committed 2240K, reserved 1048576K
}
Event: 41.795 GC heap before
{Heap before GC invocations=11 (full 0):
 garbage-first heap   total 311296K, used 231197K [0x0000000704e00000, 0x0000000800000000)
  region size 2048K, 35 young (71680K), 6 survivors (12288K)
 Metaspace       used 19982K, committed 20288K, reserved 1073152K
  class space    used 2103K, committed 2240K, reserved 1048576K
}
Event: 41.812 GC heap after
{Heap after GC invocations=12 (full 0):
 garbage-first heap   total 311296K, used 183858K [0x0000000704e00000, 0x0000000800000000)
  region size 2048K, 5 young (10240K), 5 survivors (10240K)
 Metaspace       used 19982K, committed 20288K, reserved 1073152K
  class space    used 2103K, committed 2240K, reserved 1048576K
}
Event: 42.317 GC heap before
{Heap before GC invocations=13 (full 0):
 garbage-first heap   total 311296K, used 222770K [0x0000000704e00000, 0x0000000800000000)
  region size 2048K, 31 young (63488K), 5 survivors (10240K)
 Metaspace       used 20034K, committed 20352K, reserved 1073152K
  class space    used 2105K, committed 2240K, reserved 1048576K
}
Event: 42.325 GC heap after
{Heap after GC invocations=14 (full 0):
 garbage-first heap   total 311296K, used 171010K [0x0000000704e00000, 0x0000000800000000)
  region size 2048K, 1 young (2048K), 1 survivors (2048K)
 Metaspace       used 20034K, committed 20352K, reserved 1073152K
  class space    used 2105K, committed 2240K, reserved 1048576K
}
Event: 43.101 GC heap before
{Heap before GC invocations=14 (full 0):
 garbage-first heap   total 311296K, used 183298K [0x0000000704e00000, 0x0000000800000000)
  region size 2048K, 7 young (14336K), 1 survivors (2048K)
 Metaspace       used 21279K, committed 21632K, reserved 1073152K
  class space    used 2266K, committed 2432K, reserved 1048576K
}
Event: 43.106 GC heap after
{Heap after GC invocations=15 (full 0):
 garbage-first heap   total 311296K, used 169589K [0x0000000704e00000, 0x0000000800000000)
  region size 2048K, 1 young (2048K), 1 survivors (2048K)
 Metaspace       used 21279K, committed 21632K, reserved 1073152K
  class space    used 2266K, committed 2432K, reserved 1048576K
}
Event: 44.307 GC heap before
{Heap before GC invocations=15 (full 0):
 garbage-first heap   total 311296K, used 188021K [0x0000000704e00000, 0x0000000800000000)
  region size 2048K, 11 young (22528K), 1 survivors (2048K)
 Metaspace       used 26182K, committed 26560K, reserved 1073152K
  class space    used 2880K, committed 3072K, reserved 1048576K
}
Event: 44.310 GC heap after
{Heap after GC invocations=16 (full 0):
 garbage-first heap   total 311296K, used 171070K [0x0000000704e00000, 0x0000000800000000)
  region size 2048K, 2 young (4096K), 2 survivors (4096K)
 Metaspace       used 26182K, committed 26560K, reserved 1073152K
  class space    used 2880K, committed 3072K, reserved 1048576K
}
Event: 45.755 GC heap before
{Heap before GC invocations=17 (full 0):
 garbage-first heap   total 315392K, used 242750K [0x0000000704e00000, 0x0000000800000000)
  region size 2048K, 36 young (73728K), 2 survivors (4096K)
 Metaspace       used 27081K, committed 27456K, reserved 1073152K
  class space    used 2932K, committed 3136K, reserved 1048576K
}
Event: 45.771 GC heap after
{Heap after GC invocations=18 (full 0):
 garbage-first heap   total 315392K, used 195163K [0x0000000704e00000, 0x0000000800000000)
  region size 2048K, 5 young (10240K), 5 survivors (10240K)
 Metaspace       used 27081K, committed 27456K, reserved 1073152K
  class space    used 2932K, committed 3136K, reserved 1048576K
}
Event: 45.857 GC heap before
{Heap before GC invocations=18 (full 0):
 garbage-first heap   total 315392K, used 199259K [0x0000000704e00000, 0x0000000800000000)
  region size 2048K, 7 young (14336K), 5 survivors (10240K)
 Metaspace       used 27103K, committed 27456K, reserved 1073152K
  class space    used 2932K, committed 3136K, reserved 1048576K
}

