# JRE version: OpenJDK Runtime Environment Temurin-17.0.10+7 (17.0.10+7) (build 17.0.10+7)
# Java VM: OpenJDK 64-Bit Server VM Temurin-17.0.10+7 (17.0.10+7, mixed mode, tiered, compressed oops, compressed class ptrs, parallel gc, windows-amd64)
GC Precious Log:
 CPUs: 8 total, 8 available
 Memory: 16064M
 Large Page Support: Disabled
 NUMA Support: Disabled
 Compressed Oops: Enabled (32-bit)
 Alignments: Space 512K, Generation 512K, Heap 2M
 Heap Min Capacity: 100M
 Heap Initial Capacity: 100M
 Heap Max Capacity: 1G
 Pre-touch: Disabled
 Parallel Workers: 8
Heap:
 PSYoungGen      total 23040K, used 12660K [0x00000000eab00000, 0x00000000ec680000, 0x0000000100000000)
  eden space 22016K, 52% used [0x00000000eab00000,0x00000000eb65fee8,0x00000000ec080000)
  from space 1024K, 98% used [0x00000000ec380000,0x00000000ec47d350,0x00000000ec480000)
  to   space 3072K, 0% used [0x00000000ec080000,0x00000000ec080000,0x00000000ec380000)
 ParOldGen       total 68608K, used 20151K [0x00000000c0000000, 0x00000000c4300000, 0x00000000eab00000)
  object space 68608K, 29% used [0x00000000c0000000,0x00000000c13add48,0x00000000c4300000)
 Metaspace       used 46159K, committed 47104K, reserved 1114112K
  class space    used 4822K, committed 5248K, reserved 1048576K
GC Heap History (20 events):
Event: 4.985 GC heap before
{Heap before GC invocations=9 (full 1):
 PSYoungGen      total 28160K, used 28128K [0x00000000eab00000, 0x00000000ecc00000, 0x0000000100000000)
  eden space 24576K, 100% used [0x00000000eab00000,0x00000000ec300000,0x00000000ec300000)
  from space 3584K, 99% used [0x00000000ec500000,0x00000000ec878258,0x00000000ec880000)
  to   space 3584K, 0% used [0x00000000ec880000,0x00000000ec880000,0x00000000ecc00000)
 ParOldGen       total 68608K, used 11242K [0x00000000c0000000, 0x00000000c4300000, 0x00000000eab00000)
  object space 68608K, 16% used [0x00000000c0000000,0x00000000c0afa9c8,0x00000000c4300000)
 Metaspace       used 28391K, committed 29184K, reserved 1114112K
  class space    used 2887K, committed 3200K, reserved 1048576K
}
Event: 4.989 GC heap after
{Heap after GC invocations=9 (full 1):
 PSYoungGen      total 26624K, used 3567K [0x00000000eab00000, 0x00000000ed080000, 0x0000000100000000)
  eden space 23040K, 0% used [0x00000000eab00000,0x00000000eab00000,0x00000000ec180000)
  from space 3584K, 99% used [0x00000000ec880000,0x00000000ecbfbc38,0x00000000ecc00000)
  to   space 7168K, 0% used [0x00000000ec180000,0x00000000ec180000,0x00000000ec880000)
 ParOldGen       total 68608K, used 14170K [0x00000000c0000000, 0x00000000c4300000, 0x00000000eab00000)
  object space 68608K, 20% used [0x00000000c0000000,0x00000000c0dd6b90,0x00000000c4300000)
 Metaspace       used 28391K, committed 29184K, reserved 1114112K
  class space    used 2887K, committed 3200K, reserved 1048576K
}
Event: 5.322 GC heap before
{Heap before GC invocations=10 (full 1):
 PSYoungGen      total 26624K, used 26508K [0x00000000eab00000, 0x00000000ed080000, 0x0000000100000000)
  eden space 23040K, 99% used [0x00000000eab00000,0x00000000ec1674b0,0x00000000ec180000)
  from space 3584K, 99% used [0x00000000ec880000,0x00000000ecbfbc38,0x00000000ecc00000)
  to   space 7168K, 0% used [0x00000000ec180000,0x00000000ec180000,0x00000000ec880000)
 ParOldGen       total 68608K, used 14170K [0x00000000c0000000, 0x00000000c4300000, 0x00000000eab00000)
  object space 68608K, 20% used [0x00000000c0000000,0x00000000c0dd6b90,0x00000000c4300000)
 Metaspace       used 31714K, committed 32448K, reserved 1114112K
  class space    used 3135K, committed 3456K, reserved 1048576K
}
Event: 5.325 GC heap after
{Heap after GC invocations=10 (full 1):
 PSYoungGen      total 26112K, used 3344K [0x00000000eab00000, 0x00000000eca00000, 0x0000000100000000)
  eden space 22528K, 0% used [0x00000000eab00000,0x00000000eab00000,0x00000000ec100000)
  from space 3584K, 93% used [0x00000000ec180000,0x00000000ec4c4190,0x00000000ec500000)
  to   space 4608K, 0% used [0x00000000ec580000,0x00000000ec580000,0x00000000eca00000)
 ParOldGen       total 68608K, used 15700K [0x00000000c0000000, 0x00000000c4300000, 0x00000000eab00000)
  object space 68608K, 22% used [0x00000000c0000000,0x00000000c0f55008,0x00000000c4300000)
 Metaspace       used 31714K, committed 32448K, reserved 1114112K
  class space    used 3135K, committed 3456K, reserved 1048576K
}
Event: 5.488 GC heap before
{Heap before GC invocations=11 (full 1):
 PSYoungGen      total 26112K, used 25872K [0x00000000eab00000, 0x00000000eca00000, 0x0000000100000000)
  eden space 22528K, 100% used [0x00000000eab00000,0x00000000ec100000,0x00000000ec100000)
  from space 3584K, 93% used [0x00000000ec180000,0x00000000ec4c4190,0x00000000ec500000)
  to   space 4608K, 0% used [0x00000000ec580000,0x00000000ec580000,0x00000000eca00000)
 ParOldGen       total 68608K, used 15700K [0x00000000c0000000, 0x00000000c4300000, 0x00000000eab00000)
  object space 68608K, 22% used [0x00000000c0000000,0x00000000c0f55008,0x00000000c4300000)
 Metaspace       used 33073K, committed 33792K, reserved 1114112K
  class space    used 3208K, committed 3520K, reserved 1048576K
}
Event: 5.491 GC heap after
{Heap after GC invocations=11 (full 1):
 PSYoungGen      total 25088K, used 2731K [0x00000000eab00000, 0x00000000ec880000, 0x0000000100000000)
  eden space 22016K, 0% used [0x00000000eab00000,0x00000000eab00000,0x00000000ec080000)
  from space 3072K, 88% used [0x00000000ec580000,0x00000000ec82acb0,0x00000000ec880000)
  to   space 3584K, 0% used [0x00000000ec180000,0x00000000ec180000,0x00000000ec500000)
 ParOldGen       total 68608K, used 17731K [0x00000000c0000000, 0x00000000c4300000, 0x00000000eab00000)
  object space 68608K, 25% used [0x00000000c0000000,0x00000000c1150e78,0x00000000c4300000)
 Metaspace       used 33073K, committed 33792K, reserved 1114112K
  class space    used 3208K, committed 3520K, reserved 1048576K
}
Event: 5.811 GC heap before
{Heap before GC invocations=12 (full 1):
 PSYoungGen      total 25088K, used 24747K [0x00000000eab00000, 0x00000000ec880000, 0x0000000100000000)
  eden space 22016K, 100% used [0x00000000eab00000,0x00000000ec080000,0x00000000ec080000)
  from space 3072K, 88% used [0x00000000ec580000,0x00000000ec82acb0,0x00000000ec880000)
  to   space 3584K, 0% used [0x00000000ec180000,0x00000000ec180000,0x00000000ec500000)
 ParOldGen       total 68608K, used 17731K [0x00000000c0000000, 0x00000000c4300000, 0x00000000eab00000)
  object space 68608K, 25% used [0x00000000c0000000,0x00000000c1150e78,0x00000000c4300000)
 Metaspace       used 35168K, committed 35840K, reserved 1114112K
  class space    used 3401K, committed 3712K, reserved 1048576K
}
Event: 5.814 GC heap after
{Heap after GC invocations=12 (full 1):
 PSYoungGen      total 23552K, used 1186K [0x00000000eab00000, 0x00000000ec600000, 0x0000000100000000)
  eden space 22016K, 0% used [0x00000000eab00000,0x00000000eab00000,0x00000000ec080000)
  from space 1536K, 77% used [0x00000000ec180000,0x00000000ec2a8bb8,0x00000000ec300000)
  to   space 2048K, 0% used [0x00000000ec400000,0x00000000ec400000,0x00000000ec600000)
 ParOldGen       total 68608K, used 20194K [0x00000000c0000000, 0x00000000c4300000, 0x00000000eab00000)
  object space 68608K, 29% used [0x00000000c0000000,0x00000000c13b8970,0x00000000c4300000)
 Metaspace       used 35168K, committed 35840K, reserved 1114112K
  class space    used 3401K, committed 3712K, reserved 1048576K
}
Event: 5.814 GC heap before
{Heap before GC invocations=13 (full 2):
 PSYoungGen      total 23552K, used 1186K [0x00000000eab00000, 0x00000000ec600000, 0x0000000100000000)
  eden space 22016K, 0% used [0x00000000eab00000,0x00000000eab00000,0x00000000ec080000)
  from space 1536K, 77% used [0x00000000ec180000,0x00000000ec2a8bb8,0x00000000ec300000)
  to   space 2048K, 0% used [0x00000000ec400000,0x00000000ec400000,0x00000000ec600000)
 ParOldGen       total 68608K, used 20194K [0x00000000c0000000, 0x00000000c4300000, 0x00000000eab00000)
  object space 68608K, 29% used [0x00000000c0000000,0x00000000c13b8970,0x00000000c4300000)
 Metaspace       used 35168K, committed 35840K, reserved 1114112K
  class space    used 3401K, committed 3712K, reserved 1048576K
}
Event: 5.853 GC heap after
{Heap after GC invocations=13 (full 2):
 PSYoungGen      total 23552K, used 0K [0x00000000eab00000, 0x00000000ec600000, 0x0000000100000000)
  eden space 22016K, 0% used [0x00000000eab00000,0x00000000eab00000,0x00000000ec080000)
  from space 1536K, 0% used [0x00000000ec180000,0x00000000ec180000,0x00000000ec300000)
  to   space 2048K, 0% used [0x00000000ec400000,0x00000000ec400000,0x00000000ec600000)
 ParOldGen       total 68608K, used 16700K [0x00000000c0000000, 0x00000000c4300000, 0x00000000eab00000)
  object space 68608K, 24% used [0x00000000c0000000,0x00000000c104f220,0x00000000c4300000)
 Metaspace       used 35155K, committed 35840K, reserved 1114112K
  class space    used 3397K, committed 3712K, reserved 1048576K
}
Event: 6.093 GC heap before
{Heap before GC invocations=14 (full 2):
 PSYoungGen      total 23552K, used 22016K [0x00000000eab00000, 0x00000000ec600000, 0x0000000100000000)
  eden space 22016K, 100% used [0x00000000eab00000,0x00000000ec080000,0x00000000ec080000)
  from space 1536K, 0% used [0x00000000ec180000,0x00000000ec180000,0x00000000ec300000)
  to   space 2048K, 0% used [0x00000000ec400000,0x00000000ec400000,0x00000000ec600000)
 ParOldGen       total 68608K, used 16700K [0x00000000c0000000, 0x00000000c4300000, 0x00000000eab00000)
  object space 68608K, 24% used [0x00000000c0000000,0x00000000c104f220,0x00000000c4300000)
 Metaspace       used 37920K, committed 38784K, reserved 1114112K
  class space    used 3786K, committed 4160K, reserved 1048576K
}
Event: 6.095 GC heap after
{Heap after GC invocations=14 (full 2):
 PSYoungGen      total 23040K, used 768K [0x00000000eab00000, 0x00000000ec500000, 0x0000000100000000)
  eden space 22016K, 0% used [0x00000000eab00000,0x00000000eab00000,0x00000000ec080000)
  from space 1024K, 75% used [0x00000000ec400000,0x00000000ec4c0000,0x00000000ec500000)
  to   space 1536K, 0% used [0x00000000ec200000,0x00000000ec200000,0x00000000ec380000)
 ParOldGen       total 68608K, used 16708K [0x00000000c0000000, 0x00000000c4300000, 0x00000000eab00000)
  object space 68608K, 24% used [0x00000000c0000000,0x00000000c1051220,0x00000000c4300000)
 Metaspace       used 37920K, committed 38784K, reserved 1114112K
  class space    used 3786K, committed 4160K, reserved 1048576K
}
Event: 6.397 GC heap before
{Heap before GC invocations=15 (full 2):
 PSYoungGen      total 23040K, used 22736K [0x00000000eab00000, 0x00000000ec500000, 0x0000000100000000)
  eden space 22016K, 99% used [0x00000000eab00000,0x00000000ec074118,0x00000000ec080000)
  from space 1024K, 75% used [0x00000000ec400000,0x00000000ec4c0000,0x00000000ec500000)
  to   space 1536K, 0% used [0x00000000ec200000,0x00000000ec200000,0x00000000ec380000)
 ParOldGen       total 68608K, used 16708K [0x00000000c0000000, 0x00000000c4300000, 0x00000000eab00000)
  object space 68608K, 24% used [0x00000000c0000000,0x00000000c1051220,0x00000000c4300000)
 Metaspace       used 39777K, committed 40640K, reserved 1114112K
  class space    used 4020K, committed 4416K, reserved 1048576K
}
Event: 6.400 GC heap after
{Heap after GC invocations=15 (full 2):
 PSYoungGen      total 23552K, used 1090K [0x00000000eab00000, 0x00000000ec480000, 0x0000000100000000)
  eden space 22016K, 0% used [0x00000000eab00000,0x00000000eab00000,0x00000000ec080000)
  from space 1536K, 71% used [0x00000000ec200000,0x00000000ec310b78,0x00000000ec380000)
  to   space 1024K, 0% used [0x00000000ec380000,0x00000000ec380000,0x00000000ec480000)
 ParOldGen       total 68608K, used 17309K [0x00000000c0000000, 0x00000000c4300000, 0x00000000eab00000)
  object space 68608K, 25% used [0x00000000c0000000,0x00000000c10e7470,0x00000000c4300000)
 Metaspace       used 39777K, committed 40640K, reserved 1114112K
  class space    used 4020K, committed 4416K, reserved 1048576K
}
Event: 6.614 GC heap before
{Heap before GC invocations=16 (full 2):
 PSYoungGen      total 23552K, used 23106K [0x00000000eab00000, 0x00000000ec480000, 0x0000000100000000)
  eden space 22016K, 100% used [0x00000000eab00000,0x00000000ec080000,0x00000000ec080000)
  from space 1536K, 71% used [0x00000000ec200000,0x00000000ec310b78,0x00000000ec380000)
  to   space 1024K, 0% used [0x00000000ec380000,0x00000000ec380000,0x00000000ec480000)
 ParOldGen       total 68608K, used 17309K [0x00000000c0000000, 0x00000000c4300000, 0x00000000eab00000)
  object space 68608K, 25% used [0x00000000c0000000,0x00000000c10e7470,0x00000000c4300000)
 Metaspace       used 41749K, committed 42688K, reserved 1114112K
  class space    used 4267K, committed 4672K, reserved 1048576K
}
Event: 6.618 GC heap after
{Heap after GC invocations=16 (full 2):
 PSYoungGen      total 23040K, used 800K [0x00000000eab00000, 0x00000000ec480000, 0x0000000100000000)
  eden space 22016K, 0% used [0x00000000eab00000,0x00000000eab00000,0x00000000ec080000)
  from space 1024K, 78% used [0x00000000ec380000,0x00000000ec448000,0x00000000ec480000)
  to   space 1024K, 0% used [0x00000000ec280000,0x00000000ec280000,0x00000000ec380000)
 ParOldGen       total 68608K, used 18038K [0x00000000c0000000, 0x00000000c4300000, 0x00000000eab00000)
  object space 68608K, 26% used [0x00000000c0000000,0x00000000c119d958,0x00000000c4300000)
 Metaspace       used 41749K, committed 42688K, reserved 1114112K
  class space    used 4267K, committed 4672K, reserved 1048576K
}
Event: 6.805 GC heap before
{Heap before GC invocations=17 (full 2):
 PSYoungGen      total 23040K, used 22815K [0x00000000eab00000, 0x00000000ec480000, 0x0000000100000000)
  eden space 22016K, 99% used [0x00000000eab00000,0x00000000ec07fff8,0x00000000ec080000)
  from space 1024K, 78% used [0x00000000ec380000,0x00000000ec448000,0x00000000ec480000)
  to   space 1024K, 0% used [0x00000000ec280000,0x00000000ec280000,0x00000000ec380000)
 ParOldGen       total 68608K, used 18038K [0x00000000c0000000, 0x00000000c4300000, 0x00000000eab00000)
  object space 68608K, 26% used [0x00000000c0000000,0x00000000c119d958,0x00000000c4300000)
 Metaspace       used 43760K, committed 44672K, reserved 1114112K
  class space    used 4523K, committed 4928K, reserved 1048576K
}
Event: 6.807 GC heap after
{Heap after GC invocations=17 (full 2):
 PSYoungGen      total 23040K, used 1024K [0x00000000eab00000, 0x00000000ec480000, 0x0000000100000000)
  eden space 22016K, 0% used [0x00000000eab00000,0x00000000eab00000,0x00000000ec080000)
  from space 1024K, 100% used [0x00000000ec280000,0x00000000ec380000,0x00000000ec380000)
  to   space 1024K, 0% used [0x00000000ec380000,0x00000000ec380000,0x00000000ec480000)
 ParOldGen       total 68608K, used 18646K [0x00000000c0000000, 0x00000000c4300000, 0x00000000eab00000)
  object space 68608K, 27% used [0x00000000c0000000,0x00000000c1235810,0x00000000c4300000)
 Metaspace       used 43760K, committed 44672K, reserved 1114112K
  class space    used 4523K, committed 4928K, reserved 1048576K
}
Event: 7.007 GC heap before
{Heap before GC invocations=18 (full 2):
 PSYoungGen      total 23040K, used 23040K [0x00000000eab00000, 0x00000000ec480000, 0x0000000100000000)
  eden space 22016K, 100% used [0x00000000eab00000,0x00000000ec080000,0x00000000ec080000)
  from space 1024K, 100% used [0x00000000ec280000,0x00000000ec380000,0x00000000ec380000)
  to   space 1024K, 0% used [0x00000000ec380000,0x00000000ec380000,0x00000000ec480000)
 ParOldGen       total 68608K, used 18646K [0x00000000c0000000, 0x00000000c4300000, 0x00000000eab00000)
  object space 68608K, 27% used [0x00000000c0000000,0x00000000c1235810,0x00000000c4300000)
 Metaspace       used 45645K, committed 46592K, reserved 1114112K
  class space    used 4757K, committed 5184K, reserved 1048576K
}
Event: 7.010 GC heap after
{Heap after GC invocations=18 (full 2):
 PSYoungGen      total 23040K, used 1012K [0x00000000eab00000, 0x00000000ec680000, 0x0000000100000000)
  eden space 22016K, 0% used [0x00000000eab00000,0x00000000eab00000,0x00000000ec080000)
  from space 1024K, 98% used [0x00000000ec380000,0x00000000ec47d350,0x00000000ec480000)
  to   space 3072K, 0% used [0x00000000ec080000,0x00000000ec080000,0x00000000ec380000)
 ParOldGen       total 68608K, used 20151K [0x00000000c0000000, 0x00000000c4300000, 0x00000000eab00000)
  object space 68608K, 29% used [0x00000000c0000000,0x00000000c13add48,0x00000000c4300000)
 Metaspace       used 45645K, committed 46592K, reserved 1114112K
  class space    used 4757K, committed 5184K, reserved 1048576K
}

