# JRE version: OpenJDK Runtime Environment Temurin-17.0.16+8 (17.0.16+8) (build 17.0.16+8)
# Java VM: OpenJDK 64-Bit Server VM Temurin-17.0.16+8 (17.0.16+8, mixed mode, sharing, tiered, compressed oops, compressed class ptrs, g1 gc, windows-amd64)
GC Precious Log:
 CPUs: 8 total, 8 available
 Memory: 16064M
 Large Page Support: Disabled
 NUMA Support: Disabled
 Compressed Oops: Enabled (Zero based)
 Heap Region Size: 2M
 Heap Min Capacity: 8M
 Heap Initial Capacity: 252M
 Heap Max Capacity: 4018M
 Pre-touch: Disabled
 Parallel Workers: 8
 Concurrent Workers: 2
 Concurrent Refinement Workers: 8
 Periodic GC: Disabled
Heap:
 garbage-first heap   total 520192K, used 245830K [0x0000000704e00000, 0x0000000800000000)
  region size 2048K, 1 young (2048K), 1 survivors (2048K)
 Metaspace       used 32565K, committed 33024K, reserved 1114112K
  class space    used 3524K, committed 3776K, reserved 1048576K
GC Heap History (20 events):
Event: 24.955 GC heap after
{Heap after GC invocations=18 (full 0):
 garbage-first heap   total 305152K, used 176401K [0x0000000704e00000, 0x0000000800000000)
  region size 2048K, 5 young (10240K), 5 survivors (10240K)
 Metaspace       used 29090K, committed 29440K, reserved 1114112K
  class space    used 3222K, committed 3392K, reserved 1048576K
}
Event: 25.040 GC heap before
{Heap before GC invocations=18 (full 0):
 garbage-first heap   total 305152K, used 180497K [0x0000000704e00000, 0x0000000800000000)
  region size 2048K, 7 young (14336K), 5 survivors (10240K)
 Metaspace       used 29090K, committed 29440K, reserved 1114112K
  class space    used 3222K, committed 3392K, reserved 1048576K
}
Event: 25.049 GC heap after
{Heap after GC invocations=19 (full 0):
 garbage-first heap   total 305152K, used 178851K [0x0000000704e00000, 0x0000000800000000)
  region size 2048K, 1 young (2048K), 1 survivors (2048K)
 Metaspace       used 29090K, committed 29440K, reserved 1114112K
  class space    used 3222K, committed 3392K, reserved 1048576K
}
Event: 25.900 GC heap before
{Heap before GC invocations=19 (full 0):
 garbage-first heap   total 305152K, used 215715K [0x0000000704e00000, 0x0000000800000000)
  region size 2048K, 20 young (40960K), 1 survivors (2048K)
 Metaspace       used 29310K, committed 29696K, reserved 1114112K
  class space    used 3254K, committed 3456K, reserved 1048576K
}
Event: 25.907 GC heap after
{Heap after GC invocations=20 (full 0):
 garbage-first heap   total 305152K, used 188723K [0x0000000704e00000, 0x0000000800000000)
  region size 2048K, 4 young (8192K), 4 survivors (8192K)
 Metaspace       used 29310K, committed 29696K, reserved 1114112K
  class space    used 3254K, committed 3456K, reserved 1048576K
}
Event: 26.614 GC heap before
{Heap before GC invocations=21 (full 0):
 garbage-first heap   total 335872K, used 235827K [0x0000000704e00000, 0x0000000800000000)
  region size 2048K, 27 young (55296K), 4 survivors (8192K)
 Metaspace       used 29320K, committed 29696K, reserved 1114112K
  class space    used 3254K, committed 3456K, reserved 1048576K
}
Event: 26.625 GC heap after
{Heap after GC invocations=22 (full 0):
 garbage-first heap   total 335872K, used 206589K [0x0000000704e00000, 0x0000000800000000)
  region size 2048K, 4 young (8192K), 4 survivors (8192K)
 Metaspace       used 29320K, committed 29696K, reserved 1114112K
  class space    used 3254K, committed 3456K, reserved 1048576K
}
Event: 26.721 GC heap before
{Heap before GC invocations=22 (full 0):
 garbage-first heap   total 335872K, used 214781K [0x0000000704e00000, 0x0000000800000000)
  region size 2048K, 8 young (16384K), 4 survivors (8192K)
 Metaspace       used 29320K, committed 29696K, reserved 1114112K
  class space    used 3254K, committed 3456K, reserved 1048576K
}
Event: 26.727 GC heap after
{Heap after GC invocations=23 (full 0):
 garbage-first heap   total 520192K, used 209756K [0x0000000704e00000, 0x0000000800000000)
  region size 2048K, 1 young (2048K), 1 survivors (2048K)
 Metaspace       used 29320K, committed 29696K, reserved 1114112K
  class space    used 3254K, committed 3456K, reserved 1048576K
}
Event: 28.398 GC heap before
{Heap before GC invocations=23 (full 0):
 garbage-first heap   total 520192K, used 328540K [0x0000000704e00000, 0x0000000800000000)
  region size 2048K, 59 young (120832K), 1 survivors (2048K)
 Metaspace       used 30294K, committed 30656K, reserved 1114112K
  class space    used 3318K, committed 3456K, reserved 1048576K
}
Event: 28.433 GC heap after
{Heap after GC invocations=24 (full 0):
 garbage-first heap   total 520192K, used 233472K [0x0000000704e00000, 0x0000000800000000)
  region size 2048K, 8 young (16384K), 8 survivors (16384K)
 Metaspace       used 30294K, committed 30656K, reserved 1114112K
  class space    used 3318K, committed 3456K, reserved 1048576K
}
Event: 30.141 GC heap before
{Heap before GC invocations=24 (full 0):
 garbage-first heap   total 520192K, used 350208K [0x0000000704e00000, 0x0000000800000000)
  region size 2048K, 65 young (133120K), 8 survivors (16384K)
 Metaspace       used 30588K, committed 30976K, reserved 1114112K
  class space    used 3330K, committed 3520K, reserved 1048576K
}
Event: 30.186 GC heap after
{Heap after GC invocations=25 (full 0):
 garbage-first heap   total 520192K, used 246964K [0x0000000704e00000, 0x0000000800000000)
  region size 2048K, 7 young (14336K), 7 survivors (14336K)
 Metaspace       used 30588K, committed 30976K, reserved 1114112K
  class space    used 3330K, committed 3520K, reserved 1048576K
}
Event: 33.929 GC heap before
{Heap before GC invocations=25 (full 0):
 garbage-first heap   total 520192K, used 363700K [0x0000000704e00000, 0x0000000800000000)
  region size 2048K, 64 young (131072K), 7 survivors (14336K)
 Metaspace       used 32199K, committed 32576K, reserved 1114112K
  class space    used 3500K, committed 3648K, reserved 1048576K
}
Event: 33.950 GC heap after
{Heap after GC invocations=26 (full 0):
 garbage-first heap   total 520192K, used 249669K [0x0000000704e00000, 0x0000000800000000)
  region size 2048K, 2 young (4096K), 2 survivors (4096K)
 Metaspace       used 32199K, committed 32576K, reserved 1114112K
  class space    used 3500K, committed 3648K, reserved 1048576K
}
Event: 39.647 GC heap before
{Heap before GC invocations=27 (full 0):
 garbage-first heap   total 520192K, used 376645K [0x0000000704e00000, 0x0000000800000000)
  region size 2048K, 64 young (131072K), 2 survivors (4096K)
 Metaspace       used 32553K, committed 33024K, reserved 1114112K
  class space    used 3524K, committed 3776K, reserved 1048576K
}
Event: 39.651 GC heap after
{Heap after GC invocations=28 (full 0):
 garbage-first heap   total 520192K, used 249842K [0x0000000704e00000, 0x0000000800000000)
  region size 2048K, 2 young (4096K), 2 survivors (4096K)
 Metaspace       used 32553K, committed 33024K, reserved 1114112K
  class space    used 3524K, committed 3776K, reserved 1048576K
}
Event: 39.704 GC heap before
{Heap before GC invocations=28 (full 0):
 garbage-first heap   total 520192K, used 268274K [0x0000000704e00000, 0x0000000800000000)
  region size 2048K, 12 young (24576K), 2 survivors (4096K)
 Metaspace       used 32553K, committed 33024K, reserved 1114112K
  class space    used 3524K, committed 3776K, reserved 1048576K
}
Event: 39.707 GC heap after
{Heap after GC invocations=29 (full 0):
 garbage-first heap   total 520192K, used 245662K [0x0000000704e00000, 0x0000000800000000)
  region size 2048K, 1 young (2048K), 1 survivors (2048K)
 Metaspace       used 32553K, committed 33024K, reserved 1114112K
  class space    used 3524K, committed 3776K, reserved 1048576K
}
Event: 39.959 GC heap before
{Heap before GC invocations=29 (full 0):
 garbage-first heap   total 520192K, used 386974K [0x0000000704e00000, 0x0000000800000000)
  region size 2048K, 70 young (143360K), 1 survivors (2048K)
 Metaspace       used 32565K, committed 33024K, reserved 1114112K
  class space    used 3524K, committed 3776K, reserved 1048576K
}

