# JRE version: Java(TM) SE Runtime Environment (17.0.6+9) (build 17.0.6+9-LTS-190)
# Java VM: Java HotSpot(TM) 64-Bit Server VM (17.0.6+9-LTS-190, mixed mode, emulated-client, sharing, tiered, compressed oops, compressed class ptrs, g1 gc, windows-amd64)
GC Precious Log:
 CPUs: 8 total, 8 available
 Memory: 16064M
 Large Page Support: Disabled
 NUMA Support: Disabled
 Compressed Oops: Enabled (Zero based)
 Heap Region Size: 2M
 Heap Min Capacity: 8M
 Heap Initial Capacity: 252M
 Heap Max Capacity: 4018M
 Pre-touch: Disabled
 Parallel Workers: 8
 Concurrent Workers: 2
 Concurrent Refinement Workers: 8
 Periodic GC: Disabled
Heap:
 garbage-first heap   total 1140736K, used 308664K [0x0000000704e00000, 0x0000000800000000)
  region size 2048K, 17 young (34816K), 17 survivors (34816K)
 Metaspace       used 149845K, committed 150592K, reserved 1187840K
  class space    used 18368K, committed 18688K, reserved 1048576K
GC Heap History (20 events):
Event: 667.727 GC heap after
{Heap after GC invocations=29 (full 0):
 garbage-first heap   total 901120K, used 252020K [0x0000000704e00000, 0x0000000800000000)
  region size 2048K, 18 young (36864K), 18 survivors (36864K)
 Metaspace       used 127296K, committed 128512K, reserved 1163264K
  class space    used 16501K, committed 17088K, reserved 1048576K
}
Event: 667.756 GC heap before
{Heap before GC invocations=29 (full 0):
 garbage-first heap   total 901120K, used 260212K [0x0000000704e00000, 0x0000000800000000)
  region size 2048K, 22 young (45056K), 18 survivors (36864K)
 Metaspace       used 127296K, committed 128512K, reserved 1163264K
  class space    used 16501K, committed 17088K, reserved 1048576K
}
Event: 667.779 GC heap after
{Heap after GC invocations=30 (full 0):
 garbage-first heap   total 901120K, used 236797K [0x0000000704e00000, 0x0000000800000000)
  region size 2048K, 3 young (6144K), 3 survivors (6144K)
 Metaspace       used 127296K, committed 128512K, reserved 1163264K
  class space    used 16501K, committed 17088K, reserved 1048576K
}
Event: 668.089 GC heap before
{Heap before GC invocations=30 (full 0):
 garbage-first heap   total 901120K, used 707837K [0x0000000704e00000, 0x0000000800000000)
  region size 2048K, 233 young (477184K), 3 survivors (6144K)
 Metaspace       used 127348K, committed 128512K, reserved 1163264K
  class space    used 16505K, committed 17088K, reserved 1048576K
}
Event: 668.109 GC heap after
{Heap after GC invocations=31 (full 0):
 garbage-first heap   total 1638400K, used 261148K [0x0000000704e00000, 0x0000000800000000)
  region size 2048K, 15 young (30720K), 15 survivors (30720K)
 Metaspace       used 127348K, committed 128512K, reserved 1163264K
  class space    used 16505K, committed 17088K, reserved 1048576K
}
Event: 70239.809 GC heap before
{Heap before GC invocations=32 (full 0):
 garbage-first heap   total 1140736K, used 914460K [0x0000000704e00000, 0x0000000800000000)
  region size 2048K, 334 young (684032K), 15 survivors (30720K)
 Metaspace       used 139851K, committed 140736K, reserved 1179648K
  class space    used 17627K, committed 18048K, reserved 1048576K
}
Event: 70240.218 GC heap after
{Heap after GC invocations=33 (full 0):
 garbage-first heap   total 1140736K, used 274789K [0x0000000704e00000, 0x0000000800000000)
  region size 2048K, 22 young (45056K), 22 survivors (45056K)
 Metaspace       used 139851K, committed 140736K, reserved 1179648K
  class space    used 17627K, committed 18048K, reserved 1048576K
}
Event: 70240.788 GC heap before
{Heap before GC invocations=33 (full 0):
 garbage-first heap   total 1140736K, used 285029K [0x0000000704e00000, 0x0000000800000000)
  region size 2048K, 27 young (55296K), 22 survivors (45056K)
 Metaspace       used 139851K, committed 140736K, reserved 1179648K
  class space    used 17627K, committed 18048K, reserved 1048576K
}
Event: 70240.964 GC heap after
{Heap after GC invocations=34 (full 0):
 garbage-first heap   total 1140736K, used 266720K [0x0000000704e00000, 0x0000000800000000)
  region size 2048K, 1 young (2048K), 1 survivors (2048K)
 Metaspace       used 139851K, committed 140736K, reserved 1179648K
  class space    used 17627K, committed 18048K, reserved 1048576K
}
Event: 70243.794 GC heap before
{Heap before GC invocations=34 (full 0):
 garbage-first heap   total 1140736K, used 661984K [0x0000000704e00000, 0x0000000800000000)
  region size 2048K, 196 young (401408K), 1 survivors (2048K)
 Metaspace       used 141056K, committed 141952K, reserved 1179648K
  class space    used 17756K, committed 18176K, reserved 1048576K
}
Event: 70243.834 GC heap after
{Heap after GC invocations=35 (full 0):
 garbage-first heap   total 1140736K, used 280937K [0x0000000704e00000, 0x0000000800000000)
  region size 2048K, 8 young (16384K), 8 survivors (16384K)
 Metaspace       used 141056K, committed 141952K, reserved 1179648K
  class space    used 17756K, committed 18176K, reserved 1048576K
}
Event: 70244.336 GC heap before
{Heap before GC invocations=35 (full 0):
 garbage-first heap   total 1140736K, used 756073K [0x0000000704e00000, 0x0000000800000000)
  region size 2048K, 240 young (491520K), 8 survivors (16384K)
 Metaspace       used 141107K, committed 142080K, reserved 1179648K
  class space    used 17764K, committed 18240K, reserved 1048576K
}
Event: 70244.456 GC heap after
{Heap after GC invocations=36 (full 0):
 garbage-first heap   total 1140736K, used 309877K [0x0000000704e00000, 0x0000000800000000)
  region size 2048K, 22 young (45056K), 22 survivors (45056K)
 Metaspace       used 141107K, committed 142080K, reserved 1179648K
  class space    used 17764K, committed 18240K, reserved 1048576K
}
Event: 70244.636 GC heap before
{Heap before GC invocations=36 (full 0):
 garbage-first heap   total 1140736K, used 461429K [0x0000000704e00000, 0x0000000800000000)
  region size 2048K, 97 young (198656K), 22 survivors (45056K)
 Metaspace       used 141107K, committed 142080K, reserved 1179648K
  class space    used 17764K, committed 18240K, reserved 1048576K
}
Event: 70244.857 GC heap after
{Heap after GC invocations=37 (full 0):
 garbage-first heap   total 1140736K, used 296372K [0x0000000704e00000, 0x0000000800000000)
  region size 2048K, 5 young (10240K), 5 survivors (10240K)
 Metaspace       used 141107K, committed 142080K, reserved 1179648K
  class space    used 17764K, committed 18240K, reserved 1048576K
}
Event: 70245.699 GC heap before
{Heap before GC invocations=38 (full 0):
 garbage-first heap   total 1140736K, used 798132K [0x0000000704e00000, 0x0000000800000000)
  region size 2048K, 252 young (516096K), 5 survivors (10240K)
 Metaspace       used 139391K, committed 140800K, reserved 1179648K
  class space    used 17519K, committed 18112K, reserved 1048576K
}
Event: 70245.705 GC heap after
{Heap after GC invocations=39 (full 0):
 garbage-first heap   total 1140736K, used 298381K [0x0000000704e00000, 0x0000000800000000)
  region size 2048K, 7 young (14336K), 7 survivors (14336K)
 Metaspace       used 139391K, committed 140800K, reserved 1179648K
  class space    used 17519K, committed 18112K, reserved 1048576K
}
Event: 70245.929 GC heap before
{Heap before GC invocations=39 (full 0):
 garbage-first heap   total 1140736K, used 337293K [0x0000000704e00000, 0x0000000800000000)
  region size 2048K, 27 young (55296K), 7 survivors (14336K)
 Metaspace       used 146389K, committed 147136K, reserved 1179648K
  class space    used 18135K, committed 18496K, reserved 1048576K
}
Event: 70245.967 GC heap after
{Heap after GC invocations=40 (full 0):
 garbage-first heap   total 1140736K, used 282997K [0x0000000704e00000, 0x0000000800000000)
  region size 2048K, 4 young (8192K), 4 survivors (8192K)
 Metaspace       used 146389K, committed 147136K, reserved 1179648K
  class space    used 18135K, committed 18496K, reserved 1048576K
}
Event: 70248.366 GC heap before
{Heap before GC invocations=40 (full 0):
 garbage-first heap   total 1140736K, used 582005K [0x0000000704e00000, 0x0000000800000000)
  region size 2048K, 151 young (309248K), 4 survivors (8192K)
 Metaspace       used 149845K, committed 150592K, reserved 1187840K
  class space    used 18368K, committed 18688K, reserved 1048576K
}

