# JRE version: Java(TM) SE Runtime Environment (17.0.6+9) (build 17.0.6+9-LTS-190)
# Java VM: Java HotSpot(TM) 64-Bit Server VM (17.0.6+9-LTS-190, mixed mode, sharing, tiered, compressed oops, compressed class ptrs, g1 gc, windows-amd64)
GC Precious Log:
 CPUs: 8 total, 8 available
 Memory: 16064M
 Large Page Support: Disabled
 NUMA Support: Disabled
 Compressed Oops: Enabled (Zero based)
 Heap Region Size: 2M
 Heap Min Capacity: 8M
 Heap Initial Capacity: 252M
 Heap Max Capacity: 4018M
 Pre-touch: Disabled
 Parallel Workers: 8
 Concurrent Workers: 2
 Concurrent Refinement Workers: 8
 Periodic GC: Disabled
Heap:
 garbage-first heap   total 743424K, used 304253K [0x0000000704e00000, 0x0000000800000000)
  region size 2048K, 29 young (59392K), 1 survivors (2048K)
 Metaspace       used 30671K, committed 30976K, reserved 1081344K
  class space    used 3255K, committed 3392K, reserved 1048576K
GC Heap History (20 events):
Event: 5.151 GC heap before
{Heap before GC invocations=7 (full 0):
 garbage-first heap   total 311296K, used 221693K [0x0000000704e00000, 0x0000000800000000)
  region size 2048K, 70 young (143360K), 10 survivors (20480K)
 Metaspace       used 19074K, committed 19328K, reserved 1073152K
  class space    used 2025K, committed 2176K, reserved 1048576K
}
Event: 5.163 GC heap after
{Heap after GC invocations=8 (full 0):
 garbage-first heap   total 311296K, used 117247K [0x0000000704e00000, 0x0000000800000000)
  region size 2048K, 9 young (18432K), 9 survivors (18432K)
 Metaspace       used 19074K, committed 19328K, reserved 1073152K
  class space    used 2025K, committed 2176K, reserved 1048576K
}
Event: 5.644 GC heap before
{Heap before GC invocations=8 (full 0):
 garbage-first heap   total 311296K, used 227839K [0x0000000704e00000, 0x0000000800000000)
  region size 2048K, 62 young (126976K), 9 survivors (18432K)
 Metaspace       used 19473K, committed 19776K, reserved 1073152K
  class space    used 2064K, committed 2240K, reserved 1048576K
}
Event: 5.668 GC heap after
{Heap after GC invocations=9 (full 0):
 garbage-first heap   total 311296K, used 159538K [0x0000000704e00000, 0x0000000800000000)
  region size 2048K, 8 young (16384K), 8 survivors (16384K)
 Metaspace       used 19473K, committed 19776K, reserved 1073152K
  class space    used 2064K, committed 2240K, reserved 1048576K
}
Event: 5.979 GC heap before
{Heap before GC invocations=9 (full 0):
 garbage-first heap   total 311296K, used 231218K [0x0000000704e00000, 0x0000000800000000)
  region size 2048K, 43 young (88064K), 8 survivors (16384K)
 Metaspace       used 19964K, committed 20288K, reserved 1073152K
  class space    used 2107K, committed 2240K, reserved 1048576K
}
Event: 5.993 GC heap after
{Heap after GC invocations=10 (full 0):
 garbage-first heap   total 311296K, used 175001K [0x0000000704e00000, 0x0000000800000000)
  region size 2048K, 6 young (12288K), 6 survivors (12288K)
 Metaspace       used 19964K, committed 20288K, reserved 1073152K
  class space    used 2107K, committed 2240K, reserved 1048576K
}
Event: 6.699 GC heap before
{Heap before GC invocations=11 (full 0):
 garbage-first heap   total 335872K, used 232345K [0x0000000704e00000, 0x0000000800000000)
  region size 2048K, 37 young (75776K), 6 survivors (12288K)
 Metaspace       used 26158K, committed 26496K, reserved 1073152K
  class space    used 2880K, committed 3072K, reserved 1048576K
}
Event: 6.707 GC heap after
{Heap after GC invocations=12 (full 0):
 garbage-first heap   total 335872K, used 175797K [0x0000000704e00000, 0x0000000800000000)
  region size 2048K, 4 young (8192K), 4 survivors (8192K)
 Metaspace       used 26158K, committed 26496K, reserved 1073152K
  class space    used 2880K, committed 3072K, reserved 1048576K
}
Event: 6.729 GC heap before
{Heap before GC invocations=12 (full 0):
 garbage-first heap   total 335872K, used 181941K [0x0000000704e00000, 0x0000000800000000)
  region size 2048K, 8 young (16384K), 4 survivors (8192K)
 Metaspace       used 26159K, committed 26496K, reserved 1073152K
  class space    used 2880K, committed 3072K, reserved 1048576K
}
Event: 6.732 GC heap after
{Heap after GC invocations=13 (full 0):
 garbage-first heap   total 428032K, used 177917K [0x0000000704e00000, 0x0000000800000000)
  region size 2048K, 1 young (2048K), 1 survivors (2048K)
 Metaspace       used 26159K, committed 26496K, reserved 1073152K
  class space    used 2880K, committed 3072K, reserved 1048576K
}
Event: 7.599 GC heap before
{Heap before GC invocations=13 (full 0):
 garbage-first heap   total 428032K, used 313085K [0x0000000704e00000, 0x0000000800000000)
  region size 2048K, 66 young (135168K), 1 survivors (2048K)
 Metaspace       used 27484K, committed 27840K, reserved 1081344K
  class space    used 2975K, committed 3136K, reserved 1048576K
}
Event: 7.614 GC heap after
{Heap after GC invocations=14 (full 0):
 garbage-first heap   total 428032K, used 218628K [0x0000000704e00000, 0x0000000800000000)
  region size 2048K, 9 young (18432K), 9 survivors (18432K)
 Metaspace       used 27484K, committed 27840K, reserved 1081344K
  class space    used 2975K, committed 3136K, reserved 1048576K
}
Event: 8.155 GC heap before
{Heap before GC invocations=14 (full 0):
 garbage-first heap   total 428032K, used 302596K [0x0000000704e00000, 0x0000000800000000)
  region size 2048K, 51 young (104448K), 9 survivors (18432K)
 Metaspace       used 28368K, committed 28736K, reserved 1081344K
  class space    used 3038K, committed 3200K, reserved 1048576K
}
Event: 8.172 GC heap after
{Heap after GC invocations=15 (full 0):
 garbage-first heap   total 428032K, used 239532K [0x0000000704e00000, 0x0000000800000000)
  region size 2048K, 8 young (16384K), 8 survivors (16384K)
 Metaspace       used 28368K, committed 28736K, reserved 1081344K
  class space    used 3038K, committed 3200K, reserved 1048576K
}
Event: 8.732 GC heap before
{Heap before GC invocations=16 (full 0):
 garbage-first heap   total 440320K, used 325548K [0x0000000704e00000, 0x0000000800000000)
  region size 2048K, 49 young (100352K), 8 survivors (16384K)
 Metaspace       used 28729K, committed 29056K, reserved 1081344K
  class space    used 3052K, committed 3200K, reserved 1048576K
}
Event: 8.749 GC heap after
{Heap after GC invocations=17 (full 0):
 garbage-first heap   total 440320K, used 251996K [0x0000000704e00000, 0x0000000800000000)
  region size 2048K, 5 young (10240K), 5 survivors (10240K)
 Metaspace       used 28729K, committed 29056K, reserved 1081344K
  class space    used 3052K, committed 3200K, reserved 1048576K
}
Event: 8.836 GC heap before
{Heap before GC invocations=17 (full 0):
 garbage-first heap   total 440320K, used 262236K [0x0000000704e00000, 0x0000000800000000)
  region size 2048K, 10 young (20480K), 5 survivors (10240K)
 Metaspace       used 28906K, committed 29248K, reserved 1081344K
  class space    used 3061K, committed 3264K, reserved 1048576K
}
Event: 8.845 GC heap after
{Heap after GC invocations=18 (full 0):
 garbage-first heap   total 440320K, used 249947K [0x0000000704e00000, 0x0000000800000000)
  region size 2048K, 1 young (2048K), 1 survivors (2048K)
 Metaspace       used 28906K, committed 29248K, reserved 1081344K
  class space    used 3061K, committed 3264K, reserved 1048576K
}
Event: 10.664 GC heap before
{Heap before GC invocations=18 (full 0):
 garbage-first heap   total 440320K, used 340059K [0x0000000704e00000, 0x0000000800000000)
  region size 2048K, 45 young (92160K), 1 survivors (2048K)
 Metaspace       used 30341K, committed 30656K, reserved 1081344K
  class space    used 3231K, committed 3392K, reserved 1048576K
}
Event: 10.669 GC heap after
{Heap after GC invocations=19 (full 0):
 garbage-first heap   total 743424K, used 249304K [0x0000000704e00000, 0x0000000800000000)
  region size 2048K, 1 young (2048K), 1 survivors (2048K)
 Metaspace       used 30341K, committed 30656K, reserved 1081344K
  class space    used 3231K, committed 3392K, reserved 1048576K
}

