# JRE version: Java(TM) SE Runtime Environment (17.0.6+9) (build 17.0.6+9-LTS-190)
# Java VM: Java HotSpot(TM) 64-Bit Server VM (17.0.6+9-LTS-190, mixed mode, sharing, tiered, compressed oops, compressed class ptrs, g1 gc, windows-amd64)
GC Precious Log:
 CPUs: 8 total, 8 available
 Memory: 16064M
 Large Page Support: Disabled
 NUMA Support: Disabled
 Compressed Oops: Enabled (Zero based)
 Heap Region Size: 2M
 Heap Min Capacity: 8M
 Heap Initial Capacity: 252M
 Heap Max Capacity: 4018M
 Pre-touch: Disabled
 Parallel Workers: 8
 Concurrent Workers: 2
 Concurrent Refinement Workers: 8
 Periodic GC: Disabled
Heap:
 garbage-first heap   total 339968K, used 219136K [0x0000000704e00000, 0x0000000800000000)
  region size 2048K, 4 young (8192K), 4 survivors (8192K)
 Metaspace       used 25883K, committed 26304K, reserved 1073152K
  class space    used 2798K, committed 3008K, reserved 1048576K
GC Heap History (20 events):
Event: 24.446 GC heap after
{Heap after GC invocations=7 (full 0):
 garbage-first heap   total 258048K, used 93427K [0x0000000704e00000, 0x0000000800000000)
  region size 2048K, 8 young (16384K), 8 survivors (16384K)
 Metaspace       used 17754K, committed 18048K, reserved 1064960K
  class space    used 1890K, committed 2048K, reserved 1048576K
}
Event: 24.688 GC heap before
{Heap before GC invocations=7 (full 0):
 garbage-first heap   total 258048K, used 185587K [0x0000000704e00000, 0x0000000800000000)
  region size 2048K, 53 young (108544K), 8 survivors (16384K)
 Metaspace       used 17785K, committed 18112K, reserved 1064960K
  class space    used 1890K, committed 2048K, reserved 1048576K
}
Event: 24.701 GC heap after
{Heap after GC invocations=8 (full 0):
 garbage-first heap   total 258048K, used 102911K [0x0000000704e00000, 0x0000000800000000)
  region size 2048K, 7 young (14336K), 7 survivors (14336K)
 Metaspace       used 17785K, committed 18112K, reserved 1064960K
  class space    used 1890K, committed 2048K, reserved 1048576K
}
Event: 24.959 GC heap before
{Heap before GC invocations=8 (full 0):
 garbage-first heap   total 258048K, used 188927K [0x0000000704e00000, 0x0000000800000000)
  region size 2048K, 49 young (100352K), 7 survivors (14336K)
 Metaspace       used 17850K, committed 18112K, reserved 1064960K
  class space    used 1894K, committed 2048K, reserved 1048576K
}
Event: 24.969 GC heap after
{Heap after GC invocations=9 (full 0):
 garbage-first heap   total 258048K, used 112854K [0x0000000704e00000, 0x0000000800000000)
  region size 2048K, 5 young (10240K), 5 survivors (10240K)
 Metaspace       used 17850K, committed 18112K, reserved 1064960K
  class space    used 1894K, committed 2048K, reserved 1048576K
}
Event: 25.685 GC heap before
{Heap before GC invocations=9 (full 0):
 garbage-first heap   total 258048K, used 194774K [0x0000000704e00000, 0x0000000800000000)
  region size 2048K, 44 young (90112K), 5 survivors (10240K)
 Metaspace       used 18179K, committed 18432K, reserved 1073152K
  class space    used 1927K, committed 2048K, reserved 1048576K
}
Event: 25.703 GC heap after
{Heap after GC invocations=10 (full 0):
 garbage-first heap   total 258048K, used 152442K [0x0000000704e00000, 0x0000000800000000)
  region size 2048K, 6 young (12288K), 6 survivors (12288K)
 Metaspace       used 18179K, committed 18432K, reserved 1073152K
  class space    used 1927K, committed 2048K, reserved 1048576K
}
Event: 25.928 GC heap before
{Heap before GC invocations=10 (full 0):
 garbage-first heap   total 258048K, used 199546K [0x0000000704e00000, 0x0000000800000000)
  region size 2048K, 29 young (59392K), 6 survivors (12288K)
 Metaspace       used 18205K, committed 18496K, reserved 1073152K
  class space    used 1927K, committed 2048K, reserved 1048576K
}
Event: 25.943 GC heap after
{Heap after GC invocations=11 (full 0):
 garbage-first heap   total 339968K, used 167619K [0x0000000704e00000, 0x0000000800000000)
  region size 2048K, 4 young (8192K), 4 survivors (8192K)
 Metaspace       used 18205K, committed 18496K, reserved 1073152K
  class space    used 1927K, committed 2048K, reserved 1048576K
}
Event: 26.508 GC heap before
{Heap before GC invocations=12 (full 0):
 garbage-first heap   total 339968K, used 241347K [0x0000000704e00000, 0x0000000800000000)
  region size 2048K, 41 young (83968K), 4 survivors (8192K)
 Metaspace       used 18723K, committed 19008K, reserved 1073152K
  class space    used 1974K, committed 2112K, reserved 1048576K
}
Event: 26.520 GC heap after
{Heap after GC invocations=13 (full 0):
 garbage-first heap   total 339968K, used 176637K [0x0000000704e00000, 0x0000000800000000)
  region size 2048K, 5 young (10240K), 5 survivors (10240K)
 Metaspace       used 18723K, committed 19008K, reserved 1073152K
  class space    used 1974K, committed 2112K, reserved 1048576K
}
Event: 26.528 GC heap before
{Heap before GC invocations=13 (full 0):
 garbage-first heap   total 339968K, used 182781K [0x0000000704e00000, 0x0000000800000000)
  region size 2048K, 8 young (16384K), 5 survivors (10240K)
 Metaspace       used 18723K, committed 19008K, reserved 1073152K
  class space    used 1974K, committed 2112K, reserved 1048576K
}
Event: 26.533 GC heap after
{Heap after GC invocations=14 (full 0):
 garbage-first heap   total 339968K, used 175635K [0x0000000704e00000, 0x0000000800000000)
  region size 2048K, 1 young (2048K), 1 survivors (2048K)
 Metaspace       used 18723K, committed 19008K, reserved 1073152K
  class space    used 1974K, committed 2112K, reserved 1048576K
}
Event: 27.267 GC heap before
{Heap before GC invocations=14 (full 0):
 garbage-first heap   total 339968K, used 226835K [0x0000000704e00000, 0x0000000800000000)
  region size 2048K, 27 young (55296K), 1 survivors (2048K)
 Metaspace       used 24914K, committed 25216K, reserved 1073152K
  class space    used 2745K, committed 2880K, reserved 1048576K
}
Event: 27.269 GC heap after
{Heap after GC invocations=15 (full 0):
 garbage-first heap   total 339968K, used 177830K [0x0000000704e00000, 0x0000000800000000)
  region size 2048K, 2 young (4096K), 2 survivors (4096K)
 Metaspace       used 24914K, committed 25216K, reserved 1073152K
  class space    used 2745K, committed 2880K, reserved 1048576K
}
Event: 27.958 GC heap before
{Heap before GC invocations=16 (full 0):
 garbage-first heap   total 339968K, used 255654K [0x0000000704e00000, 0x0000000800000000)
  region size 2048K, 40 young (81920K), 2 survivors (4096K)
 Metaspace       used 25842K, committed 26240K, reserved 1073152K
  class space    used 2797K, committed 3008K, reserved 1048576K
}
Event: 27.969 GC heap after
{Heap after GC invocations=17 (full 0):
 garbage-first heap   total 339968K, used 203995K [0x0000000704e00000, 0x0000000800000000)
  region size 2048K, 5 young (10240K), 5 survivors (10240K)
 Metaspace       used 25842K, committed 26240K, reserved 1073152K
  class space    used 2797K, committed 3008K, reserved 1048576K
}
Event: 28.024 GC heap before
{Heap before GC invocations=17 (full 0):
 garbage-first heap   total 339968K, used 208091K [0x0000000704e00000, 0x0000000800000000)
  region size 2048K, 8 young (16384K), 5 survivors (10240K)
 Metaspace       used 25845K, committed 26240K, reserved 1073152K
  class space    used 2797K, committed 3008K, reserved 1048576K
}
Event: 28.030 GC heap after
{Heap after GC invocations=18 (full 0):
 garbage-first heap   total 339968K, used 202463K [0x0000000704e00000, 0x0000000800000000)
  region size 2048K, 1 young (2048K), 1 survivors (2048K)
 Metaspace       used 25845K, committed 26240K, reserved 1073152K
  class space    used 2797K, committed 3008K, reserved 1048576K
}
Event: 28.505 GC heap before
{Heap before GC invocations=18 (full 0):
 garbage-first heap   total 339968K, used 265951K [0x0000000704e00000, 0x0000000800000000)
  region size 2048K, 32 young (65536K), 1 survivors (2048K)
 Metaspace       used 25883K, committed 26304K, reserved 1073152K
  class space    used 2798K, committed 3008K, reserved 1048576K
}

