# JRE version: Java(TM) SE Runtime Environment (17.0.6+9) (build 17.0.6+9-LTS-190)
# Java VM: Java HotSpot(TM) 64-Bit Server VM (17.0.6+9-LTS-190, mixed mode, emulated-client, sharing, tiered, compressed oops, compressed class ptrs, g1 gc, windows-amd64)
GC Precious Log:
 CPUs: 8 total, 8 available
 Memory: 16064M
 Large Page Support: Disabled
 NUMA Support: Disabled
 Compressed Oops: Enabled (Zero based)
 Heap Region Size: 2M
 Heap Min Capacity: 8M
 Heap Initial Capacity: 252M
 Heap Max Capacity: 4018M
 Pre-touch: Disabled
 Parallel Workers: 8
 Concurrent Workers: 2
 Concurrent Refinement Workers: 8
 Periodic GC: Disabled
Heap:
 garbage-first heap   total 722944K, used 279279K [0x0000000704e00000, 0x0000000800000000)
  region size 2048K, 18 young (36864K), 18 survivors (36864K)
 Metaspace       used 42809K, committed 43392K, reserved 1089536K
  class space    used 6200K, committed 6464K, reserved 1048576K
GC Heap History (20 events):
Event: 3.085 GC heap after
{Heap after GC invocations=6 (full 0):
 garbage-first heap   total 399360K, used 66476K [0x0000000704e00000, 0x0000000800000000)
  region size 2048K, 3 young (6144K), 3 survivors (6144K)
 Metaspace       used 5504K, committed 5824K, reserved 1056768K
  class space    used 678K, committed 832K, reserved 1048576K
}
Event: 5.523 GC heap before
{Heap before GC invocations=6 (full 0):
 garbage-first heap   total 399360K, used 170924K [0x0000000704e00000, 0x0000000800000000)
  region size 2048K, 54 young (110592K), 3 survivors (6144K)
 Metaspace       used 16638K, committed 16960K, reserved 1064960K
  class space    used 2195K, committed 2368K, reserved 1048576K
}
Event: 5.543 GC heap after
{Heap after GC invocations=7 (full 0):
 garbage-first heap   total 399360K, used 74257K [0x0000000704e00000, 0x0000000800000000)
  region size 2048K, 7 young (14336K), 7 survivors (14336K)
 Metaspace       used 16638K, committed 16960K, reserved 1064960K
  class space    used 2195K, committed 2368K, reserved 1048576K
}
Event: 6.677 GC heap before
{Heap before GC invocations=7 (full 0):
 garbage-first heap   total 399360K, used 168465K [0x0000000704e00000, 0x0000000800000000)
  region size 2048K, 54 young (110592K), 7 survivors (14336K)
 Metaspace       used 21221K, committed 21504K, reserved 1073152K
  class space    used 2759K, committed 2880K, reserved 1048576K
}
Event: 6.703 GC heap after
{Heap after GC invocations=8 (full 0):
 garbage-first heap   total 399360K, used 80114K [0x0000000704e00000, 0x0000000800000000)
  region size 2048K, 10 young (20480K), 10 survivors (20480K)
 Metaspace       used 21221K, committed 21504K, reserved 1073152K
  class space    used 2759K, committed 2880K, reserved 1048576K
}
Event: 8.637 GC heap before
{Heap before GC invocations=9 (full 0):
 garbage-first heap   total 327680K, used 284914K [0x0000000704e00000, 0x0000000800000000)
  region size 2048K, 111 young (227328K), 10 survivors (20480K)
 Metaspace       used 29971K, committed 30464K, reserved 1081344K
  class space    used 3990K, committed 4224K, reserved 1048576K
}
Event: 8.677 GC heap after
{Heap after GC invocations=10 (full 0):
 garbage-first heap   total 327680K, used 87281K [0x0000000704e00000, 0x0000000800000000)
  region size 2048K, 11 young (22528K), 11 survivors (22528K)
 Metaspace       used 29971K, committed 30464K, reserved 1081344K
  class space    used 3990K, committed 4224K, reserved 1048576K
}
Event: 8.706 GC heap before
{Heap before GC invocations=10 (full 0):
 garbage-first heap   total 327680K, used 89329K [0x0000000704e00000, 0x0000000800000000)
  region size 2048K, 12 young (24576K), 11 survivors (22528K)
 Metaspace       used 30018K, committed 30464K, reserved 1081344K
  class space    used 3996K, committed 4224K, reserved 1048576K
}
Event: 8.734 GC heap after
{Heap after GC invocations=11 (full 0):
 garbage-first heap   total 327680K, used 87506K [0x0000000704e00000, 0x0000000800000000)
  region size 2048K, 2 young (4096K), 2 survivors (4096K)
 Metaspace       used 30018K, committed 30464K, reserved 1081344K
  class space    used 3996K, committed 4224K, reserved 1048576K
}
Event: 9.797 GC heap before
{Heap before GC invocations=11 (full 0):
 garbage-first heap   total 327680K, used 249298K [0x0000000704e00000, 0x0000000800000000)
  region size 2048K, 81 young (165888K), 2 survivors (4096K)
 Metaspace       used 31286K, committed 31872K, reserved 1081344K
  class space    used 4276K, committed 4544K, reserved 1048576K
}
Event: 9.822 GC heap after
{Heap after GC invocations=12 (full 0):
 garbage-first heap   total 722944K, used 100660K [0x0000000704e00000, 0x0000000800000000)
  region size 2048K, 9 young (18432K), 9 survivors (18432K)
 Metaspace       used 31286K, committed 31872K, reserved 1081344K
  class space    used 4276K, committed 4544K, reserved 1048576K
}
Event: 12.350 GC heap before
{Heap before GC invocations=13 (full 0):
 garbage-first heap   total 722944K, used 512308K [0x0000000704e00000, 0x0000000800000000)
  region size 2048K, 211 young (432128K), 9 survivors (18432K)
 Metaspace       used 39653K, committed 40192K, reserved 1089536K
  class space    used 5763K, committed 6016K, reserved 1048576K
}
Event: 12.417 GC heap after
{Heap after GC invocations=14 (full 0):
 garbage-first heap   total 722944K, used 143646K [0x0000000704e00000, 0x0000000800000000)
  region size 2048K, 27 young (55296K), 27 survivors (55296K)
 Metaspace       used 39653K, committed 40192K, reserved 1089536K
  class space    used 5763K, committed 6016K, reserved 1048576K
}
Event: 12.445 GC heap before
{Heap before GC invocations=14 (full 0):
 garbage-first heap   total 722944K, used 145694K [0x0000000704e00000, 0x0000000800000000)
  region size 2048K, 28 young (57344K), 27 survivors (55296K)
 Metaspace       used 39665K, committed 40256K, reserved 1089536K
  class space    used 5764K, committed 6016K, reserved 1048576K
}
Event: 12.493 GC heap after
{Heap after GC invocations=15 (full 0):
 garbage-first heap   total 722944K, used 151642K [0x0000000704e00000, 0x0000000800000000)
  region size 2048K, 4 young (8192K), 4 survivors (8192K)
 Metaspace       used 39665K, committed 40256K, reserved 1089536K
  class space    used 5764K, committed 6016K, reserved 1048576K
}
Event: 13.694 GC heap before
{Heap before GC invocations=15 (full 0):
 garbage-first heap   total 722944K, used 526426K [0x0000000704e00000, 0x0000000800000000)
  region size 2048K, 188 young (385024K), 4 survivors (8192K)
 Metaspace       used 39864K, committed 40448K, reserved 1089536K
  class space    used 5798K, committed 6080K, reserved 1048576K
}
Event: 13.798 GC heap after
{Heap after GC invocations=16 (full 0):
 garbage-first heap   total 722944K, used 229352K [0x0000000704e00000, 0x0000000800000000)
  region size 2048K, 24 young (49152K), 24 survivors (49152K)
 Metaspace       used 39864K, committed 40448K, reserved 1089536K
  class space    used 5798K, committed 6080K, reserved 1048576K
}
Event: 14.587 GC heap before
{Heap before GC invocations=16 (full 0):
 garbage-first heap   total 722944K, used 524264K [0x0000000704e00000, 0x0000000800000000)
  region size 2048K, 169 young (346112K), 24 survivors (49152K)
 Metaspace       used 40266K, committed 40832K, reserved 1089536K
  class space    used 5856K, committed 6144K, reserved 1048576K
}
Event: 14.677 GC heap after
{Heap after GC invocations=17 (full 0):
 garbage-first heap   total 722944K, used 259673K [0x0000000704e00000, 0x0000000800000000)
  region size 2048K, 15 young (30720K), 15 survivors (30720K)
 Metaspace       used 40266K, committed 40832K, reserved 1089536K
  class space    used 5856K, committed 6144K, reserved 1048576K
}
Event: 16.243 GC heap before
{Heap before GC invocations=17 (full 0):
 garbage-first heap   total 722944K, used 542297K [0x0000000704e00000, 0x0000000800000000)
  region size 2048K, 154 young (315392K), 15 survivors (30720K)
 Metaspace       used 42809K, committed 43392K, reserved 1089536K
  class space    used 6200K, committed 6464K, reserved 1048576K
}

