# JRE version: Java(TM) SE Runtime Environment (17.0.6+9) (build 17.0.6+9-LTS-190)
# Java VM: Java HotSpot(TM) 64-Bit Server VM (17.0.6+9-LTS-190, mixed mode, emulated-client, sharing, tiered, compressed oops, compressed class ptrs, g1 gc, windows-amd64)
GC Precious Log:
 CPUs: 8 total, 8 available
 Memory: 16064M
 Large Page Support: Disabled
 NUMA Support: Disabled
 Compressed Oops: Enabled (Zero based)
 Heap Region Size: 2M
 Heap Min Capacity: 8M
 Heap Initial Capacity: 252M
 Heap Max Capacity: 4018M
 Pre-touch: Disabled
 Parallel Workers: 8
 Concurrent Workers: 2
 Concurrent Refinement Workers: 8
 Periodic GC: Disabled
Heap:
 garbage-first heap   total 907264K, used 276809K [0x0000000704e00000, 0x0000000800000000)
  region size 2048K, 14 young (28672K), 14 survivors (28672K)
 Metaspace       used 40069K, committed 40640K, reserved 1089536K
  class space    used 5886K, committed 6144K, reserved 1048576K
GC Heap History (20 events):
Event: 1.183 GC heap after
{Heap after GC invocations=5 (full 0):
 garbage-first heap   total 413696K, used 67444K [0x0000000704e00000, 0x0000000800000000)
  region size 2048K, 5 young (10240K), 5 survivors (10240K)
 Metaspace       used 5526K, committed 5824K, reserved 1056768K
  class space    used 682K, committed 832K, reserved 1048576K
}
Event: 1.492 GC heap before
{Heap before GC invocations=5 (full 0):
 garbage-first heap   total 413696K, used 108404K [0x0000000704e00000, 0x0000000800000000)
  region size 2048K, 25 young (51200K), 5 survivors (10240K)
 Metaspace       used 7953K, committed 8192K, reserved 1064960K
  class space    used 1050K, committed 1152K, reserved 1048576K
}
Event: 1.501 GC heap after
{Heap after GC invocations=6 (full 0):
 garbage-first heap   total 413696K, used 71954K [0x0000000704e00000, 0x0000000800000000)
  region size 2048K, 2 young (4096K), 2 survivors (4096K)
 Metaspace       used 7953K, committed 8192K, reserved 1064960K
  class space    used 1050K, committed 1152K, reserved 1048576K
}
Event: 2.441 GC heap before
{Heap before GC invocations=6 (full 0):
 garbage-first heap   total 413696K, used 237842K [0x0000000704e00000, 0x0000000800000000)
  region size 2048K, 84 young (172032K), 2 survivors (4096K)
 Metaspace       used 21119K, committed 21504K, reserved 1073152K
  class space    used 2801K, committed 2944K, reserved 1048576K
}
Event: 2.452 GC heap after
{Heap after GC invocations=7 (full 0):
 garbage-first heap   total 413696K, used 83089K [0x0000000704e00000, 0x0000000800000000)
  region size 2048K, 8 young (16384K), 8 survivors (16384K)
 Metaspace       used 21119K, committed 21504K, reserved 1073152K
  class space    used 2801K, committed 2944K, reserved 1048576K
}
Event: 3.041 GC heap before
{Heap before GC invocations=8 (full 0):
 garbage-first heap   total 362496K, used 291985K [0x0000000704e00000, 0x0000000800000000)
  region size 2048K, 110 young (225280K), 8 survivors (16384K)
 Metaspace       used 30184K, committed 30720K, reserved 1081344K
  class space    used 4019K, committed 4288K, reserved 1048576K
}
Event: 3.055 GC heap after
{Heap after GC invocations=9 (full 0):
 garbage-first heap   total 362496K, used 91053K [0x0000000704e00000, 0x0000000800000000)
  region size 2048K, 11 young (22528K), 11 survivors (22528K)
 Metaspace       used 30184K, committed 30720K, reserved 1081344K
  class space    used 4019K, committed 4288K, reserved 1048576K
}
Event: 3.061 GC heap before
{Heap before GC invocations=9 (full 0):
 garbage-first heap   total 362496K, used 91053K [0x0000000704e00000, 0x0000000800000000)
  region size 2048K, 12 young (24576K), 11 survivors (22528K)
 Metaspace       used 30307K, committed 30784K, reserved 1081344K
  class space    used 4034K, committed 4288K, reserved 1048576K
}
Event: 3.077 GC heap after
{Heap after GC invocations=10 (full 0):
 garbage-first heap   total 362496K, used 92340K [0x0000000704e00000, 0x0000000800000000)
  region size 2048K, 2 young (4096K), 2 survivors (4096K)
 Metaspace       used 30307K, committed 30784K, reserved 1081344K
  class space    used 4034K, committed 4288K, reserved 1048576K
}
Event: 3.445 GC heap before
{Heap before GC invocations=10 (full 0):
 garbage-first heap   total 362496K, used 264372K [0x0000000704e00000, 0x0000000800000000)
  region size 2048K, 87 young (178176K), 2 survivors (4096K)
 Metaspace       used 34096K, committed 34624K, reserved 1081344K
  class space    used 4718K, committed 4928K, reserved 1048576K
}
Event: 3.457 GC heap after
{Heap after GC invocations=11 (full 0):
 garbage-first heap   total 907264K, used 104671K [0x0000000704e00000, 0x0000000800000000)
  region size 2048K, 8 young (16384K), 8 survivors (16384K)
 Metaspace       used 34096K, committed 34624K, reserved 1081344K
  class space    used 4718K, committed 4928K, reserved 1048576K
}
Event: 4.231 GC heap before
{Heap before GC invocations=12 (full 0):
 garbage-first heap   total 628736K, used 555231K [0x0000000704e00000, 0x0000000800000000)
  region size 2048K, 230 young (471040K), 8 survivors (16384K)
 Metaspace       used 39358K, committed 39872K, reserved 1089536K
  class space    used 5782K, committed 6016K, reserved 1048576K
}
Event: 4.257 GC heap after
{Heap after GC invocations=13 (full 0):
 garbage-first heap   total 628736K, used 149234K [0x0000000704e00000, 0x0000000800000000)
  region size 2048K, 30 young (61440K), 30 survivors (61440K)
 Metaspace       used 39358K, committed 39872K, reserved 1089536K
  class space    used 5782K, committed 6016K, reserved 1048576K
}
Event: 4.262 GC heap before
{Heap before GC invocations=13 (full 0):
 garbage-first heap   total 628736K, used 151282K [0x0000000704e00000, 0x0000000800000000)
  region size 2048K, 31 young (63488K), 30 survivors (61440K)
 Metaspace       used 39371K, committed 39872K, reserved 1089536K
  class space    used 5783K, committed 6016K, reserved 1048576K
}
Event: 4.282 GC heap after
{Heap after GC invocations=14 (full 0):
 garbage-first heap   total 628736K, used 153411K [0x0000000704e00000, 0x0000000800000000)
  region size 2048K, 4 young (8192K), 4 survivors (8192K)
 Metaspace       used 39371K, committed 39872K, reserved 1089536K
  class space    used 5783K, committed 6016K, reserved 1048576K
}
Event: 4.556 GC heap before
{Heap before GC invocations=14 (full 0):
 garbage-first heap   total 628736K, used 460611K [0x0000000704e00000, 0x0000000800000000)
  region size 2048K, 155 young (317440K), 4 survivors (8192K)
 Metaspace       used 39698K, committed 40256K, reserved 1089536K
  class space    used 5823K, committed 6080K, reserved 1048576K
}
Event: 4.593 GC heap after
{Heap after GC invocations=15 (full 0):
 garbage-first heap   total 628736K, used 225053K [0x0000000704e00000, 0x0000000800000000)
  region size 2048K, 20 young (40960K), 20 survivors (40960K)
 Metaspace       used 39698K, committed 40256K, reserved 1089536K
  class space    used 5823K, committed 6080K, reserved 1048576K
}
Event: 4.870 GC heap before
{Heap before GC invocations=15 (full 0):
 garbage-first heap   total 628736K, used 456477K [0x0000000704e00000, 0x0000000800000000)
  region size 2048K, 133 young (272384K), 20 survivors (40960K)
 Metaspace       used 39883K, committed 40384K, reserved 1089536K
  class space    used 5850K, committed 6080K, reserved 1048576K
}
Event: 4.901 GC heap after
{Heap after GC invocations=16 (full 0):
 garbage-first heap   total 628736K, used 249184K [0x0000000704e00000, 0x0000000800000000)
  region size 2048K, 11 young (22528K), 11 survivors (22528K)
 Metaspace       used 39883K, committed 40384K, reserved 1089536K
  class space    used 5850K, committed 6080K, reserved 1048576K
}
Event: 5.123 GC heap before
{Heap before GC invocations=16 (full 0):
 garbage-first heap   total 628736K, used 470368K [0x0000000704e00000, 0x0000000800000000)
  region size 2048K, 120 young (245760K), 11 survivors (22528K)
 Metaspace       used 40069K, committed 40640K, reserved 1089536K
  class space    used 5886K, committed 6144K, reserved 1048576K
}

