# JRE version: Java(TM) SE Runtime Environment (17.0.6+9) (build 17.0.6+9-LTS-190)
# Java VM: Java HotSpot(TM) 64-Bit Server VM (17.0.6+9-LTS-190, mixed mode, emulated-client, sharing, tiered, compressed oops, compressed class ptrs, g1 gc, windows-amd64)
GC Precious Log:
 CPUs: 8 total, 8 available
 Memory: 16064M
 Large Page Support: Disabled
 NUMA Support: Disabled
 Compressed Oops: Enabled (Zero based)
 Heap Region Size: 2M
 Heap Min Capacity: 8M
 Heap Initial Capacity: 252M
 Heap Max Capacity: 4018M
 Pre-touch: Disabled
 Parallel Workers: 8
 Concurrent Workers: 2
 Concurrent Refinement Workers: 8
 Periodic GC: Disabled
Heap:
 garbage-first heap   total 878592K, used 289520K [0x0000000704e00000, 0x0000000800000000)
  region size 2048K, 17 young (34816K), 17 survivors (34816K)
 Metaspace       used 41570K, committed 42112K, reserved 1089536K
  class space    used 6078K, committed 6336K, reserved 1048576K
GC Heap History (20 events):
Event: 1.354 GC heap after
{Heap after GC invocations=6 (full 0):
 garbage-first heap   total 425984K, used 69526K [0x0000000704e00000, 0x0000000800000000)
  region size 2048K, 2 young (4096K), 2 survivors (4096K)
 Metaspace       used 6805K, committed 7040K, reserved 1056768K
  class space    used 893K, committed 1024K, reserved 1048576K
}
Event: 2.312 GC heap before
{Heap before GC invocations=6 (full 0):
 garbage-first heap   total 425984K, used 202646K [0x0000000704e00000, 0x0000000800000000)
  region size 2048K, 67 young (137216K), 2 survivors (4096K)
 Metaspace       used 19755K, committed 20096K, reserved 1073152K
  class space    used 2605K, committed 2752K, reserved 1048576K
}
Event: 2.322 GC heap after
{Heap after GC invocations=7 (full 0):
 garbage-first heap   total 425984K, used 78581K [0x0000000704e00000, 0x0000000800000000)
  region size 2048K, 7 young (14336K), 7 survivors (14336K)
 Metaspace       used 19755K, committed 20096K, reserved 1073152K
  class space    used 2605K, committed 2752K, reserved 1048576K
}
Event: 2.561 GC heap before
{Heap before GC invocations=7 (full 0):
 garbage-first heap   total 425984K, used 129781K [0x0000000704e00000, 0x0000000800000000)
  region size 2048K, 33 young (67584K), 7 survivors (14336K)
 Metaspace       used 21193K, committed 21504K, reserved 1073152K
  class space    used 2813K, committed 2944K, reserved 1048576K
}
Event: 2.569 GC heap after
{Heap after GC invocations=8 (full 0):
 garbage-first heap   total 425984K, used 81979K [0x0000000704e00000, 0x0000000800000000)
  region size 2048K, 8 young (16384K), 8 survivors (16384K)
 Metaspace       used 21193K, committed 21504K, reserved 1073152K
  class space    used 2813K, committed 2944K, reserved 1048576K
}
Event: 3.215 GC heap before
{Heap before GC invocations=9 (full 0):
 garbage-first heap   total 348160K, used 297019K [0x0000000704e00000, 0x0000000800000000)
  region size 2048K, 115 young (235520K), 8 survivors (16384K)
 Metaspace       used 30462K, committed 30912K, reserved 1081344K
  class space    used 4055K, committed 4288K, reserved 1048576K
}
Event: 3.230 GC heap after
{Heap after GC invocations=10 (full 0):
 garbage-first heap   total 348160K, used 89748K [0x0000000704e00000, 0x0000000800000000)
  region size 2048K, 12 young (24576K), 12 survivors (24576K)
 Metaspace       used 30462K, committed 30912K, reserved 1081344K
  class space    used 4055K, committed 4288K, reserved 1048576K
}
Event: 3.236 GC heap before
{Heap before GC invocations=10 (full 0):
 garbage-first heap   total 348160K, used 91796K [0x0000000704e00000, 0x0000000800000000)
  region size 2048K, 13 young (26624K), 12 survivors (24576K)
 Metaspace       used 30520K, committed 31040K, reserved 1081344K
  class space    used 4064K, committed 4352K, reserved 1048576K
}
Event: 3.249 GC heap after
{Heap after GC invocations=11 (full 0):
 garbage-first heap   total 348160K, used 91586K [0x0000000704e00000, 0x0000000800000000)
  region size 2048K, 2 young (4096K), 2 survivors (4096K)
 Metaspace       used 30520K, committed 31040K, reserved 1081344K
  class space    used 4064K, committed 4352K, reserved 1048576K
}
Event: 3.560 GC heap before
{Heap before GC invocations=11 (full 0):
 garbage-first heap   total 348160K, used 267714K [0x0000000704e00000, 0x0000000800000000)
  region size 2048K, 88 young (180224K), 2 survivors (4096K)
 Metaspace       used 34400K, committed 34944K, reserved 1081344K
  class space    used 4766K, committed 4992K, reserved 1048576K
}
Event: 3.572 GC heap after
{Heap after GC invocations=12 (full 0):
 garbage-first heap   total 878592K, used 106846K [0x0000000704e00000, 0x0000000800000000)
  region size 2048K, 10 young (20480K), 10 survivors (20480K)
 Metaspace       used 34400K, committed 34944K, reserved 1081344K
  class space    used 4766K, committed 4992K, reserved 1048576K
}
Event: 4.456 GC heap before
{Heap before GC invocations=13 (full 0):
 garbage-first heap   total 724992K, used 610654K [0x0000000704e00000, 0x0000000800000000)
  region size 2048K, 257 young (526336K), 10 survivors (20480K)
 Metaspace       used 40211K, committed 40768K, reserved 1089536K
  class space    used 5868K, committed 6144K, reserved 1048576K
}
Event: 4.488 GC heap after
{Heap after GC invocations=14 (full 0):
 garbage-first heap   total 724992K, used 169299K [0x0000000704e00000, 0x0000000800000000)
  region size 2048K, 33 young (67584K), 33 survivors (67584K)
 Metaspace       used 40211K, committed 40768K, reserved 1089536K
  class space    used 5868K, committed 6144K, reserved 1048576K
}
Event: 4.492 GC heap before
{Heap before GC invocations=14 (full 0):
 garbage-first heap   total 724992K, used 171347K [0x0000000704e00000, 0x0000000800000000)
  region size 2048K, 34 young (69632K), 33 survivors (67584K)
 Metaspace       used 40212K, committed 40768K, reserved 1089536K
  class space    used 5868K, committed 6144K, reserved 1048576K
}
Event: 4.515 GC heap after
{Heap after GC invocations=15 (full 0):
 garbage-first heap   total 724992K, used 176865K [0x0000000704e00000, 0x0000000800000000)
  region size 2048K, 4 young (8192K), 4 survivors (8192K)
 Metaspace       used 40212K, committed 40768K, reserved 1089536K
  class space    used 5868K, committed 6144K, reserved 1048576K
}
Event: 4.896 GC heap before
{Heap before GC invocations=15 (full 0):
 garbage-first heap   total 724992K, used 506593K [0x0000000704e00000, 0x0000000800000000)
  region size 2048K, 166 young (339968K), 4 survivors (8192K)
 Metaspace       used 40655K, committed 41152K, reserved 1089536K
  class space    used 5943K, committed 6208K, reserved 1048576K
}
Event: 4.926 GC heap after
{Heap after GC invocations=16 (full 0):
 garbage-first heap   total 724992K, used 232416K [0x0000000704e00000, 0x0000000800000000)
  region size 2048K, 21 young (43008K), 21 survivors (43008K)
 Metaspace       used 40655K, committed 41152K, reserved 1089536K
  class space    used 5943K, committed 6208K, reserved 1048576K
}
Event: 5.176 GC heap before
{Heap before GC invocations=16 (full 0):
 garbage-first heap   total 724992K, used 512992K [0x0000000704e00000, 0x0000000800000000)
  region size 2048K, 159 young (325632K), 21 survivors (43008K)
 Metaspace       used 40998K, committed 41536K, reserved 1089536K
  class space    used 5999K, committed 6272K, reserved 1048576K
}
Event: 5.212 GC heap after
{Heap after GC invocations=17 (full 0):
 garbage-first heap   total 724992K, used 265863K [0x0000000704e00000, 0x0000000800000000)
  region size 2048K, 16 young (32768K), 16 survivors (32768K)
 Metaspace       used 40998K, committed 41536K, reserved 1089536K
  class space    used 5999K, committed 6272K, reserved 1048576K
}
Event: 5.466 GC heap before
{Heap before GC invocations=17 (full 0):
 garbage-first heap   total 724992K, used 534151K [0x0000000704e00000, 0x0000000800000000)
  region size 2048K, 148 young (303104K), 16 survivors (32768K)
 Metaspace       used 41570K, committed 42112K, reserved 1089536K
  class space    used 6078K, committed 6336K, reserved 1048576K
}

