# JRE version: Java(TM) SE Runtime Environment (17.0.6+9) (build 17.0.6+9-LTS-190)
# Java VM: Java HotSpot(TM) 64-Bit Server VM (17.0.6+9-LTS-190, mixed mode, emulated-client, sharing, tiered, compressed oops, compressed class ptrs, g1 gc, windows-amd64)
GC Precious Log:
 CPUs: 8 total, 8 available
 Memory: 16064M
 Large Page Support: Disabled
 NUMA Support: Disabled
 Compressed Oops: Enabled (Zero based)
 Heap Region Size: 2M
 Heap Min Capacity: 8M
 Heap Initial Capacity: 252M
 Heap Max Capacity: 4018M
 Pre-touch: Disabled
 Parallel Workers: 8
 Concurrent Workers: 2
 Concurrent Refinement Workers: 8
 Periodic GC: Disabled
Heap:
 garbage-first heap   total 837632K, used 238258K [0x0000000704e00000, 0x0000000800000000)
  region size 2048K, 11 young (22528K), 11 survivors (22528K)
 Metaspace       used 40795K, committed 41280K, reserved 1089536K
  class space    used 5962K, committed 6208K, reserved 1048576K
GC Heap History (20 events):
Event: 1.436 GC heap after
{Heap after GC invocations=6 (full 0):
 garbage-first heap   total 413696K, used 68693K [0x0000000704e00000, 0x0000000800000000)
  region size 2048K, 2 young (4096K), 2 survivors (4096K)
 Metaspace       used 6474K, committed 6720K, reserved 1056768K
  class space    used 853K, committed 960K, reserved 1048576K
}
Event: 2.268 GC heap before
{Heap before GC invocations=6 (full 0):
 garbage-first heap   total 413696K, used 197717K [0x0000000704e00000, 0x0000000800000000)
  region size 2048K, 65 young (133120K), 2 survivors (4096K)
 Metaspace       used 19844K, committed 20224K, reserved 1073152K
  class space    used 2641K, committed 2816K, reserved 1048576K
}
Event: 2.277 GC heap after
{Heap after GC invocations=7 (full 0):
 garbage-first heap   total 413696K, used 76817K [0x0000000704e00000, 0x0000000800000000)
  region size 2048K, 6 young (12288K), 6 survivors (12288K)
 Metaspace       used 19844K, committed 20224K, reserved 1073152K
  class space    used 2641K, committed 2816K, reserved 1048576K
}
Event: 2.520 GC heap before
{Heap before GC invocations=7 (full 0):
 garbage-first heap   total 413696K, used 134161K [0x0000000704e00000, 0x0000000800000000)
  region size 2048K, 35 young (71680K), 6 survivors (12288K)
 Metaspace       used 21105K, committed 21504K, reserved 1073152K
  class space    used 2824K, committed 3008K, reserved 1048576K
}
Event: 2.528 GC heap after
{Heap after GC invocations=8 (full 0):
 garbage-first heap   total 413696K, used 80466K [0x0000000704e00000, 0x0000000800000000)
  region size 2048K, 8 young (16384K), 8 survivors (16384K)
 Metaspace       used 21105K, committed 21504K, reserved 1073152K
  class space    used 2824K, committed 3008K, reserved 1048576K
}
Event: 3.259 GC heap before
{Heap before GC invocations=9 (full 0):
 garbage-first heap   total 348160K, used 297554K [0x0000000704e00000, 0x0000000800000000)
  region size 2048K, 116 young (237568K), 8 survivors (16384K)
 Metaspace       used 30687K, committed 31168K, reserved 1081344K
  class space    used 4115K, committed 4352K, reserved 1048576K
}
Event: 3.276 GC heap after
{Heap after GC invocations=10 (full 0):
 garbage-first heap   total 348160K, used 88628K [0x0000000704e00000, 0x0000000800000000)
  region size 2048K, 12 young (24576K), 12 survivors (24576K)
 Metaspace       used 30687K, committed 31168K, reserved 1081344K
  class space    used 4115K, committed 4352K, reserved 1048576K
}
Event: 3.284 GC heap before
{Heap before GC invocations=10 (full 0):
 garbage-first heap   total 348160K, used 90676K [0x0000000704e00000, 0x0000000800000000)
  region size 2048K, 13 young (26624K), 12 survivors (24576K)
 Metaspace       used 30764K, committed 31232K, reserved 1081344K
  class space    used 4129K, committed 4352K, reserved 1048576K
}
Event: 3.300 GC heap after
{Heap after GC invocations=11 (full 0):
 garbage-first heap   total 348160K, used 89346K [0x0000000704e00000, 0x0000000800000000)
  region size 2048K, 2 young (4096K), 2 survivors (4096K)
 Metaspace       used 30764K, committed 31232K, reserved 1081344K
  class space    used 4129K, committed 4352K, reserved 1048576K
}
Event: 3.654 GC heap before
{Heap before GC invocations=11 (full 0):
 garbage-first heap   total 348160K, used 267522K [0x0000000704e00000, 0x0000000800000000)
  region size 2048K, 89 young (182272K), 2 survivors (4096K)
 Metaspace       used 34303K, committed 34880K, reserved 1081344K
  class space    used 4811K, committed 5056K, reserved 1048576K
}
Event: 3.666 GC heap after
{Heap after GC invocations=12 (full 0):
 garbage-first heap   total 835584K, used 103067K [0x0000000704e00000, 0x0000000800000000)
  region size 2048K, 9 young (18432K), 9 survivors (18432K)
 Metaspace       used 34303K, committed 34880K, reserved 1081344K
  class space    used 4811K, committed 5056K, reserved 1048576K
}
Event: 4.556 GC heap before
{Heap before GC invocations=13 (full 0):
 garbage-first heap   total 622592K, used 553627K [0x0000000704e00000, 0x0000000800000000)
  region size 2048K, 231 young (473088K), 9 survivors (18432K)
 Metaspace       used 39753K, committed 40256K, reserved 1089536K
  class space    used 5803K, committed 6016K, reserved 1048576K
}
Event: 4.582 GC heap after
{Heap after GC invocations=14 (full 0):
 garbage-first heap   total 624640K, used 150586K [0x0000000704e00000, 0x0000000800000000)
  region size 2048K, 31 young (63488K), 31 survivors (63488K)
 Metaspace       used 39753K, committed 40256K, reserved 1089536K
  class space    used 5803K, committed 6016K, reserved 1048576K
}
Event: 4.619 GC heap before
{Heap before GC invocations=14 (full 0):
 garbage-first heap   total 624640K, used 152634K [0x0000000704e00000, 0x0000000800000000)
  region size 2048K, 32 young (65536K), 31 survivors (63488K)
 Metaspace       used 39814K, committed 40256K, reserved 1089536K
  class space    used 5811K, committed 6016K, reserved 1048576K
}
Event: 4.641 GC heap after
{Heap after GC invocations=15 (full 0):
 garbage-first heap   total 624640K, used 157411K [0x0000000704e00000, 0x0000000800000000)
  region size 2048K, 4 young (8192K), 4 survivors (8192K)
 Metaspace       used 39814K, committed 40256K, reserved 1089536K
  class space    used 5811K, committed 6016K, reserved 1048576K
}
Event: 4.896 GC heap before
{Heap before GC invocations=15 (full 0):
 garbage-first heap   total 624640K, used 458467K [0x0000000704e00000, 0x0000000800000000)
  region size 2048K, 152 young (311296K), 4 survivors (8192K)
 Metaspace       used 39850K, committed 40320K, reserved 1089536K
  class space    used 5814K, committed 6016K, reserved 1048576K
}
Event: 4.929 GC heap after
{Heap after GC invocations=16 (full 0):
 garbage-first heap   total 624640K, used 195376K [0x0000000704e00000, 0x0000000800000000)
  region size 2048K, 19 young (38912K), 19 survivors (38912K)
 Metaspace       used 39850K, committed 40320K, reserved 1089536K
  class space    used 5814K, committed 6016K, reserved 1048576K
}
Event: 5.297 GC heap before
{Heap before GC invocations=16 (full 0):
 garbage-first heap   total 624640K, used 461616K [0x0000000704e00000, 0x0000000800000000)
  region size 2048K, 150 young (307200K), 19 survivors (38912K)
 Metaspace       used 40487K, committed 41024K, reserved 1089536K
  class space    used 5924K, committed 6208K, reserved 1048576K
}
Event: 5.330 GC heap after
{Heap after GC invocations=17 (full 0):
 garbage-first heap   total 624640K, used 233264K [0x0000000704e00000, 0x0000000800000000)
  region size 2048K, 19 young (38912K), 19 survivors (38912K)
 Metaspace       used 40487K, committed 41024K, reserved 1089536K
  class space    used 5924K, committed 6208K, reserved 1048576K
}
Event: 5.565 GC heap before
{Heap before GC invocations=17 (full 0):
 garbage-first heap   total 624640K, used 466736K [0x0000000704e00000, 0x0000000800000000)
  region size 2048K, 134 young (274432K), 19 survivors (38912K)
 Metaspace       used 40795K, committed 41280K, reserved 1089536K
  class space    used 5962K, committed 6208K, reserved 1048576K
}

