# JRE version: Java(TM) SE Runtime Environment (17.0.6+9) (build 17.0.6+9-LTS-190)
# Java VM: Java HotSpot(TM) 64-Bit Server VM (17.0.6+9-LTS-190, mixed mode, emulated-client, sharing, tiered, compressed oops, compressed class ptrs, g1 gc, windows-amd64)
GC Precious Log:
 CPUs: 8 total, 8 available
 Memory: 16064M
 Large Page Support: Disabled
 NUMA Support: Disabled
 Compressed Oops: Enabled (Zero based)
 Heap Region Size: 2M
 Heap Min Capacity: 8M
 Heap Initial Capacity: 252M
 Heap Max Capacity: 4018M
 Pre-touch: Disabled
 Parallel Workers: 8
 Concurrent Workers: 2
 Concurrent Refinement Workers: 8
 Periodic GC: Disabled
Heap:
 garbage-first heap   total 258048K, used 73197K [0x0000000704e00000, 0x0000000800000000)
  region size 2048K, 6 young (12288K), 6 survivors (12288K)
 Metaspace       used 3957K, committed 4224K, reserved 1056768K
  class space    used 488K, committed 640K, reserved 1048576K
GC Heap History (9 events):
Event: 0.431 GC heap before
{Heap before GC invocations=0 (full 0):
 garbage-first heap   total 258048K, used 22528K [0x0000000704e00000, 0x0000000800000000)
  region size 2048K, 11 young (22528K), 0 survivors (0K)
 Metaspace       used 3068K, committed 3264K, reserved 1056768K
  class space    used 357K, committed 448K, reserved 1048576K
}
Event: 0.436 GC heap after
{Heap after GC invocations=1 (full 0):
 garbage-first heap   total 258048K, used 10918K [0x0000000704e00000, 0x0000000800000000)
  region size 2048K, 2 young (4096K), 2 survivors (4096K)
 Metaspace       used 3068K, committed 3264K, reserved 1056768K
  class space    used 357K, committed 448K, reserved 1048576K
}
Event: 0.535 GC heap before
{Heap before GC invocations=1 (full 0):
 garbage-first heap   total 258048K, used 27302K [0x0000000704e00000, 0x0000000800000000)
  region size 2048K, 11 young (22528K), 2 survivors (4096K)
 Metaspace       used 3069K, committed 3264K, reserved 1056768K
  class space    used 357K, committed 448K, reserved 1048576K
}
Event: 0.541 GC heap after
{Heap after GC invocations=2 (full 0):
 garbage-first heap   total 258048K, used 27098K [0x0000000704e00000, 0x0000000800000000)
  region size 2048K, 2 young (4096K), 2 survivors (4096K)
 Metaspace       used 3069K, committed 3264K, reserved 1056768K
  class space    used 357K, committed 448K, reserved 1048576K
}
Event: 0.674 GC heap before
{Heap before GC invocations=2 (full 0):
 garbage-first heap   total 258048K, used 51674K [0x0000000704e00000, 0x0000000800000000)
  region size 2048K, 13 young (26624K), 2 survivors (4096K)
 Metaspace       used 3290K, committed 3520K, reserved 1056768K
  class space    used 400K, committed 512K, reserved 1048576K
}
Event: 0.680 GC heap after
{Heap after GC invocations=3 (full 0):
 garbage-first heap   total 258048K, used 38670K [0x0000000704e00000, 0x0000000800000000)
  region size 2048K, 2 young (4096K), 2 survivors (4096K)
 Metaspace       used 3290K, committed 3520K, reserved 1056768K
  class space    used 400K, committed 512K, reserved 1048576K
}
Event: 0.772 GC heap before
{Heap before GC invocations=3 (full 0):
 garbage-first heap   total 258048K, used 73486K [0x0000000704e00000, 0x0000000800000000)
  region size 2048K, 19 young (38912K), 2 survivors (4096K)
 Metaspace       used 3290K, committed 3520K, reserved 1056768K
  class space    used 400K, committed 512K, reserved 1048576K
}
Event: 0.781 GC heap after
{Heap after GC invocations=4 (full 0):
 garbage-first heap   total 258048K, used 49860K [0x0000000704e00000, 0x0000000800000000)
  region size 2048K, 3 young (6144K), 3 survivors (6144K)
 Metaspace       used 3290K, committed 3520K, reserved 1056768K
  class space    used 400K, committed 512K, reserved 1048576K
}
Event: 0.997 GC heap before
{Heap before GC invocations=4 (full 0):
 garbage-first heap   total 258048K, used 129732K [0x0000000704e00000, 0x0000000800000000)
  region size 2048K, 42 young (86016K), 3 survivors (6144K)
 Metaspace       used 3957K, committed 4224K, reserved 1056768K
  class space    used 488K, committed 640K, reserved 1048576K
}

