# JRE version: Java(TM) SE Runtime Environment (17.0.6+9) (build 17.0.6+9-LTS-190)
# Java VM: Java HotSpot(TM) 64-Bit Server VM (17.0.6+9-LTS-190, mixed mode, emulated-client, sharing, tiered, compressed oops, compressed class ptrs, g1 gc, windows-amd64)
GC Precious Log:
 CPUs: 8 total, 8 available
 Memory: 16064M
 Large Page Support: Disabled
 NUMA Support: Disabled
 Compressed Oops: Enabled (Zero based)
 Heap Region Size: 2M
 Heap Min Capacity: 8M
 Heap Initial Capacity: 252M
 Heap Max Capacity: 4018M
 Pre-touch: Disabled
 Parallel Workers: 8
 Concurrent Workers: 2
 Concurrent Refinement Workers: 8
 Periodic GC: Disabled
Heap:
 garbage-first heap   total 425984K, used 141984K [0x0000000704e00000, 0x0000000800000000)
  region size 2048K, 11 young (22528K), 11 survivors (22528K)
 Metaspace       used 40080K, committed 40576K, reserved 1089536K
  class space    used 6024K, committed 6272K, reserved 1048576K
GC Heap History (20 events):
Event: 7.324 GC heap after
{Heap after GC invocations=6 (full 0):
 garbage-first heap   total 425984K, used 74794K [0x0000000704e00000, 0x0000000800000000)
  region size 2048K, 1 young (2048K), 1 survivors (2048K)
 Metaspace       used 5439K, committed 5696K, reserved 1056768K
  class space    used 675K, committed 832K, reserved 1048576K
}
Event: 9.535 GC heap before
{Heap before GC invocations=6 (full 0):
 garbage-first heap   total 425984K, used 177194K [0x0000000704e00000, 0x0000000800000000)
  region size 2048K, 51 young (104448K), 1 survivors (2048K)
 Metaspace       used 14062K, committed 14400K, reserved 1064960K
  class space    used 1889K, committed 2048K, reserved 1048576K
}
Event: 9.540 GC heap after
{Heap after GC invocations=7 (full 0):
 garbage-first heap   total 425984K, used 80938K [0x0000000704e00000, 0x0000000800000000)
  region size 2048K, 4 young (8192K), 4 survivors (8192K)
 Metaspace       used 14062K, committed 14400K, reserved 1064960K
  class space    used 1889K, committed 2048K, reserved 1048576K
}
Event: 12.217 GC heap before
{Heap before GC invocations=7 (full 0):
 garbage-first heap   total 425984K, used 205866K [0x0000000704e00000, 0x0000000800000000)
  region size 2048K, 67 young (137216K), 4 survivors (8192K)
 Metaspace       used 21097K, committed 21504K, reserved 1073152K
  class space    used 2826K, committed 3008K, reserved 1048576K
}
Event: 12.227 GC heap after
{Heap after GC invocations=8 (full 0):
 garbage-first heap   total 425984K, used 88753K [0x0000000704e00000, 0x0000000800000000)
  region size 2048K, 8 young (16384K), 8 survivors (16384K)
 Metaspace       used 21097K, committed 21504K, reserved 1073152K
  class space    used 2826K, committed 3008K, reserved 1048576K
}
Event: 13.461 GC heap before
{Heap before GC invocations=9 (full 0):
 garbage-first heap   total 301056K, used 260785K [0x0000000704e00000, 0x0000000800000000)
  region size 2048K, 95 young (194560K), 8 survivors (16384K)
 Metaspace       used 28276K, committed 28864K, reserved 1081344K
  class space    used 3706K, committed 3968K, reserved 1048576K
}
Event: 13.485 GC heap after
{Heap after GC invocations=10 (full 0):
 garbage-first heap   total 301056K, used 93889K [0x0000000704e00000, 0x0000000800000000)
  region size 2048K, 12 young (24576K), 12 survivors (24576K)
 Metaspace       used 28276K, committed 28864K, reserved 1081344K
  class space    used 3706K, committed 3968K, reserved 1048576K
}
Event: 13.535 GC heap before
{Heap before GC invocations=10 (full 0):
 garbage-first heap   total 301056K, used 95937K [0x0000000704e00000, 0x0000000800000000)
  region size 2048K, 13 young (26624K), 12 survivors (24576K)
 Metaspace       used 28417K, committed 28928K, reserved 1081344K
  class space    used 3736K, committed 3968K, reserved 1048576K
}
Event: 13.547 GC heap after
{Heap after GC invocations=11 (full 0):
 garbage-first heap   total 301056K, used 93490K [0x0000000704e00000, 0x0000000800000000)
  region size 2048K, 2 young (4096K), 2 survivors (4096K)
 Metaspace       used 28417K, committed 28928K, reserved 1081344K
  class space    used 3736K, committed 3968K, reserved 1048576K
}
Event: 14.510 GC heap before
{Heap before GC invocations=11 (full 0):
 garbage-first heap   total 301056K, used 228658K [0x0000000704e00000, 0x0000000800000000)
  region size 2048K, 68 young (139264K), 2 survivors (4096K)
 Metaspace       used 32475K, committed 33088K, reserved 1081344K
  class space    used 4462K, committed 4736K, reserved 1048576K
}
Event: 14.513 GC heap after
{Heap after GC invocations=12 (full 0):
 garbage-first heap   total 301056K, used 94305K [0x0000000704e00000, 0x0000000800000000)
  region size 2048K, 2 young (4096K), 2 survivors (4096K)
 Metaspace       used 32475K, committed 33088K, reserved 1081344K
  class space    used 4462K, committed 4736K, reserved 1048576K
}
Event: 14.860 GC heap before
{Heap before GC invocations=12 (full 0):
 garbage-first heap   total 301056K, used 215137K [0x0000000704e00000, 0x0000000800000000)
  region size 2048K, 63 young (129024K), 2 survivors (4096K)
 Metaspace       used 35378K, committed 35968K, reserved 1081344K
  class space    used 4978K, committed 5248K, reserved 1048576K
}
Event: 14.866 GC heap after
{Heap after GC invocations=13 (full 0):
 garbage-first heap   total 301056K, used 99357K [0x0000000704e00000, 0x0000000800000000)
  region size 2048K, 5 young (10240K), 5 survivors (10240K)
 Metaspace       used 35378K, committed 35968K, reserved 1081344K
  class space    used 4978K, committed 5248K, reserved 1048576K
}
Event: 15.111 GC heap before
{Heap before GC invocations=13 (full 0):
 garbage-first heap   total 335872K, used 238621K [0x0000000704e00000, 0x0000000800000000)
  region size 2048K, 73 young (149504K), 5 survivors (10240K)
 Metaspace       used 35324K, committed 36160K, reserved 1081344K
  class space    used 4968K, committed 5312K, reserved 1048576K
}
Event: 15.118 GC heap after
{Heap after GC invocations=14 (full 0):
 garbage-first heap   total 335872K, used 105729K [0x0000000704e00000, 0x0000000800000000)
  region size 2048K, 8 young (16384K), 8 survivors (16384K)
 Metaspace       used 35324K, committed 36160K, reserved 1081344K
  class space    used 4968K, committed 5312K, reserved 1048576K
}
Event: 15.716 GC heap before
{Heap before GC invocations=15 (full 0):
 garbage-first heap   total 335872K, used 267521K [0x0000000704e00000, 0x0000000800000000)
  region size 2048K, 87 young (178176K), 8 survivors (16384K)
 Metaspace       used 37520K, committed 38016K, reserved 1081344K
  class space    used 5354K, committed 5568K, reserved 1048576K
}
Event: 15.721 GC heap after
{Heap after GC invocations=16 (full 0):
 garbage-first heap   total 335872K, used 103263K [0x0000000704e00000, 0x0000000800000000)
  region size 2048K, 5 young (10240K), 5 survivors (10240K)
 Metaspace       used 37520K, committed 38016K, reserved 1081344K
  class space    used 5354K, committed 5568K, reserved 1048576K
}
Event: 15.962 GC heap before
{Heap before GC invocations=16 (full 0):
 garbage-first heap   total 335872K, used 109407K [0x0000000704e00000, 0x0000000800000000)
  region size 2048K, 8 young (16384K), 5 survivors (10240K)
 Metaspace       used 37657K, committed 38144K, reserved 1081344K
  class space    used 5389K, committed 5632K, reserved 1048576K
}
Event: 15.966 GC heap after
{Heap after GC invocations=17 (full 0):
 garbage-first heap   total 335872K, used 100925K [0x0000000704e00000, 0x0000000800000000)
  region size 2048K, 1 young (2048K), 1 survivors (2048K)
 Metaspace       used 37657K, committed 38144K, reserved 1081344K
  class space    used 5389K, committed 5632K, reserved 1048576K
}
Event: 16.561 GC heap before
{Heap before GC invocations=17 (full 0):
 garbage-first heap   total 335872K, used 275005K [0x0000000704e00000, 0x0000000800000000)
  region size 2048K, 86 young (176128K), 1 survivors (2048K)
 Metaspace       used 40080K, committed 40576K, reserved 1089536K
  class space    used 6024K, committed 6272K, reserved 1048576K
}

