# JRE version: Java(TM) SE Runtime Environment (17.0.6+9) (build 17.0.6+9-LTS-190)
# Java VM: Java HotSpot(TM) 64-Bit Server VM (17.0.6+9-LTS-190, mixed mode, emulated-client, sharing, tiered, compressed oops, compressed class ptrs, g1 gc, windows-amd64)
GC Precious Log:
 CPUs: 8 total, 8 available
 Memory: 16064M
 Large Page Support: Disabled
 NUMA Support: Disabled
 Compressed Oops: Enabled (Zero based)
 Heap Region Size: 2M
 Heap Min Capacity: 8M
 Heap Initial Capacity: 252M
 Heap Max Capacity: 4018M
 Pre-touch: Disabled
 Parallel Workers: 8
 Concurrent Workers: 2
 Concurrent Refinement Workers: 8
 Periodic GC: Disabled
Heap:
 garbage-first heap   total 999424K, used 254701K [0x0000000704e00000, 0x0000000800000000)
  region size 2048K, 4 young (8192K), 4 survivors (8192K)
 Metaspace       used 100902K, committed 101568K, reserved 1138688K
  class space    used 13362K, committed 13696K, reserved 1048576K
GC Heap History (20 events):
Event: 3.957 GC heap after
{Heap after GC invocations=11 (full 0):
 garbage-first heap   total 356352K, used 90344K [0x0000000704e00000, 0x0000000800000000)
  region size 2048K, 2 young (4096K), 2 survivors (4096K)
 Metaspace       used 30583K, committed 31104K, reserved 1081344K
  class space    used 4091K, committed 4352K, reserved 1048576K
}
Event: 4.310 GC heap before
{Heap before GC invocations=11 (full 0):
 garbage-first heap   total 356352K, used 268520K [0x0000000704e00000, 0x0000000800000000)
  region size 2048K, 90 young (184320K), 2 survivors (4096K)
 Metaspace       used 34614K, committed 35136K, reserved 1081344K
  class space    used 4846K, committed 5056K, reserved 1048576K
}
Event: 4.320 GC heap after
{Heap after GC invocations=12 (full 0):
 garbage-first heap   total 356352K, used 105687K [0x0000000704e00000, 0x0000000800000000)
  region size 2048K, 9 young (18432K), 9 survivors (18432K)
 Metaspace       used 34614K, committed 35136K, reserved 1081344K
  class space    used 4846K, committed 5056K, reserved 1048576K
}
Event: 4.504 GC heap before
{Heap before GC invocations=13 (full 0):
 garbage-first heap   total 356352K, used 269527K [0x0000000704e00000, 0x0000000800000000)
  region size 2048K, 90 young (184320K), 9 survivors (18432K)
 Metaspace       used 35137K, committed 35648K, reserved 1081344K
  class space    used 4969K, committed 5184K, reserved 1048576K
}
Event: 4.508 GC heap after
{Heap after GC invocations=14 (full 0):
 garbage-first heap   total 356352K, used 97316K [0x0000000704e00000, 0x0000000800000000)
  region size 2048K, 3 young (6144K), 3 survivors (6144K)
 Metaspace       used 35137K, committed 35648K, reserved 1081344K
  class space    used 4969K, committed 5184K, reserved 1048576K
}
Event: 4.531 GC heap before
{Heap before GC invocations=14 (full 0):
 garbage-first heap   total 356352K, used 105508K [0x0000000704e00000, 0x0000000800000000)
  region size 2048K, 8 young (16384K), 3 survivors (6144K)
 Metaspace       used 35455K, committed 35968K, reserved 1081344K
  class space    used 5037K, committed 5248K, reserved 1048576K
}
Event: 4.539 GC heap after
{Heap after GC invocations=15 (full 0):
 garbage-first heap   total 999424K, used 96111K [0x0000000704e00000, 0x0000000800000000)
  region size 2048K, 1 young (2048K), 1 survivors (2048K)
 Metaspace       used 35455K, committed 35968K, reserved 1081344K
  class space    used 5037K, committed 5248K, reserved 1048576K
}
Event: 5.602 GC heap before
{Heap before GC invocations=15 (full 0):
 garbage-first heap   total 999424K, used 690031K [0x0000000704e00000, 0x0000000800000000)
  region size 2048K, 292 young (598016K), 1 survivors (2048K)
 Metaspace       used 39845K, committed 40384K, reserved 1089536K
  class space    used 5920K, committed 6144K, reserved 1048576K
}
Event: 5.663 GC heap after
{Heap after GC invocations=16 (full 0):
 garbage-first heap   total 999424K, used 206058K [0x0000000704e00000, 0x0000000800000000)
  region size 2048K, 37 young (75776K), 37 survivors (75776K)
 Metaspace       used 39845K, committed 40384K, reserved 1089536K
  class space    used 5920K, committed 6144K, reserved 1048576K
}
Event: 6.010 GC heap before
{Heap before GC invocations=16 (full 0):
 garbage-first heap   total 999424K, used 613610K [0x0000000704e00000, 0x0000000800000000)
  region size 2048K, 237 young (485376K), 37 survivors (75776K)
 Metaspace       used 39868K, committed 40448K, reserved 1089536K
  class space    used 5926K, committed 6208K, reserved 1048576K
}
Event: 6.061 GC heap after
{Heap after GC invocations=17 (full 0):
 garbage-first heap   total 999424K, used 260426K [0x0000000704e00000, 0x0000000800000000)
  region size 2048K, 27 young (55296K), 27 survivors (55296K)
 Metaspace       used 39868K, committed 40448K, reserved 1089536K
  class space    used 5926K, committed 6208K, reserved 1048576K
}
Event: 6.856 GC heap before
{Heap before GC invocations=17 (full 0):
 garbage-first heap   total 999424K, used 667978K [0x0000000704e00000, 0x0000000800000000)
  region size 2048K, 227 young (464896K), 27 survivors (55296K)
 Metaspace       used 44623K, committed 45184K, reserved 1089536K
  class space    used 6599K, committed 6848K, reserved 1048576K
}
Event: 6.876 GC heap after
{Heap after GC invocations=18 (full 0):
 garbage-first heap   total 999424K, used 260096K [0x0000000704e00000, 0x0000000800000000)
  region size 2048K, 19 young (38912K), 19 survivors (38912K)
 Metaspace       used 44623K, committed 45184K, reserved 1089536K
  class space    used 6599K, committed 6848K, reserved 1048576K
}
Event: 8.030 GC heap before
{Heap before GC invocations=18 (full 0):
 garbage-first heap   total 999424K, used 579584K [0x0000000704e00000, 0x0000000800000000)
  region size 2048K, 176 young (360448K), 19 survivors (38912K)
 Metaspace       used 58679K, committed 59328K, reserved 1105920K
  class space    used 8163K, committed 8512K, reserved 1048576K
}
Event: 8.046 GC heap after
{Heap after GC invocations=19 (full 0):
 garbage-first heap   total 999424K, used 285830K [0x0000000704e00000, 0x0000000800000000)
  region size 2048K, 13 young (26624K), 13 survivors (26624K)
 Metaspace       used 58679K, committed 59328K, reserved 1105920K
  class space    used 8163K, committed 8512K, reserved 1048576K
}
Event: 10.072 GC heap before
{Heap before GC invocations=20 (full 0):
 garbage-first heap   total 983040K, used 738438K [0x0000000704e00000, 0x0000000800000000)
  region size 2048K, 235 young (481280K), 13 survivors (26624K)
 Metaspace       used 84784K, committed 85504K, reserved 1130496K
  class space    used 11331K, committed 11712K, reserved 1048576K
}
Event: 10.090 GC heap after
{Heap after GC invocations=21 (full 0):
 garbage-first heap   total 983040K, used 309086K [0x0000000704e00000, 0x0000000800000000)
  region size 2048K, 25 young (51200K), 25 survivors (51200K)
 Metaspace       used 84784K, committed 85504K, reserved 1130496K
  class space    used 11331K, committed 11712K, reserved 1048576K
}
Event: 10.092 GC heap before
{Heap before GC invocations=21 (full 0):
 garbage-first heap   total 983040K, used 311134K [0x0000000704e00000, 0x0000000800000000)
  region size 2048K, 26 young (53248K), 25 survivors (51200K)
 Metaspace       used 84784K, committed 85504K, reserved 1130496K
  class space    used 11331K, committed 11712K, reserved 1048576K
}
Event: 10.109 GC heap after
{Heap after GC invocations=22 (full 0):
 garbage-first heap   total 983040K, used 252122K [0x0000000704e00000, 0x0000000800000000)
  region size 2048K, 3 young (6144K), 3 survivors (6144K)
 Metaspace       used 84784K, committed 85504K, reserved 1130496K
  class space    used 11331K, committed 11712K, reserved 1048576K
}
Event: 96.328 GC heap before
{Heap before GC invocations=22 (full 0):
 garbage-first heap   total 983040K, used 352474K [0x0000000704e00000, 0x0000000800000000)
  region size 2048K, 54 young (110592K), 3 survivors (6144K)
 Metaspace       used 100902K, committed 101568K, reserved 1138688K
  class space    used 13362K, committed 13696K, reserved 1048576K
}

