# JRE version: OpenJDK Runtime Environment Temurin-17.0.16+8 (17.0.16+8) (build 17.0.16+8)
# Java VM: OpenJDK 64-Bit Server VM Temurin-17.0.16+8 (17.0.16+8, mixed mode, sharing, tiered, compressed oops, compressed class ptrs, g1 gc, windows-amd64)
GC Precious Log:
 CPUs: 8 total, 8 available
 Memory: 16064M
 Large Page Support: Disabled
 NUMA Support: Disabled
 Compressed Oops: Enabled (Zero based)
 Heap Region Size: 2M
 Heap Min Capacity: 8M
 Heap Initial Capacity: 252M
 Heap Max Capacity: 4018M
 Pre-touch: Disabled
 Parallel Workers: 8
 Concurrent Workers: 2
 Concurrent Refinement Workers: 8
 Periodic GC: Disabled
Heap:
 garbage-first heap   total 233472K, used 154061K [0x0000000704e00000, 0x0000000800000000)
  region size 2048K, 42 young (86016K), 9 survivors (18432K)
 Metaspace       used 24444K, committed 24832K, reserved 1114112K
  class space    used 2742K, committed 2944K, reserved 1048576K
GC Heap History (18 events):
Event: 0.480 GC heap before
{Heap before GC invocations=0 (full 0):
 garbage-first heap   total 258048K, used 22528K [0x0000000704e00000, 0x0000000800000000)
  region size 2048K, 11 young (22528K), 0 survivors (0K)
 Metaspace       used 5379K, committed 5568K, reserved 1114112K
  class space    used 650K, committed 768K, reserved 1048576K
}
Event: 0.483 GC heap after
{Heap after GC invocations=1 (full 0):
 garbage-first heap   total 258048K, used 3725K [0x0000000704e00000, 0x0000000800000000)
  region size 2048K, 2 young (4096K), 2 survivors (4096K)
 Metaspace       used 5379K, committed 5568K, reserved 1114112K
  class space    used 650K, committed 768K, reserved 1048576K
}
Event: 0.826 GC heap before
{Heap before GC invocations=1 (full 0):
 garbage-first heap   total 258048K, used 34445K [0x0000000704e00000, 0x0000000800000000)
  region size 2048K, 17 young (34816K), 2 survivors (4096K)
 Metaspace       used 9166K, committed 9408K, reserved 1114112K
  class space    used 1117K, committed 1216K, reserved 1048576K
}
Event: 0.829 GC heap after
{Heap after GC invocations=2 (full 0):
 garbage-first heap   total 258048K, used 5127K [0x0000000704e00000, 0x0000000800000000)
  region size 2048K, 1 young (2048K), 1 survivors (2048K)
 Metaspace       used 9166K, committed 9408K, reserved 1114112K
  class space    used 1117K, committed 1216K, reserved 1048576K
}
Event: 2.594 GC heap before
{Heap before GC invocations=2 (full 0):
 garbage-first heap   total 258048K, used 156679K [0x0000000704e00000, 0x0000000800000000)
  region size 2048K, 75 young (153600K), 1 survivors (2048K)
 Metaspace       used 15926K, committed 16128K, reserved 1114112K
  class space    used 1834K, committed 1920K, reserved 1048576K
}
Event: 2.602 GC heap after
{Heap after GC invocations=3 (full 0):
 garbage-first heap   total 258048K, used 14220K [0x0000000704e00000, 0x0000000800000000)
  region size 2048K, 6 young (12288K), 6 survivors (12288K)
 Metaspace       used 15926K, committed 16128K, reserved 1114112K
  class space    used 1834K, committed 1920K, reserved 1048576K
}
Event: 4.373 GC heap before
{Heap before GC invocations=3 (full 0):
 garbage-first heap   total 258048K, used 155532K [0x0000000704e00000, 0x0000000800000000)
  region size 2048K, 75 young (153600K), 6 survivors (12288K)
 Metaspace       used 18198K, committed 18496K, reserved 1114112K
  class space    used 2049K, committed 2176K, reserved 1048576K
}
Event: 4.386 GC heap after
{Heap after GC invocations=4 (full 0):
 garbage-first heap   total 258048K, used 22871K [0x0000000704e00000, 0x0000000800000000)
  region size 2048K, 9 young (18432K), 9 survivors (18432K)
 Metaspace       used 18198K, committed 18496K, reserved 1114112K
  class space    used 2049K, committed 2176K, reserved 1048576K
}
Event: 5.495 GC heap before
{Heap before GC invocations=4 (full 0):
 garbage-first heap   total 258048K, used 158039K [0x0000000704e00000, 0x0000000800000000)
  region size 2048K, 75 young (153600K), 9 survivors (18432K)
 Metaspace       used 18356K, committed 18688K, reserved 1114112K
  class space    used 2050K, committed 2240K, reserved 1048576K
}
Event: 5.507 GC heap after
{Heap after GC invocations=5 (full 0):
 garbage-first heap   total 258048K, used 26137K [0x0000000704e00000, 0x0000000800000000)
  region size 2048K, 6 young (12288K), 6 survivors (12288K)
 Metaspace       used 18356K, committed 18688K, reserved 1114112K
  class space    used 2050K, committed 2240K, reserved 1048576K
}
Event: 12.089 GC heap before
{Heap before GC invocations=5 (full 0):
 garbage-first heap   total 258048K, used 171545K [0x0000000704e00000, 0x0000000800000000)
  region size 2048K, 75 young (153600K), 6 survivors (12288K)
 Metaspace       used 20491K, committed 20800K, reserved 1114112K
  class space    used 2259K, committed 2368K, reserved 1048576K
}
Event: 12.100 GC heap after
{Heap after GC invocations=6 (full 0):
 garbage-first heap   total 258048K, used 43874K [0x0000000704e00000, 0x0000000800000000)
  region size 2048K, 10 young (20480K), 10 survivors (20480K)
 Metaspace       used 20491K, committed 20800K, reserved 1114112K
  class space    used 2259K, committed 2368K, reserved 1048576K
}
Event: 12.751 GC heap before
{Heap before GC invocations=6 (full 0):
 garbage-first heap   total 258048K, used 176994K [0x0000000704e00000, 0x0000000800000000)
  region size 2048K, 75 young (153600K), 10 survivors (20480K)
 Metaspace       used 20525K, committed 20800K, reserved 1114112K
  class space    used 2259K, committed 2368K, reserved 1048576K
}
Event: 12.757 GC heap after
{Heap after GC invocations=7 (full 0):
 garbage-first heap   total 258048K, used 31249K [0x0000000704e00000, 0x0000000800000000)
  region size 2048K, 2 young (4096K), 2 survivors (4096K)
 Metaspace       used 20525K, committed 20800K, reserved 1114112K
  class space    used 2259K, committed 2368K, reserved 1048576K
}
Event: 14.235 GC heap before
{Heap before GC invocations=7 (full 0):
 garbage-first heap   total 258048K, used 125457K [0x0000000704e00000, 0x0000000800000000)
  region size 2048K, 48 young (98304K), 2 survivors (4096K)
 Metaspace       used 21174K, committed 21504K, reserved 1114112K
  class space    used 2323K, committed 2496K, reserved 1048576K
}
Event: 14.246 GC heap after
{Heap after GC invocations=8 (full 0):
 garbage-first heap   total 258048K, used 65232K [0x0000000704e00000, 0x0000000800000000)
  region size 2048K, 10 young (20480K), 10 survivors (20480K)
 Metaspace       used 21174K, committed 21504K, reserved 1114112K
  class space    used 2323K, committed 2496K, reserved 1048576K
}
Event: 15.647 GC heap before
{Heap before GC invocations=9 (full 0):
 garbage-first heap   total 233472K, used 177872K [0x0000000704e00000, 0x0000000800000000)
  region size 2048K, 65 young (133120K), 10 survivors (20480K)
 Metaspace       used 21224K, committed 21568K, reserved 1114112K
  class space    used 2325K, committed 2496K, reserved 1048576K
}
Event: 15.673 GC heap after
{Heap after GC invocations=10 (full 0):
 garbage-first heap   total 233472K, used 84429K [0x0000000704e00000, 0x0000000800000000)
  region size 2048K, 9 young (18432K), 9 survivors (18432K)
 Metaspace       used 21224K, committed 21568K, reserved 1114112K
  class space    used 2325K, committed 2496K, reserved 1048576K
}

