# JRE version: Java(TM) SE Runtime Environment (17.0.6+9) (build 17.0.6+9-LTS-190)
# Java VM: Java HotSpot(TM) 64-Bit Server VM (17.0.6+9-LTS-190, mixed mode, emulated-client, sharing, tiered, compressed oops, compressed class ptrs, g1 gc, windows-amd64)
GC Precious Log:
 CPUs: 8 total, 8 available
 Memory: 16064M
 Large Page Support: Disabled
 NUMA Support: Disabled
 Compressed Oops: Enabled (Zero based)
 Heap Region Size: 2M
 Heap Min Capacity: 8M
 Heap Initial Capacity: 252M
 Heap Max Capacity: 4018M
 Pre-touch: Disabled
 Parallel Workers: 8
 Concurrent Workers: 2
 Concurrent Refinement Workers: 8
 Periodic GC: Disabled
Heap:
 garbage-first heap   total 786432K, used 256564K [0x0000000704e00000, 0x0000000800000000)
  region size 2048K, 18 young (36864K), 18 survivors (36864K)
 Metaspace       used 43482K, committed 43968K, reserved 1089536K
  class space    used 6211K, committed 6464K, reserved 1048576K
GC Heap History (20 events):
Event: 1.626 GC heap after
{Heap after GC invocations=6 (full 0):
 garbage-first heap   total 399360K, used 69336K [0x0000000704e00000, 0x0000000800000000)
  region size 2048K, 2 young (4096K), 2 survivors (4096K)
 Metaspace       used 6213K, committed 6528K, reserved 1056768K
  class space    used 805K, committed 960K, reserved 1048576K
}
Event: 2.926 GC heap before
{Heap before GC invocations=6 (full 0):
 garbage-first heap   total 399360K, used 220888K [0x0000000704e00000, 0x0000000800000000)
  region size 2048K, 76 young (155648K), 2 survivors (4096K)
 Metaspace       used 19775K, committed 20160K, reserved 1073152K
  class space    used 2617K, committed 2816K, reserved 1048576K
}
Event: 2.940 GC heap after
{Heap after GC invocations=7 (full 0):
 garbage-first heap   total 399360K, used 79367K [0x0000000704e00000, 0x0000000800000000)
  region size 2048K, 7 young (14336K), 7 survivors (14336K)
 Metaspace       used 19775K, committed 20160K, reserved 1073152K
  class space    used 2617K, committed 2816K, reserved 1048576K
}
Event: 3.236 GC heap before
{Heap before GC invocations=7 (full 0):
 garbage-first heap   total 399360K, used 120327K [0x0000000704e00000, 0x0000000800000000)
  region size 2048K, 29 young (59392K), 7 survivors (14336K)
 Metaspace       used 21135K, committed 21568K, reserved 1073152K
  class space    used 2818K, committed 3008K, reserved 1048576K
}
Event: 3.245 GC heap after
{Heap after GC invocations=8 (full 0):
 garbage-first heap   total 399360K, used 82324K [0x0000000704e00000, 0x0000000800000000)
  region size 2048K, 8 young (16384K), 8 survivors (16384K)
 Metaspace       used 21135K, committed 21568K, reserved 1073152K
  class space    used 2818K, committed 3008K, reserved 1048576K
}
Event: 4.090 GC heap before
{Heap before GC invocations=9 (full 0):
 garbage-first heap   total 348160K, used 270740K [0x0000000704e00000, 0x0000000800000000)
  region size 2048K, 101 young (206848K), 8 survivors (16384K)
 Metaspace       used 29195K, committed 29696K, reserved 1081344K
  class space    used 3865K, committed 4096K, reserved 1048576K
}
Event: 4.109 GC heap after
{Heap after GC invocations=10 (full 0):
 garbage-first heap   total 348160K, used 89548K [0x0000000704e00000, 0x0000000800000000)
  region size 2048K, 11 young (22528K), 11 survivors (22528K)
 Metaspace       used 29195K, committed 29696K, reserved 1081344K
  class space    used 3865K, committed 4096K, reserved 1048576K
}
Event: 4.120 GC heap before
{Heap before GC invocations=10 (full 0):
 garbage-first heap   total 348160K, used 89548K [0x0000000704e00000, 0x0000000800000000)
  region size 2048K, 12 young (24576K), 11 survivors (22528K)
 Metaspace       used 29304K, committed 29824K, reserved 1081344K
  class space    used 3880K, committed 4160K, reserved 1048576K
}
Event: 4.134 GC heap after
{Heap after GC invocations=11 (full 0):
 garbage-first heap   total 348160K, used 90918K [0x0000000704e00000, 0x0000000800000000)
  region size 2048K, 2 young (4096K), 2 survivors (4096K)
 Metaspace       used 29304K, committed 29824K, reserved 1081344K
  class space    used 3880K, committed 4160K, reserved 1048576K
}
Event: 4.829 GC heap before
{Heap before GC invocations=11 (full 0):
 garbage-first heap   total 348160K, used 260902K [0x0000000704e00000, 0x0000000800000000)
  region size 2048K, 86 young (176128K), 2 survivors (4096K)
 Metaspace       used 34761K, committed 35328K, reserved 1081344K
  class space    used 4849K, committed 5056K, reserved 1048576K
}
Event: 4.842 GC heap after
{Heap after GC invocations=12 (full 0):
 garbage-first heap   total 786432K, used 104351K [0x0000000704e00000, 0x0000000800000000)
  region size 2048K, 9 young (18432K), 9 survivors (18432K)
 Metaspace       used 34761K, committed 35328K, reserved 1081344K
  class space    used 4849K, committed 5056K, reserved 1048576K
}
Event: 5.623 GC heap before
{Heap before GC invocations=13 (full 0):
 garbage-first heap   total 786432K, used 554911K [0x0000000704e00000, 0x0000000800000000)
  region size 2048K, 230 young (471040K), 9 survivors (18432K)
 Metaspace       used 38312K, committed 38848K, reserved 1089536K
  class space    used 5512K, committed 5824K, reserved 1048576K
}
Event: 5.653 GC heap after
{Heap after GC invocations=14 (full 0):
 garbage-first heap   total 786432K, used 151158K [0x0000000704e00000, 0x0000000800000000)
  region size 2048K, 29 young (59392K), 29 survivors (59392K)
 Metaspace       used 38312K, committed 38848K, reserved 1089536K
  class space    used 5512K, committed 5824K, reserved 1048576K
}
Event: 5.658 GC heap before
{Heap before GC invocations=14 (full 0):
 garbage-first heap   total 786432K, used 151158K [0x0000000704e00000, 0x0000000800000000)
  region size 2048K, 30 young (61440K), 29 survivors (59392K)
 Metaspace       used 38312K, committed 38848K, reserved 1089536K
  class space    used 5512K, committed 5824K, reserved 1048576K
}
Event: 5.686 GC heap after
{Heap after GC invocations=15 (full 0):
 garbage-first heap   total 786432K, used 158450K [0x0000000704e00000, 0x0000000800000000)
  region size 2048K, 4 young (8192K), 4 survivors (8192K)
 Metaspace       used 38312K, committed 38848K, reserved 1089536K
  class space    used 5512K, committed 5824K, reserved 1048576K
}
Event: 6.114 GC heap before
{Heap before GC invocations=15 (full 0):
 garbage-first heap   total 786432K, used 586482K [0x0000000704e00000, 0x0000000800000000)
  region size 2048K, 214 young (438272K), 4 survivors (8192K)
 Metaspace       used 38539K, committed 39040K, reserved 1089536K
  class space    used 5552K, committed 5824K, reserved 1048576K
}
Event: 6.148 GC heap after
{Heap after GC invocations=16 (full 0):
 garbage-first heap   total 786432K, used 212992K [0x0000000704e00000, 0x0000000800000000)
  region size 2048K, 27 young (55296K), 27 survivors (55296K)
 Metaspace       used 38539K, committed 39040K, reserved 1089536K
  class space    used 5552K, committed 5824K, reserved 1048576K
}
Event: 6.680 GC heap before
{Heap before GC invocations=16 (full 0):
 garbage-first heap   total 786432K, used 579584K [0x0000000704e00000, 0x0000000800000000)
  region size 2048K, 206 young (421888K), 27 survivors (55296K)
 Metaspace       used 39367K, committed 39872K, reserved 1089536K
  class space    used 5677K, committed 5952K, reserved 1048576K
}
Event: 6.709 GC heap after
{Heap after GC invocations=17 (full 0):
 garbage-first heap   total 786432K, used 221635K [0x0000000704e00000, 0x0000000800000000)
  region size 2048K, 19 young (38912K), 19 survivors (38912K)
 Metaspace       used 39367K, committed 39872K, reserved 1089536K
  class space    used 5677K, committed 5952K, reserved 1048576K
}
Event: 7.451 GC heap before
{Heap before GC invocations=17 (full 0):
 garbage-first heap   total 786432K, used 586179K [0x0000000704e00000, 0x0000000800000000)
  region size 2048K, 198 young (405504K), 19 survivors (38912K)
 Metaspace       used 43482K, committed 43968K, reserved 1089536K
  class space    used 6211K, committed 6464K, reserved 1048576K
}

