# JRE version: Java(TM) SE Runtime Environment (17.0.6+9) (build 17.0.6+9-LTS-190)
# Java VM: Java HotSpot(TM) 64-Bit Server VM (17.0.6+9-LTS-190, mixed mode, emulated-client, sharing, tiered, compressed oops, compressed class ptrs, g1 gc, windows-amd64)
GC Precious Log:
 CPUs: 8 total, 8 available
 Memory: 16064M
 Large Page Support: Disabled
 NUMA Support: Disabled
 Compressed Oops: Enabled (Zero based)
 Heap Region Size: 2M
 Heap Min Capacity: 8M
 Heap Initial Capacity: 252M
 Heap Max Capacity: 4018M
 Pre-touch: Disabled
 Parallel Workers: 8
 Concurrent Workers: 2
 Concurrent Refinement Workers: 8
 Periodic GC: Disabled
Heap:
 garbage-first heap   total 739328K, used 277202K [0x0000000704e00000, 0x0000000800000000)
  region size 2048K, 11 young (22528K), 11 survivors (22528K)
 Metaspace       used 46926K, committed 47488K, reserved 1089536K
  class space    used 6930K, committed 7168K, reserved 1048576K
GC Heap History (20 events):
Event: 1.947 GC heap after
{Heap after GC invocations=6 (full 0):
 garbage-first heap   total 428032K, used 66000K [0x0000000704e00000, 0x0000000800000000)
  region size 2048K, 4 young (8192K), 4 survivors (8192K)
 Metaspace       used 13261K, committed 13696K, reserved 1064960K
  class space    used 1825K, committed 2048K, reserved 1048576K
}
Event: 2.548 GC heap before
{Heap before GC invocations=6 (full 0):
 garbage-first heap   total 428032K, used 158160K [0x0000000704e00000, 0x0000000800000000)
  region size 2048K, 51 young (104448K), 4 survivors (8192K)
 Metaspace       used 21081K, committed 21504K, reserved 1073152K
  class space    used 2802K, committed 3008K, reserved 1048576K
}
Event: 2.561 GC heap after
{Heap after GC invocations=7 (full 0):
 garbage-first heap   total 428032K, used 72830K [0x0000000704e00000, 0x0000000800000000)
  region size 2048K, 8 young (16384K), 8 survivors (16384K)
 Metaspace       used 21081K, committed 21504K, reserved 1073152K
  class space    used 2802K, committed 3008K, reserved 1048576K
}
Event: 3.312 GC heap before
{Heap before GC invocations=8 (full 0):
 garbage-first heap   total 307200K, used 263294K [0x0000000704e00000, 0x0000000800000000)
  region size 2048K, 103 young (210944K), 8 survivors (16384K)
 Metaspace       used 30740K, committed 31360K, reserved 1081344K
  class space    used 4152K, committed 4416K, reserved 1048576K
}
Event: 3.334 GC heap after
{Heap after GC invocations=9 (full 0):
 garbage-first heap   total 307200K, used 81266K [0x0000000704e00000, 0x0000000800000000)
  region size 2048K, 12 young (24576K), 12 survivors (24576K)
 Metaspace       used 30740K, committed 31360K, reserved 1081344K
  class space    used 4152K, committed 4416K, reserved 1048576K
}
Event: 3.342 GC heap before
{Heap before GC invocations=9 (full 0):
 garbage-first heap   total 307200K, used 81266K [0x0000000704e00000, 0x0000000800000000)
  region size 2048K, 13 young (26624K), 12 survivors (24576K)
 Metaspace       used 30793K, committed 31360K, reserved 1081344K
  class space    used 4161K, committed 4416K, reserved 1048576K
}
Event: 3.358 GC heap after
{Heap after GC invocations=10 (full 0):
 garbage-first heap   total 307200K, used 83659K [0x0000000704e00000, 0x0000000800000000)
  region size 2048K, 2 young (4096K), 2 survivors (4096K)
 Metaspace       used 30793K, committed 31360K, reserved 1081344K
  class space    used 4161K, committed 4416K, reserved 1048576K
}
Event: 3.631 GC heap before
{Heap before GC invocations=10 (full 0):
 garbage-first heap   total 307200K, used 227019K [0x0000000704e00000, 0x0000000800000000)
  region size 2048K, 72 young (147456K), 2 survivors (4096K)
 Metaspace       used 32156K, committed 32768K, reserved 1081344K
  class space    used 4423K, committed 4736K, reserved 1048576K
}
Event: 3.642 GC heap after
{Heap after GC invocations=11 (full 0):
 garbage-first heap   total 307200K, used 95077K [0x0000000704e00000, 0x0000000800000000)
  region size 2048K, 8 young (16384K), 8 survivors (16384K)
 Metaspace       used 32156K, committed 32768K, reserved 1081344K
  class space    used 4423K, committed 4736K, reserved 1048576K
}
Event: 4.083 GC heap before
{Heap before GC invocations=12 (full 0):
 garbage-first heap   total 307200K, used 228197K [0x0000000704e00000, 0x0000000800000000)
  region size 2048K, 74 young (151552K), 8 survivors (16384K)
 Metaspace       used 37835K, committed 38336K, reserved 1089536K
  class space    used 5289K, committed 5504K, reserved 1048576K
}
Event: 4.094 GC heap after
{Heap after GC invocations=13 (full 0):
 garbage-first heap   total 307200K, used 104103K [0x0000000704e00000, 0x0000000800000000)
  region size 2048K, 7 young (14336K), 7 survivors (14336K)
 Metaspace       used 37835K, committed 38336K, reserved 1089536K
  class space    used 5289K, committed 5504K, reserved 1048576K
}
Event: 4.104 GC heap before
{Heap before GC invocations=13 (full 0):
 garbage-first heap   total 307200K, used 106151K [0x0000000704e00000, 0x0000000800000000)
  region size 2048K, 8 young (16384K), 7 survivors (14336K)
 Metaspace       used 37838K, committed 38336K, reserved 1089536K
  class space    used 5291K, committed 5504K, reserved 1048576K
}
Event: 4.113 GC heap after
{Heap after GC invocations=14 (full 0):
 garbage-first heap   total 739328K, used 103759K [0x0000000704e00000, 0x0000000800000000)
  region size 2048K, 1 young (2048K), 1 survivors (2048K)
 Metaspace       used 37838K, committed 38336K, reserved 1089536K
  class space    used 5291K, committed 5504K, reserved 1048576K
}
Event: 4.887 GC heap before
{Heap before GC invocations=14 (full 0):
 garbage-first heap   total 739328K, used 527695K [0x0000000704e00000, 0x0000000800000000)
  region size 2048K, 209 young (428032K), 1 survivors (2048K)
 Metaspace       used 40329K, committed 40832K, reserved 1089536K
  class space    used 6024K, committed 6272K, reserved 1048576K
}
Event: 4.939 GC heap after
{Heap after GC invocations=15 (full 0):
 garbage-first heap   total 739328K, used 203829K [0x0000000704e00000, 0x0000000800000000)
  region size 2048K, 27 young (55296K), 27 survivors (55296K)
 Metaspace       used 40329K, committed 40832K, reserved 1089536K
  class space    used 6024K, committed 6272K, reserved 1048576K
}
Event: 5.253 GC heap before
{Heap before GC invocations=15 (full 0):
 garbage-first heap   total 739328K, used 463925K [0x0000000704e00000, 0x0000000800000000)
  region size 2048K, 155 young (317440K), 27 survivors (55296K)
 Metaspace       used 40414K, committed 40960K, reserved 1089536K
  class space    used 6038K, committed 6336K, reserved 1048576K
}
Event: 5.285 GC heap after
{Heap after GC invocations=16 (full 0):
 garbage-first heap   total 739328K, used 235520K [0x0000000704e00000, 0x0000000800000000)
  region size 2048K, 15 young (30720K), 15 survivors (30720K)
 Metaspace       used 40414K, committed 40960K, reserved 1089536K
  class space    used 6038K, committed 6336K, reserved 1048576K
}
Event: 6.038 GC heap before
{Heap before GC invocations=16 (full 0):
 garbage-first heap   total 739328K, used 501760K [0x0000000704e00000, 0x0000000800000000)
  region size 2048K, 146 young (299008K), 15 survivors (30720K)
 Metaspace       used 44104K, committed 44608K, reserved 1089536K
  class space    used 6543K, committed 6784K, reserved 1048576K
}
Event: 6.066 GC heap after
{Heap after GC invocations=17 (full 0):
 garbage-first heap   total 739328K, used 257516K [0x0000000704e00000, 0x0000000800000000)
  region size 2048K, 16 young (32768K), 16 survivors (32768K)
 Metaspace       used 44104K, committed 44608K, reserved 1089536K
  class space    used 6543K, committed 6784K, reserved 1048576K
}
Event: 6.849 GC heap before
{Heap before GC invocations=17 (full 0):
 garbage-first heap   total 739328K, used 529900K [0x0000000704e00000, 0x0000000800000000)
  region size 2048K, 149 young (305152K), 16 survivors (32768K)
 Metaspace       used 46926K, committed 47488K, reserved 1089536K
  class space    used 6930K, committed 7168K, reserved 1048576K
}

