# JRE version: OpenJDK Runtime Environment Temurin-17.0.16+8 (17.0.16+8) (build 17.0.16+8)
# Java VM: OpenJDK 64-Bit Server VM Temurin-17.0.16+8 (17.0.16+8, mixed mode, sharing, tiered, compressed oops, compressed class ptrs, g1 gc, windows-amd64)
GC Precious Log:
 CPUs: 8 total, 8 available
 Memory: 16064M
 Large Page Support: Disabled
 NUMA Support: Disabled
 Compressed Oops: Enabled (Zero based)
 Heap Region Size: 2M
 Heap Min Capacity: 8M
 Heap Initial Capacity: 252M
 Heap Max Capacity: 4018M
 Pre-touch: Disabled
 Parallel Workers: 8
 Concurrent Workers: 2
 Concurrent Refinement Workers: 8
 Periodic GC: Disabled
Heap:
 garbage-first heap   total 428032K, used 246434K [0x0000000704e00000, 0x0000000800000000)
  region size 2048K, 1 young (2048K), 1 survivors (2048K)
 Metaspace       used 30583K, committed 30976K, reserved 1114112K
  class space    used 3329K, committed 3520K, reserved 1048576K
GC Heap History (20 events):
Event: 15.685 GC heap after
{Heap after GC invocations=11 (full 0):
 garbage-first heap   total 294912K, used 106986K [0x0000000704e00000, 0x0000000800000000)
  region size 2048K, 7 young (14336K), 7 survivors (14336K)
 Metaspace       used 28082K, committed 28416K, reserved 1114112K
  class space    used 3164K, committed 3328K, reserved 1048576K
}
Event: 17.045 GC heap before
{Heap before GC invocations=11 (full 0):
 garbage-first heap   total 294912K, used 207338K [0x0000000704e00000, 0x0000000800000000)
  region size 2048K, 56 young (114688K), 7 survivors (14336K)
 Metaspace       used 29073K, committed 29440K, reserved 1114112K
  class space    used 3218K, committed 3392K, reserved 1048576K
}
Event: 17.067 GC heap after
{Heap after GC invocations=12 (full 0):
 garbage-first heap   total 294912K, used 132828K [0x0000000704e00000, 0x0000000800000000)
  region size 2048K, 7 young (14336K), 7 survivors (14336K)
 Metaspace       used 29073K, committed 29440K, reserved 1114112K
  class space    used 3218K, committed 3392K, reserved 1048576K
}
Event: 17.422 GC heap before
{Heap before GC invocations=12 (full 0):
 garbage-first heap   total 294912K, used 212700K [0x0000000704e00000, 0x0000000800000000)
  region size 2048K, 46 young (94208K), 7 survivors (14336K)
 Metaspace       used 29100K, committed 29440K, reserved 1114112K
  class space    used 3221K, committed 3392K, reserved 1048576K
}
Event: 17.442 GC heap after
{Heap after GC invocations=13 (full 0):
 garbage-first heap   total 294912K, used 152814K [0x0000000704e00000, 0x0000000800000000)
  region size 2048K, 6 young (12288K), 6 survivors (12288K)
 Metaspace       used 29100K, committed 29440K, reserved 1114112K
  class space    used 3221K, committed 3392K, reserved 1048576K
}
Event: 17.721 GC heap before
{Heap before GC invocations=13 (full 0):
 garbage-first heap   total 294912K, used 218350K [0x0000000704e00000, 0x0000000800000000)
  region size 2048K, 38 young (77824K), 6 survivors (12288K)
 Metaspace       used 29111K, committed 29440K, reserved 1114112K
  class space    used 3221K, committed 3392K, reserved 1048576K
}
Event: 17.738 GC heap after
{Heap after GC invocations=14 (full 0):
 garbage-first heap   total 294912K, used 170462K [0x0000000704e00000, 0x0000000800000000)
  region size 2048K, 5 young (10240K), 5 survivors (10240K)
 Metaspace       used 29111K, committed 29440K, reserved 1114112K
  class space    used 3221K, committed 3392K, reserved 1048576K
}
Event: 18.094 GC heap before
{Heap before GC invocations=15 (full 0):
 garbage-first heap   total 321536K, used 221662K [0x0000000704e00000, 0x0000000800000000)
  region size 2048K, 31 young (63488K), 5 survivors (10240K)
 Metaspace       used 29112K, committed 29504K, reserved 1114112K
  class space    used 3222K, committed 3392K, reserved 1048576K
}
Event: 18.106 GC heap after
{Heap after GC invocations=16 (full 0):
 garbage-first heap   total 321536K, used 183400K [0x0000000704e00000, 0x0000000800000000)
  region size 2048K, 4 young (8192K), 4 survivors (8192K)
 Metaspace       used 29112K, committed 29504K, reserved 1114112K
  class space    used 3222K, committed 3392K, reserved 1048576K
}
Event: 18.143 GC heap before
{Heap before GC invocations=16 (full 0):
 garbage-first heap   total 321536K, used 189544K [0x0000000704e00000, 0x0000000800000000)
  region size 2048K, 7 young (14336K), 4 survivors (8192K)
 Metaspace       used 29112K, committed 29504K, reserved 1114112K
  class space    used 3222K, committed 3392K, reserved 1048576K
}
Event: 18.149 GC heap after
{Heap after GC invocations=17 (full 0):
 garbage-first heap   total 415744K, used 186791K [0x0000000704e00000, 0x0000000800000000)
  region size 2048K, 1 young (2048K), 1 survivors (2048K)
 Metaspace       used 29112K, committed 29504K, reserved 1114112K
  class space    used 3222K, committed 3392K, reserved 1048576K
}
Event: 18.414 GC heap before
{Heap before GC invocations=17 (full 0):
 garbage-first heap   total 415744K, used 199079K [0x0000000704e00000, 0x0000000800000000)
  region size 2048K, 8 young (16384K), 1 survivors (2048K)
 Metaspace       used 29312K, committed 29696K, reserved 1114112K
  class space    used 3253K, committed 3456K, reserved 1048576K
}
Event: 18.420 GC heap after
{Heap after GC invocations=18 (full 0):
 garbage-first heap   total 415744K, used 189849K [0x0000000704e00000, 0x0000000800000000)
  region size 2048K, 3 young (6144K), 3 survivors (6144K)
 Metaspace       used 29312K, committed 29696K, reserved 1114112K
  class space    used 3253K, committed 3456K, reserved 1048576K
}
Event: 19.390 GC heap before
{Heap before GC invocations=18 (full 0):
 garbage-first heap   total 415744K, used 302489K [0x0000000704e00000, 0x0000000800000000)
  region size 2048K, 57 young (116736K), 3 survivors (6144K)
 Metaspace       used 30098K, committed 30464K, reserved 1114112K
  class space    used 3316K, committed 3456K, reserved 1048576K
}
Event: 19.408 GC heap after
{Heap after GC invocations=19 (full 0):
 garbage-first heap   total 415744K, used 222157K [0x0000000704e00000, 0x0000000800000000)
  region size 2048K, 8 young (16384K), 8 survivors (16384K)
 Metaspace       used 30098K, committed 30464K, reserved 1114112K
  class space    used 3316K, committed 3456K, reserved 1048576K
}
Event: 20.056 GC heap before
{Heap before GC invocations=19 (full 0):
 garbage-first heap   total 415744K, used 312269K [0x0000000704e00000, 0x0000000800000000)
  region size 2048K, 52 young (106496K), 8 survivors (16384K)
 Metaspace       used 30306K, committed 30656K, reserved 1114112K
  class space    used 3318K, committed 3456K, reserved 1048576K
}
Event: 20.087 GC heap after
{Heap after GC invocations=20 (full 0):
 garbage-first heap   total 415744K, used 237144K [0x0000000704e00000, 0x0000000800000000)
  region size 2048K, 7 young (14336K), 7 survivors (14336K)
 Metaspace       used 30306K, committed 30656K, reserved 1114112K
  class space    used 3318K, committed 3456K, reserved 1048576K
}
Event: 20.828 GC heap before
{Heap before GC invocations=21 (full 0):
 garbage-first heap   total 428032K, used 323160K [0x0000000704e00000, 0x0000000800000000)
  region size 2048K, 49 young (100352K), 7 survivors (14336K)
 Metaspace       used 30517K, committed 30912K, reserved 1114112K
  class space    used 3329K, committed 3520K, reserved 1048576K
}
Event: 20.850 GC heap after
{Heap after GC invocations=22 (full 0):
 garbage-first heap   total 428032K, used 248064K [0x0000000704e00000, 0x0000000800000000)
  region size 2048K, 6 young (12288K), 6 survivors (12288K)
 Metaspace       used 30517K, committed 30912K, reserved 1114112K
  class space    used 3329K, committed 3520K, reserved 1048576K
}
Event: 20.918 GC heap before
{Heap before GC invocations=22 (full 0):
 garbage-first heap   total 428032K, used 256256K [0x0000000704e00000, 0x0000000800000000)
  region size 2048K, 10 young (20480K), 6 survivors (12288K)
 Metaspace       used 30583K, committed 30976K, reserved 1114112K
  class space    used 3329K, committed 3520K, reserved 1048576K
}

